2024-05-02 15:52:50,572 INFO o.s.b.StartupInfoLogger [main] Starting Xx2Application using Java 17.0.6 with PID 308 (D:\SYNRGY\Chapter4\xx2\xx2\target\classes started by mahes in D:\SYNRGY\Chapter4\xx2\xx2)
2024-05-02 15:52:50,576 INFO o.s.b.SpringApplication [main] No active profile set, falling back to 1 default profile: "default"
2024-05-02 15:52:51,325 INFO o.s.d.r.c.RepositoryConfigurationDelegate [main] Bootstrapping Spring Data JPA repositories in DEFAULT mode.
2024-05-02 15:52:51,357 INFO o.s.d.r.c.RepositoryConfigurationDelegate [main] Finished Spring Data repository scanning in 18 ms. Found 0 JPA repository interfaces.
2024-05-02 15:52:51,966 INFO o.s.b.w.e.t.TomcatWebServer [main] Tomcat initialized with port 8080 (http)
2024-05-02 15:52:51,977 INFO o.a.j.l.DirectJDKLog [main] Initializing ProtocolHandler ["http-nio-8080"]
2024-05-02 15:52:51,980 INFO o.a.j.l.DirectJDKLog [main] Starting service [Tomcat]
2024-05-02 15:52:51,981 INFO o.a.j.l.DirectJDKLog [main] Starting Servlet engine: [Apache Tomcat/10.1.20]
2024-05-02 15:52:52,049 INFO o.a.j.l.DirectJDKLog [main] Initializing Spring embedded WebApplicationContext
2024-05-02 15:52:52,050 INFO o.s.b.w.s.c.ServletWebServerApplicationContext [main] Root WebApplicationContext: initialization completed in 1416 ms
2024-05-02 15:52:52,203 INFO c.z.h.HikariDataSource [main] HikariPool-1 - Starting...
2024-05-02 15:52:52,421 INFO c.z.h.p.HikariPool [main] HikariPool-1 - Added connection org.postgresql.jdbc.PgConnection@4f379769
2024-05-02 15:52:52,424 INFO c.z.h.HikariDataSource [main] HikariPool-1 - Start completed.
2024-05-02 15:52:52,480 INFO o.h.j.i.u.LogHelper [main] HHH000204: Processing PersistenceUnitInfo [name: default]
2024-05-02 15:52:52,536 INFO o.h.Version [main] HHH000412: Hibernate ORM core version 6.4.4.Final
2024-05-02 15:52:52,585 INFO o.h.c.i.RegionFactoryInitiator [main] HHH000026: Second-level cache disabled
2024-05-02 15:52:52,888 INFO o.s.o.j.p.SpringPersistenceUnitInfo [main] No LoadTimeWeaver setup: ignoring JPA class transformer
2024-05-02 15:52:53,361 INFO o.h.e.t.j.p.i.JtaPlatformInitiator [main] HHH000489: No JTA platform available (set 'hibernate.transaction.jta.platform' to enable JTA platform integration)
2024-05-02 15:52:53,365 INFO o.s.o.j.AbstractEntityManagerFactoryBean [main] Initialized JPA EntityManagerFactory for persistence unit 'default'
2024-05-02 15:52:53,410 WARN o.s.b.a.o.j.JpaBaseConfiguration$JpaWebConfiguration [main] spring.jpa.open-in-view is enabled by default. Therefore, database queries may be performed during view rendering. Explicitly configure spring.jpa.open-in-view to disable this warning
2024-05-02 15:52:53,781 INFO o.a.j.l.DirectJDKLog [main] Starting ProtocolHandler ["http-nio-8080"]
2024-05-02 15:52:53,802 INFO o.s.b.w.e.t.TomcatWebServer [main] Tomcat started on port 8080 (http) with context path ''
2024-05-02 15:52:53,815 INFO o.s.b.StartupInfoLogger [main] Started Xx2Application in 3.925 seconds (process running for 4.452)
2024-05-02 15:52:53,819 INFO c.e.x.c.HomeController [main] Info
2024-05-02 15:52:53,819 WARN c.e.x.c.HomeController [main] Warn
2024-05-02 15:52:53,819 ERROR c.e.x.c.HomeController [main] Error
