2024-05-03 09:25:50,134 INFO o.s.b.StartupInfoLogger [main] Starting Xx2Application using Java 17.0.6 with PID 18740 (D:\SYNRGY\Chapter4\xx2\xx2\target\classes started by mahes in D:\SYNRGY\Chapter4\xx2\xx2)
2024-05-03 09:25:50,138 INFO o.s.b.SpringApplication [main] No active profile set, falling back to 1 default profile: "default"
2024-05-03 09:25:50,824 INFO o.s.d.r.c.RepositoryConfigurationDelegate [main] Bootstrapping Spring Data JPA repositories in DEFAULT mode.
2024-05-03 09:25:50,849 INFO o.s.d.r.c.RepositoryConfigurationDelegate [main] Finished Spring Data repository scanning in 16 ms. Found 0 JPA repository interfaces.
2024-05-03 09:25:51,432 INFO o.s.b.w.e.t.TomcatWebServer [main] Tomcat initialized with port 8080 (http)
2024-05-03 09:25:51,443 INFO o.a.j.l.DirectJDKLog [main] Initializing ProtocolHandler ["http-nio-8080"]
2024-05-03 09:25:51,447 INFO o.a.j.l.DirectJDKLog [main] Starting service [Tomcat]
2024-05-03 09:25:51,447 INFO o.a.j.l.DirectJDKLog [main] Starting Servlet engine: [Apache Tomcat/10.1.20]
2024-05-03 09:25:51,516 INFO o.a.j.l.DirectJDKLog [main] Initializing Spring embedded WebApplicationContext
2024-05-03 09:25:51,517 INFO o.s.b.w.s.c.ServletWebServerApplicationContext [main] Root WebApplicationContext: initialization completed in 1325 ms
2024-05-03 09:25:51,645 INFO c.z.h.HikariDataSource [main] HikariPool-1 - Starting...
2024-05-03 09:25:51,855 INFO c.z.h.p.HikariPool [main] HikariPool-1 - Added connection org.postgresql.jdbc.PgConnection@1c57f6b2
2024-05-03 09:25:51,858 INFO c.z.h.HikariDataSource [main] HikariPool-1 - Start completed.
2024-05-03 09:25:51,900 INFO o.h.j.i.u.LogHelper [main] HHH000204: Processing PersistenceUnitInfo [name: default]
2024-05-03 09:25:51,972 INFO o.h.Version [main] HHH000412: Hibernate ORM core version 6.4.4.Final
2024-05-03 09:25:52,024 INFO o.h.c.i.RegionFactoryInitiator [main] HHH000026: Second-level cache disabled
2024-05-03 09:25:52,318 INFO o.s.o.j.p.SpringPersistenceUnitInfo [main] No LoadTimeWeaver setup: ignoring JPA class transformer
2024-05-03 09:25:53,259 INFO o.h.e.t.j.p.i.JtaPlatformInitiator [main] HHH000489: No JTA platform available (set 'hibernate.transaction.jta.platform' to enable JTA platform integration)
2024-05-03 09:25:53,263 INFO o.s.o.j.AbstractEntityManagerFactoryBean [main] Initialized JPA EntityManagerFactory for persistence unit 'default'
2024-05-03 09:25:53,311 WARN o.s.b.a.o.j.JpaBaseConfiguration$JpaWebConfiguration [main] spring.jpa.open-in-view is enabled by default. Therefore, database queries may be performed during view rendering. Explicitly configure spring.jpa.open-in-view to disable this warning
2024-05-03 09:25:53,665 INFO o.a.j.l.DirectJDKLog [main] Starting ProtocolHandler ["http-nio-8080"]
2024-05-03 09:25:53,698 INFO o.s.b.w.e.t.TomcatWebServer [main] Tomcat started on port 8080 (http) with context path ''
2024-05-03 09:25:53,708 INFO o.s.b.StartupInfoLogger [main] Started Xx2Application in 4.172 seconds (process running for 4.628)
2024-05-03 09:25:53,711 INFO c.e.x.c.HomeController [main] Info
2024-05-03 09:25:53,712 WARN c.e.x.c.HomeController [main] Warn
2024-05-03 09:25:53,712 ERROR c.e.x.c.HomeController [main] Error
2024-05-03 09:46:11,443 WARN c.z.h.p.HikariPool$HouseKeeper [HikariPool-1 housekeeper] HikariPool-1 - Thread starvation or clock leap detected (housekeeper delta=2m49s226ms989µs100ns).
2024-05-03 10:04:46,040 WARN c.z.h.p.HikariPool$HouseKeeper [HikariPool-1 housekeeper] HikariPool-1 - Thread starvation or clock leap detected (housekeeper delta=8m34s429ms572µs200ns).
2024-05-03 11:49:30,649 WARN c.z.h.p.HikariPool$HouseKeeper [HikariPool-1 housekeeper] HikariPool-1 - Thread starvation or clock leap detected (housekeeper delta=21m13s261ms5µs700ns).
2024-05-03 11:49:43,064 INFO o.s.o.j.AbstractEntityManagerFactoryBean [SpringApplicationShutdownHook] Closing JPA EntityManagerFactory for persistence unit 'default'
2024-05-03 11:49:43,099 INFO c.z.h.HikariDataSource [SpringApplicationShutdownHook] HikariPool-1 - Shutdown initiated...
2024-05-03 11:49:43,105 INFO c.z.h.HikariDataSource [SpringApplicationShutdownHook] HikariPool-1 - Shutdown completed.
