2024-06-30 20:17:59,477 INFO o.s.b.StartupInfoLogger [main] Starting Xx2Application using Java 17.0.6 with PID 21844 (D:\SYNRGY\Challenge\F-BJV24001115-synergy7-mah-binfood-ch8\target\classes started by mahes in D:\SYNRGY\Challenge\F-BJV24001115-synergy7-mah-binfood-ch8)
2024-06-30 20:17:59,489 INFO o.s.b.SpringApplication [main] No active profile set, falling back to 1 default profile: "default"
2024-06-30 20:18:00,968 INFO o.s.d.r.c.RepositoryConfigurationDelegate [main] Bootstrapping Spring Data JPA repositories in DEFAULT mode.
2024-06-30 20:18:01,102 INFO o.s.d.r.c.RepositoryConfigurationDelegate [main] Finished Spring Data repository scanning in 122 ms. Found 6 JPA repository interfaces.
2024-06-30 20:18:02,190 INFO o.s.b.w.e.t.TomcatWebServer [main] Tomcat initialized with port 8080 (http)
2024-06-30 20:18:02,205 INFO o.a.j.l.DirectJDKLog [main] Initializing ProtocolHandler ["http-nio-8080"]
2024-06-30 20:18:02,213 INFO o.a.j.l.DirectJDKLog [main] Starting service [Tomcat]
2024-06-30 20:18:02,213 INFO o.a.j.l.DirectJDKLog [main] Starting Servlet engine: [Apache Tomcat/10.1.20]
2024-06-30 20:18:02,366 INFO o.a.j.l.DirectJDKLog [main] Initializing Spring embedded WebApplicationContext
2024-06-30 20:18:02,366 INFO o.s.b.w.s.c.ServletWebServerApplicationContext [main] Root WebApplicationContext: initialization completed in 2811 ms
2024-06-30 20:18:02,578 INFO o.h.j.i.u.LogHelper [main] HHH000204: Processing PersistenceUnitInfo [name: default]
2024-06-30 20:18:02,673 INFO o.h.Version [main] HHH000412: Hibernate ORM core version 6.4.4.Final
2024-06-30 20:18:02,729 INFO o.h.c.i.RegionFactoryInitiator [main] HHH000026: Second-level cache disabled
2024-06-30 20:18:03,067 INFO o.s.o.j.p.SpringPersistenceUnitInfo [main] No LoadTimeWeaver setup: ignoring JPA class transformer
2024-06-30 20:18:03,098 INFO c.z.h.HikariDataSource [main] HikariPool-1 - Starting...
2024-06-30 20:18:03,398 INFO c.z.h.p.HikariPool [main] HikariPool-1 - Added connection org.postgresql.jdbc.PgConnection@2c2aab92
2024-06-30 20:18:03,398 INFO c.z.h.HikariDataSource [main] HikariPool-1 - Start completed.
2024-06-30 20:18:03,508 WARN o.h.e.j.d.i.DialectFactoryImpl [main] HHH90000025: PostgreSQLDialect does not need to be specified explicitly using 'hibernate.dialect' (remove the property setting and it will be selected by default)
2024-06-30 20:18:04,967 INFO o.h.e.t.j.p.i.JtaPlatformInitiator [main] HHH000489: No JTA platform available (set 'hibernate.transaction.jta.platform' to enable JTA platform integration)
2024-06-30 20:18:05,283 INFO o.s.o.j.AbstractEntityManagerFactoryBean [main] Initialized JPA EntityManagerFactory for persistence unit 'default'
2024-06-30 20:18:06,887 INFO o.s.d.j.r.q.QueryEnhancerFactory [main] Hibernate is in classpath; If applicable, HQL parser will be used.
2024-06-30 20:18:08,346 INFO c.e.x.i.FCMInitializer [main] Firebase application has been initialized
2024-06-30 20:18:08,741 WARN o.s.b.a.o.j.JpaBaseConfiguration$JpaWebConfiguration [main] spring.jpa.open-in-view is enabled by default. Therefore, database queries may be performed during view rendering. Explicitly configure spring.jpa.open-in-view to disable this warning
2024-06-30 20:18:10,128 INFO o.s.s.w.DefaultSecurityFilterChain [main] Will secure any request with [org.springframework.security.web.session.DisableEncodeUrlFilter@79d31e24, org.springframework.security.web.context.request.async.WebAsyncManagerIntegrationFilter@f243d5c, org.springframework.security.web.context.SecurityContextHolderFilter@6a8b94b2, org.springframework.security.web.header.HeaderWriterFilter@5d59ad49, org.springframework.web.filter.CorsFilter@45a0ba61, org.springframework.security.web.authentication.logout.LogoutFilter@1694cbc, org.springframework.security.oauth2.client.web.OAuth2AuthorizationRequestRedirectFilter@33317d26, org.springframework.security.oauth2.client.web.OAuth2LoginAuthenticationFilter@4ae45ff, com.example.xx2.security.jwt.JwtAuthTokenFilter@1f5a1ad4, org.springframework.security.web.authentication.UsernamePasswordAuthenticationFilter@4df3b838, org.springframework.security.web.authentication.ui.DefaultLoginPageGeneratingFilter@71d4b83b, org.springframework.security.web.authentication.ui.DefaultLogoutPageGeneratingFilter@3a69c81e, org.springframework.security.web.savedrequest.RequestCacheAwareFilter@795ef208, org.springframework.security.web.servletapi.SecurityContextHolderAwareRequestFilter@673d73da, org.springframework.security.web.authentication.AnonymousAuthenticationFilter@5b2ac349, org.springframework.security.web.session.SessionManagementFilter@1ac32da1, org.springframework.security.web.access.ExceptionTranslationFilter@1eaf95d2, org.springframework.security.web.access.intercept.AuthorizationFilter@7b3489b7]
2024-06-30 20:18:11,261 INFO o.a.j.l.DirectJDKLog [main] Starting ProtocolHandler ["http-nio-8080"]
2024-06-30 20:18:11,332 INFO o.s.b.w.e.t.TomcatWebServer [main] Tomcat started on port 8080 (http) with context path ''
2024-06-30 20:18:11,361 INFO o.s.b.StartupInfoLogger [main] Started Xx2Application in 12.729 seconds (process running for 13.797)
2024-06-30 20:18:58,231 INFO o.s.o.j.AbstractEntityManagerFactoryBean [SpringApplicationShutdownHook] Closing JPA EntityManagerFactory for persistence unit 'default'
2024-06-30 20:18:58,231 INFO c.z.h.HikariDataSource [SpringApplicationShutdownHook] HikariPool-1 - Shutdown initiated...
2024-06-30 20:18:58,253 INFO c.z.h.HikariDataSource [SpringApplicationShutdownHook] HikariPool-1 - Shutdown completed.
