#
# There is insufficient memory for the Java Runtime Environment to continue.
# Native memory allocation (malloc) failed to allocate 801936 bytes for Chunk::new
# Possible reasons:
#   The system is out of physical RAM or swap space
#   The process is running with CompressedOops enabled, and the Java Heap may be blocking the growth of the native heap
# Possible solutions:
#   Reduce memory load on the system
#   Increase physical memory or swap space
#   Check if swap backing store is full
#   Decrease Java heap size (-Xmx/-Xms)
#   Decrease number of Java threads
#   Decrease Java thread stack sizes (-Xss)
#   Set larger code cache with -XX:ReservedCodeCacheSize=
#   JVM is running with Unscaled Compressed Oops mode in which the Java heap is
#     placed in the first 4GB address space. The Java Heap base address is the
#     maximum limit for the native heap growth. Please use -XX:HeapBaseMinAddress
#     to set the Java Heap base and to place the Java Heap above 4GB virtual address.
# This output file may be truncated or incomplete.
#
#  Out of Memory Error (arena.cpp:189), pid=5520, tid=22332
#
# JRE version: Java(TM) SE Runtime Environment (17.0.6+9) (build 17.0.6+9-LTS-190)
# Java VM: Java HotSpot(TM) 64-Bit Server VM (17.0.6+9-LTS-190, mixed mode, sharing, tiered, compressed oops, compressed class ptrs, g1 gc, windows-amd64)
# No core dump will be written. Minidumps are not enabled by default on client versions of Windows
#

---------------  S U M M A R Y ------------

Command Line: -javaagent:C:\Program Files\JetBrains\IntelliJ IDEA Community Edition 2022.2.3\lib\idea_rt.jar=62074:C:\Program Files\JetBrains\IntelliJ IDEA Community Edition 2022.2.3\bin -Dfile.encoding=UTF-8 com.example.apigateway.ApigatewayApplication

Host: 11th Gen Intel(R) Core(TM) i7-1165G7 @ 2.80GHz, 8 cores, 7G,  Windows 11 , 64 bit Build 22621 (10.0.22621.3527)
Time: Fri Jun 28 02:20:11 2024 SE Asia Standard Time elapsed time: 1.034879 seconds (0d 0h 0m 1s)

---------------  T H R E A D  ---------------

Current thread (0x000001c82ac21e70):  JavaThread "C2 CompilerThread0" daemon [_thread_in_native, id=22332, stack(0x000000b73e100000,0x000000b73e200000)]


Current CompileTask:
C2:   1035  829   !   4       jdk.internal.loader.URLClassPath$JarLoader::getResource (354 bytes)

Stack: [0x000000b73e100000,0x000000b73e200000]
Native frames: (J=compiled Java code, j=interpreted, Vv=VM code, C=native code)
V  [jvm.dll+0x6734ea]
V  [jvm.dll+0x7d18f4]
V  [jvm.dll+0x7d309e]
V  [jvm.dll+0x7d3703]
V  [jvm.dll+0x2433c5]
V  [jvm.dll+0xaa46b]
V  [jvm.dll+0xaaa0c]
V  [jvm.dll+0x35eadf]
V  [jvm.dll+0x329401]
V  [jvm.dll+0x32889a]
V  [jvm.dll+0x215ddf]
V  [jvm.dll+0x215211]
V  [jvm.dll+0x1a1730]
V  [jvm.dll+0x224b6e]
V  [jvm.dll+0x222f15]
V  [jvm.dll+0x78753c]
V  [jvm.dll+0x781a7a]
V  [jvm.dll+0x672375]
C  [ucrtbase.dll+0x29333]
C  [KERNEL32.DLL+0x1257d]
C  [ntdll.dll+0x5aa48]


---------------  P R O C E S S  ---------------

Threads class SMR info:
_java_thread_list=0x000001c82b9ef0c0, length=13, elements={
0x000001c80cbef1f0, 0x000001c82abf3b30, 0x000001c82abf56f0, 0x000001c82ac0a050,
0x000001c82ac0ac00, 0x000001c82ac0f5d0, 0x000001c82ac0ff80, 0x000001c82ac21e70,
0x000001c82ac22910, 0x000001c82ac23710, 0x000001c82b8afd90, 0x000001c82ba8c250,
0x000001c82bd05f80
}

Java Threads: ( => current thread )
  0x000001c80cbef1f0 JavaThread "main" [_thread_in_vm, id=23728, stack(0x000000b73d400000,0x000000b73d500000)]
  0x000001c82abf3b30 JavaThread "Reference Handler" daemon [_thread_blocked, id=15808, stack(0x000000b73db00000,0x000000b73dc00000)]
  0x000001c82abf56f0 JavaThread "Finalizer" daemon [_thread_blocked, id=16568, stack(0x000000b73dc00000,0x000000b73dd00000)]
  0x000001c82ac0a050 JavaThread "Signal Dispatcher" daemon [_thread_blocked, id=15708, stack(0x000000b73dd00000,0x000000b73de00000)]
  0x000001c82ac0ac00 JavaThread "Attach Listener" daemon [_thread_blocked, id=13080, stack(0x000000b73de00000,0x000000b73df00000)]
  0x000001c82ac0f5d0 JavaThread "Service Thread" daemon [_thread_blocked, id=18556, stack(0x000000b73df00000,0x000000b73e000000)]
  0x000001c82ac0ff80 JavaThread "Monitor Deflation Thread" daemon [_thread_blocked, id=11084, stack(0x000000b73e000000,0x000000b73e100000)]
=>0x000001c82ac21e70 JavaThread "C2 CompilerThread0" daemon [_thread_in_native, id=22332, stack(0x000000b73e100000,0x000000b73e200000)]
  0x000001c82ac22910 JavaThread "C1 CompilerThread0" daemon [_thread_in_native, id=3960, stack(0x000000b73e200000,0x000000b73e300000)]
  0x000001c82ac23710 JavaThread "Sweeper thread" daemon [_thread_blocked, id=15744, stack(0x000000b73e300000,0x000000b73e400000)]
  0x000001c82b8afd90 JavaThread "Common-Cleaner" daemon [_thread_blocked, id=21200, stack(0x000000b73e400000,0x000000b73e500000)]
  0x000001c82ba8c250 JavaThread "Monitor Ctrl-Break" daemon [_thread_in_native, id=23692, stack(0x000000b73e500000,0x000000b73e600000)]
  0x000001c82bd05f80 JavaThread "Notification Thread" daemon [_thread_blocked, id=6100, stack(0x000000b73e600000,0x000000b73e700000)]

Other Threads:
  0x000001c82abedc90 VMThread "VM Thread" [stack: 0x000000b73da00000,0x000000b73db00000] [id=14888]
  0x000001c80cc68880 WatcherThread [stack: 0x000000b73e700000,0x000000b73e800000] [id=19868]
  0x000001c80cc49000 GCTaskThread "GC Thread#0" [stack: 0x000000b73d500000,0x000000b73d600000] [id=14788]
  0x000001c80cc5bd20 ConcurrentGCThread "G1 Main Marker" [stack: 0x000000b73d600000,0x000000b73d700000] [id=12032]
  0x000001c80cc5c730 ConcurrentGCThread "G1 Conc#0" [stack: 0x000000b73d700000,0x000000b73d800000] [id=13824]
  0x000001c80ccaec10 ConcurrentGCThread "G1 Refine#0" [stack: 0x000000b73d800000,0x000000b73d900000] [id=22624]
  0x000001c82aaacc50 ConcurrentGCThread "G1 Service" [stack: 0x000000b73d900000,0x000000b73da00000] [id=24684]

Threads with active compile tasks:
C2 CompilerThread0     1083  829   !   4       jdk.internal.loader.URLClassPath$JarLoader::getResource (354 bytes)
C1 CompilerThread0     1083  939   !   3       jdk.internal.loader.Resource::getBytes (244 bytes)

VM state: not at safepoint (normal execution)

VM Mutex/Monitor currently owned by a thread:  ([mutex/lock_event])
[0x000001c80cbeaed0] MethodData_lock - owner thread: 0x0000000000000000

Heap address: 0x0000000083200000, size: 1998 MB, Compressed Oops mode: 32-bit

CDS archive(s) mapped at: [0x0000000800000000-0x0000000800bd0000-0x0000000800bd0000), size 12386304, SharedBaseAddress: 0x0000000800000000, ArchiveRelocationMode: 0.
Compressed class space mapped at: 0x0000000800c00000-0x0000000840c00000, reserved size: 1073741824
Narrow klass base: 0x0000000800000000, Narrow klass shift: 0, Narrow klass range: 0x100000000

GC Precious Log:
 CPUs: 8 total, 8 available
 Memory: 7991M
 Large Page Support: Disabled
 NUMA Support: Disabled
 Compressed Oops: Enabled (32-bit)
 Heap Region Size: 1M
 Heap Min Capacity: 8M
 Heap Initial Capacity: 126M
 Heap Max Capacity: 1998M
 Pre-touch: Disabled
 Parallel Workers: 8
 Concurrent Workers: 2
 Concurrent Refinement Workers: 8
 Periodic GC: Disabled

Heap:
 garbage-first heap   total 129024K, used 20480K [0x0000000083200000, 0x0000000100000000)
  region size 1024K, 19 young (19456K), 0 survivors (0K)
 Metaspace       used 4582K, committed 4800K, reserved 1056768K
  class space    used 510K, committed 640K, reserved 1048576K

Heap Regions: E=young(eden), S=young(survivor), O=old, HS=humongous(starts), HC=humongous(continues), CS=collection set, F=free, OA=open archive, CA=closed archive, TAMS=top-at-mark-start (previous, next)
|   0|0x0000000083200000, 0x0000000083300000, 0x0000000083300000|100%|HS|  |TAMS 0x0000000083200000, 0x0000000083200000| Complete 
|   1|0x0000000083300000, 0x0000000083400000, 0x0000000083400000|100%|HS|  |TAMS 0x0000000083300000, 0x0000000083300000| Complete 
|   2|0x0000000083400000, 0x0000000083400000, 0x0000000083500000|  0%| F|  |TAMS 0x0000000083400000, 0x0000000083400000| Untracked 
|   3|0x0000000083500000, 0x0000000083500000, 0x0000000083600000|  0%| F|  |TAMS 0x0000000083500000, 0x0000000083500000| Untracked 
|   4|0x0000000083600000, 0x0000000083600000, 0x0000000083700000|  0%| F|  |TAMS 0x0000000083600000, 0x0000000083600000| Untracked 
|   5|0x0000000083700000, 0x0000000083700000, 0x0000000083800000|  0%| F|  |TAMS 0x0000000083700000, 0x0000000083700000| Untracked 
|   6|0x0000000083800000, 0x0000000083800000, 0x0000000083900000|  0%| F|  |TAMS 0x0000000083800000, 0x0000000083800000| Untracked 
|   7|0x0000000083900000, 0x0000000083900000, 0x0000000083a00000|  0%| F|  |TAMS 0x0000000083900000, 0x0000000083900000| Untracked 
|   8|0x0000000083a00000, 0x0000000083a00000, 0x0000000083b00000|  0%| F|  |TAMS 0x0000000083a00000, 0x0000000083a00000| Untracked 
|   9|0x0000000083b00000, 0x0000000083b00000, 0x0000000083c00000|  0%| F|  |TAMS 0x0000000083b00000, 0x0000000083b00000| Untracked 
|  10|0x0000000083c00000, 0x0000000083c00000, 0x0000000083d00000|  0%| F|  |TAMS 0x0000000083c00000, 0x0000000083c00000| Untracked 
|  11|0x0000000083d00000, 0x0000000083d00000, 0x0000000083e00000|  0%| F|  |TAMS 0x0000000083d00000, 0x0000000083d00000| Untracked 
|  12|0x0000000083e00000, 0x0000000083e00000, 0x0000000083f00000|  0%| F|  |TAMS 0x0000000083e00000, 0x0000000083e00000| Untracked 
|  13|0x0000000083f00000, 0x0000000083f00000, 0x0000000084000000|  0%| F|  |TAMS 0x0000000083f00000, 0x0000000083f00000| Untracked 
|  14|0x0000000084000000, 0x0000000084000000, 0x0000000084100000|  0%| F|  |TAMS 0x0000000084000000, 0x0000000084000000| Untracked 
|  15|0x0000000084100000, 0x0000000084100000, 0x0000000084200000|  0%| F|  |TAMS 0x0000000084100000, 0x0000000084100000| Untracked 
|  16|0x0000000084200000, 0x0000000084200000, 0x0000000084300000|  0%| F|  |TAMS 0x0000000084200000, 0x0000000084200000| Untracked 
|  17|0x0000000084300000, 0x0000000084300000, 0x0000000084400000|  0%| F|  |TAMS 0x0000000084300000, 0x0000000084300000| Untracked 
|  18|0x0000000084400000, 0x0000000084400000, 0x0000000084500000|  0%| F|  |TAMS 0x0000000084400000, 0x0000000084400000| Untracked 
|  19|0x0000000084500000, 0x0000000084500000, 0x0000000084600000|  0%| F|  |TAMS 0x0000000084500000, 0x0000000084500000| Untracked 
|  20|0x0000000084600000, 0x0000000084600000, 0x0000000084700000|  0%| F|  |TAMS 0x0000000084600000, 0x0000000084600000| Untracked 
|  21|0x0000000084700000, 0x0000000084700000, 0x0000000084800000|  0%| F|  |TAMS 0x0000000084700000, 0x0000000084700000| Untracked 
|  22|0x0000000084800000, 0x0000000084800000, 0x0000000084900000|  0%| F|  |TAMS 0x0000000084800000, 0x0000000084800000| Untracked 
|  23|0x0000000084900000, 0x0000000084900000, 0x0000000084a00000|  0%| F|  |TAMS 0x0000000084900000, 0x0000000084900000| Untracked 
|  24|0x0000000084a00000, 0x0000000084a00000, 0x0000000084b00000|  0%| F|  |TAMS 0x0000000084a00000, 0x0000000084a00000| Untracked 
|  25|0x0000000084b00000, 0x0000000084b00000, 0x0000000084c00000|  0%| F|  |TAMS 0x0000000084b00000, 0x0000000084b00000| Untracked 
|  26|0x0000000084c00000, 0x0000000084c00000, 0x0000000084d00000|  0%| F|  |TAMS 0x0000000084c00000, 0x0000000084c00000| Untracked 
|  27|0x0000000084d00000, 0x0000000084d00000, 0x0000000084e00000|  0%| F|  |TAMS 0x0000000084d00000, 0x0000000084d00000| Untracked 
|  28|0x0000000084e00000, 0x0000000084e00000, 0x0000000084f00000|  0%| F|  |TAMS 0x0000000084e00000, 0x0000000084e00000| Untracked 
|  29|0x0000000084f00000, 0x0000000084f00000, 0x0000000085000000|  0%| F|  |TAMS 0x0000000084f00000, 0x0000000084f00000| Untracked 
|  30|0x0000000085000000, 0x0000000085000000, 0x0000000085100000|  0%| F|  |TAMS 0x0000000085000000, 0x0000000085000000| Untracked 
|  31|0x0000000085100000, 0x0000000085100000, 0x0000000085200000|  0%| F|  |TAMS 0x0000000085100000, 0x0000000085100000| Untracked 
|  32|0x0000000085200000, 0x0000000085200000, 0x0000000085300000|  0%| F|  |TAMS 0x0000000085200000, 0x0000000085200000| Untracked 
|  33|0x0000000085300000, 0x0000000085300000, 0x0000000085400000|  0%| F|  |TAMS 0x0000000085300000, 0x0000000085300000| Untracked 
|  34|0x0000000085400000, 0x0000000085400000, 0x0000000085500000|  0%| F|  |TAMS 0x0000000085400000, 0x0000000085400000| Untracked 
|  35|0x0000000085500000, 0x0000000085500000, 0x0000000085600000|  0%| F|  |TAMS 0x0000000085500000, 0x0000000085500000| Untracked 
|  36|0x0000000085600000, 0x0000000085600000, 0x0000000085700000|  0%| F|  |TAMS 0x0000000085600000, 0x0000000085600000| Untracked 
|  37|0x0000000085700000, 0x0000000085700000, 0x0000000085800000|  0%| F|  |TAMS 0x0000000085700000, 0x0000000085700000| Untracked 
|  38|0x0000000085800000, 0x0000000085800000, 0x0000000085900000|  0%| F|  |TAMS 0x0000000085800000, 0x0000000085800000| Untracked 
|  39|0x0000000085900000, 0x0000000085900000, 0x0000000085a00000|  0%| F|  |TAMS 0x0000000085900000, 0x0000000085900000| Untracked 
|  40|0x0000000085a00000, 0x0000000085a00000, 0x0000000085b00000|  0%| F|  |TAMS 0x0000000085a00000, 0x0000000085a00000| Untracked 
|  41|0x0000000085b00000, 0x0000000085b00000, 0x0000000085c00000|  0%| F|  |TAMS 0x0000000085b00000, 0x0000000085b00000| Untracked 
|  42|0x0000000085c00000, 0x0000000085c00000, 0x0000000085d00000|  0%| F|  |TAMS 0x0000000085c00000, 0x0000000085c00000| Untracked 
|  43|0x0000000085d00000, 0x0000000085d00000, 0x0000000085e00000|  0%| F|  |TAMS 0x0000000085d00000, 0x0000000085d00000| Untracked 
|  44|0x0000000085e00000, 0x0000000085e00000, 0x0000000085f00000|  0%| F|  |TAMS 0x0000000085e00000, 0x0000000085e00000| Untracked 
|  45|0x0000000085f00000, 0x0000000085f00000, 0x0000000086000000|  0%| F|  |TAMS 0x0000000085f00000, 0x0000000085f00000| Untracked 
|  46|0x0000000086000000, 0x0000000086000000, 0x0000000086100000|  0%| F|  |TAMS 0x0000000086000000, 0x0000000086000000| Untracked 
|  47|0x0000000086100000, 0x0000000086100000, 0x0000000086200000|  0%| F|  |TAMS 0x0000000086100000, 0x0000000086100000| Untracked 
|  48|0x0000000086200000, 0x0000000086200000, 0x0000000086300000|  0%| F|  |TAMS 0x0000000086200000, 0x0000000086200000| Untracked 
|  49|0x0000000086300000, 0x0000000086300000, 0x0000000086400000|  0%| F|  |TAMS 0x0000000086300000, 0x0000000086300000| Untracked 
|  50|0x0000000086400000, 0x0000000086400000, 0x0000000086500000|  0%| F|  |TAMS 0x0000000086400000, 0x0000000086400000| Untracked 
|  51|0x0000000086500000, 0x0000000086500000, 0x0000000086600000|  0%| F|  |TAMS 0x0000000086500000, 0x0000000086500000| Untracked 
|  52|0x0000000086600000, 0x0000000086600000, 0x0000000086700000|  0%| F|  |TAMS 0x0000000086600000, 0x0000000086600000| Untracked 
|  53|0x0000000086700000, 0x0000000086700000, 0x0000000086800000|  0%| F|  |TAMS 0x0000000086700000, 0x0000000086700000| Untracked 
|  54|0x0000000086800000, 0x0000000086800000, 0x0000000086900000|  0%| F|  |TAMS 0x0000000086800000, 0x0000000086800000| Untracked 
|  55|0x0000000086900000, 0x0000000086900000, 0x0000000086a00000|  0%| F|  |TAMS 0x0000000086900000, 0x0000000086900000| Untracked 
|  56|0x0000000086a00000, 0x0000000086a00000, 0x0000000086b00000|  0%| F|  |TAMS 0x0000000086a00000, 0x0000000086a00000| Untracked 
|  57|0x0000000086b00000, 0x0000000086b00000, 0x0000000086c00000|  0%| F|  |TAMS 0x0000000086b00000, 0x0000000086b00000| Untracked 
|  58|0x0000000086c00000, 0x0000000086c00000, 0x0000000086d00000|  0%| F|  |TAMS 0x0000000086c00000, 0x0000000086c00000| Untracked 
|  59|0x0000000086d00000, 0x0000000086d00000, 0x0000000086e00000|  0%| F|  |TAMS 0x0000000086d00000, 0x0000000086d00000| Untracked 
|  60|0x0000000086e00000, 0x0000000086e00000, 0x0000000086f00000|  0%| F|  |TAMS 0x0000000086e00000, 0x0000000086e00000| Untracked 
|  61|0x0000000086f00000, 0x0000000086f00000, 0x0000000087000000|  0%| F|  |TAMS 0x0000000086f00000, 0x0000000086f00000| Untracked 
|  62|0x0000000087000000, 0x0000000087000000, 0x0000000087100000|  0%| F|  |TAMS 0x0000000087000000, 0x0000000087000000| Untracked 
|  63|0x0000000087100000, 0x0000000087100000, 0x0000000087200000|  0%| F|  |TAMS 0x0000000087100000, 0x0000000087100000| Untracked 
|  64|0x0000000087200000, 0x0000000087200000, 0x0000000087300000|  0%| F|  |TAMS 0x0000000087200000, 0x0000000087200000| Untracked 
|  65|0x0000000087300000, 0x0000000087300000, 0x0000000087400000|  0%| F|  |TAMS 0x0000000087300000, 0x0000000087300000| Untracked 
|  66|0x0000000087400000, 0x0000000087400000, 0x0000000087500000|  0%| F|  |TAMS 0x0000000087400000, 0x0000000087400000| Untracked 
|  67|0x0000000087500000, 0x0000000087500000, 0x0000000087600000|  0%| F|  |TAMS 0x0000000087500000, 0x0000000087500000| Untracked 
|  68|0x0000000087600000, 0x0000000087600000, 0x0000000087700000|  0%| F|  |TAMS 0x0000000087600000, 0x0000000087600000| Untracked 
|  69|0x0000000087700000, 0x0000000087700000, 0x0000000087800000|  0%| F|  |TAMS 0x0000000087700000, 0x0000000087700000| Untracked 
|  70|0x0000000087800000, 0x0000000087800000, 0x0000000087900000|  0%| F|  |TAMS 0x0000000087800000, 0x0000000087800000| Untracked 
|  71|0x0000000087900000, 0x0000000087900000, 0x0000000087a00000|  0%| F|  |TAMS 0x0000000087900000, 0x0000000087900000| Untracked 
|  72|0x0000000087a00000, 0x0000000087a00000, 0x0000000087b00000|  0%| F|  |TAMS 0x0000000087a00000, 0x0000000087a00000| Untracked 
|  73|0x0000000087b00000, 0x0000000087b00000, 0x0000000087c00000|  0%| F|  |TAMS 0x0000000087b00000, 0x0000000087b00000| Untracked 
|  74|0x0000000087c00000, 0x0000000087c00000, 0x0000000087d00000|  0%| F|  |TAMS 0x0000000087c00000, 0x0000000087c00000| Untracked 
|  75|0x0000000087d00000, 0x0000000087d00000, 0x0000000087e00000|  0%| F|  |TAMS 0x0000000087d00000, 0x0000000087d00000| Untracked 
|  76|0x0000000087e00000, 0x0000000087e00000, 0x0000000087f00000|  0%| F|  |TAMS 0x0000000087e00000, 0x0000000087e00000| Untracked 
|  77|0x0000000087f00000, 0x0000000087f00000, 0x0000000088000000|  0%| F|  |TAMS 0x0000000087f00000, 0x0000000087f00000| Untracked 
|  78|0x0000000088000000, 0x0000000088000000, 0x0000000088100000|  0%| F|  |TAMS 0x0000000088000000, 0x0000000088000000| Untracked 
|  79|0x0000000088100000, 0x0000000088100000, 0x0000000088200000|  0%| F|  |TAMS 0x0000000088100000, 0x0000000088100000| Untracked 
|  80|0x0000000088200000, 0x0000000088200000, 0x0000000088300000|  0%| F|  |TAMS 0x0000000088200000, 0x0000000088200000| Untracked 
|  81|0x0000000088300000, 0x0000000088300000, 0x0000000088400000|  0%| F|  |TAMS 0x0000000088300000, 0x0000000088300000| Untracked 
|  82|0x0000000088400000, 0x0000000088400000, 0x0000000088500000|  0%| F|  |TAMS 0x0000000088400000, 0x0000000088400000| Untracked 
|  83|0x0000000088500000, 0x0000000088500000, 0x0000000088600000|  0%| F|  |TAMS 0x0000000088500000, 0x0000000088500000| Untracked 
|  84|0x0000000088600000, 0x0000000088600000, 0x0000000088700000|  0%| F|  |TAMS 0x0000000088600000, 0x0000000088600000| Untracked 
|  85|0x0000000088700000, 0x0000000088700000, 0x0000000088800000|  0%| F|  |TAMS 0x0000000088700000, 0x0000000088700000| Untracked 
|  86|0x0000000088800000, 0x0000000088800000, 0x0000000088900000|  0%| F|  |TAMS 0x0000000088800000, 0x0000000088800000| Untracked 
|  87|0x0000000088900000, 0x0000000088900000, 0x0000000088a00000|  0%| F|  |TAMS 0x0000000088900000, 0x0000000088900000| Untracked 
|  88|0x0000000088a00000, 0x0000000088a00000, 0x0000000088b00000|  0%| F|  |TAMS 0x0000000088a00000, 0x0000000088a00000| Untracked 
|  89|0x0000000088b00000, 0x0000000088b00000, 0x0000000088c00000|  0%| F|  |TAMS 0x0000000088b00000, 0x0000000088b00000| Untracked 
|  90|0x0000000088c00000, 0x0000000088c00000, 0x0000000088d00000|  0%| F|  |TAMS 0x0000000088c00000, 0x0000000088c00000| Untracked 
|  91|0x0000000088d00000, 0x0000000088d00000, 0x0000000088e00000|  0%| F|  |TAMS 0x0000000088d00000, 0x0000000088d00000| Untracked 
|  92|0x0000000088e00000, 0x0000000088e00000, 0x0000000088f00000|  0%| F|  |TAMS 0x0000000088e00000, 0x0000000088e00000| Untracked 
|  93|0x0000000088f00000, 0x0000000088f00000, 0x0000000089000000|  0%| F|  |TAMS 0x0000000088f00000, 0x0000000088f00000| Untracked 
|  94|0x0000000089000000, 0x0000000089000000, 0x0000000089100000|  0%| F|  |TAMS 0x0000000089000000, 0x0000000089000000| Untracked 
|  95|0x0000000089100000, 0x0000000089100000, 0x0000000089200000|  0%| F|  |TAMS 0x0000000089100000, 0x0000000089100000| Untracked 
|  96|0x0000000089200000, 0x0000000089200000, 0x0000000089300000|  0%| F|  |TAMS 0x0000000089200000, 0x0000000089200000| Untracked 
|  97|0x0000000089300000, 0x0000000089300000, 0x0000000089400000|  0%| F|  |TAMS 0x0000000089300000, 0x0000000089300000| Untracked 
|  98|0x0000000089400000, 0x0000000089400000, 0x0000000089500000|  0%| F|  |TAMS 0x0000000089400000, 0x0000000089400000| Untracked 
|  99|0x0000000089500000, 0x0000000089500000, 0x0000000089600000|  0%| F|  |TAMS 0x0000000089500000, 0x0000000089500000| Untracked 
| 100|0x0000000089600000, 0x0000000089600000, 0x0000000089700000|  0%| F|  |TAMS 0x0000000089600000, 0x0000000089600000| Untracked 
| 101|0x0000000089700000, 0x0000000089700000, 0x0000000089800000|  0%| F|  |TAMS 0x0000000089700000, 0x0000000089700000| Untracked 
| 102|0x0000000089800000, 0x0000000089800000, 0x0000000089900000|  0%| F|  |TAMS 0x0000000089800000, 0x0000000089800000| Untracked 
| 103|0x0000000089900000, 0x0000000089900000, 0x0000000089a00000|  0%| F|  |TAMS 0x0000000089900000, 0x0000000089900000| Untracked 
| 104|0x0000000089a00000, 0x0000000089a00000, 0x0000000089b00000|  0%| F|  |TAMS 0x0000000089a00000, 0x0000000089a00000| Untracked 
| 105|0x0000000089b00000, 0x0000000089b00000, 0x0000000089c00000|  0%| F|  |TAMS 0x0000000089b00000, 0x0000000089b00000| Untracked 
| 106|0x0000000089c00000, 0x0000000089c00000, 0x0000000089d00000|  0%| F|  |TAMS 0x0000000089c00000, 0x0000000089c00000| Untracked 
| 107|0x0000000089d00000, 0x0000000089df5300, 0x0000000089e00000| 95%| E|  |TAMS 0x0000000089d00000, 0x0000000089d00000| Complete 
| 108|0x0000000089e00000, 0x0000000089f00000, 0x0000000089f00000|100%| E|CS|TAMS 0x0000000089e00000, 0x0000000089e00000| Complete 
| 109|0x0000000089f00000, 0x000000008a000000, 0x000000008a000000|100%| E|CS|TAMS 0x0000000089f00000, 0x0000000089f00000| Complete 
| 110|0x000000008a000000, 0x000000008a100000, 0x000000008a100000|100%| E|CS|TAMS 0x000000008a000000, 0x000000008a000000| Complete 
| 111|0x000000008a100000, 0x000000008a200000, 0x000000008a200000|100%| E|CS|TAMS 0x000000008a100000, 0x000000008a100000| Complete 
| 112|0x000000008a200000, 0x000000008a300000, 0x000000008a300000|100%| E|CS|TAMS 0x000000008a200000, 0x000000008a200000| Complete 
| 113|0x000000008a300000, 0x000000008a400000, 0x000000008a400000|100%| E|CS|TAMS 0x000000008a300000, 0x000000008a300000| Complete 
| 114|0x000000008a400000, 0x000000008a500000, 0x000000008a500000|100%| E|CS|TAMS 0x000000008a400000, 0x000000008a400000| Complete 
| 115|0x000000008a500000, 0x000000008a600000, 0x000000008a600000|100%| E|CS|TAMS 0x000000008a500000, 0x000000008a500000| Complete 
| 116|0x000000008a600000, 0x000000008a700000, 0x000000008a700000|100%| E|CS|TAMS 0x000000008a600000, 0x000000008a600000| Complete 
| 117|0x000000008a700000, 0x000000008a800000, 0x000000008a800000|100%| E|CS|TAMS 0x000000008a700000, 0x000000008a700000| Complete 
| 118|0x000000008a800000, 0x000000008a900000, 0x000000008a900000|100%| E|CS|TAMS 0x000000008a800000, 0x000000008a800000| Complete 
| 119|0x000000008a900000, 0x000000008aa00000, 0x000000008aa00000|100%| E|CS|TAMS 0x000000008a900000, 0x000000008a900000| Complete 
| 120|0x000000008aa00000, 0x000000008ab00000, 0x000000008ab00000|100%| E|CS|TAMS 0x000000008aa00000, 0x000000008aa00000| Complete 
| 121|0x000000008ab00000, 0x000000008ac00000, 0x000000008ac00000|100%| E|CS|TAMS 0x000000008ab00000, 0x000000008ab00000| Complete 
| 122|0x000000008ac00000, 0x000000008ad00000, 0x000000008ad00000|100%| E|CS|TAMS 0x000000008ac00000, 0x000000008ac00000| Complete 
| 123|0x000000008ad00000, 0x000000008ae00000, 0x000000008ae00000|100%| E|CS|TAMS 0x000000008ad00000, 0x000000008ad00000| Complete 
| 124|0x000000008ae00000, 0x000000008af00000, 0x000000008af00000|100%| E|CS|TAMS 0x000000008ae00000, 0x000000008ae00000| Complete 
| 125|0x000000008af00000, 0x000000008b000000, 0x000000008b000000|100%| E|CS|TAMS 0x000000008af00000, 0x000000008af00000| Complete 

Card table byte_map: [0x000001c823b80000,0x000001c823f70000] _byte_map_base: 0x000001c823767000

Marking Bits (Prev, Next): (CMBitMap*) 0x000001c80cc4aa20, (CMBitMap*) 0x000001c80cc4aa60
 Prev Bits: [0x000001c824360000, 0x000001c826298000)
 Next Bits: [0x000001c8262a0000, 0x000001c8281d8000)

Polling page: 0x000001c80c3b0000

Metaspace:

Usage:
  Non-class:      4.01 MB used.
      Class:    517.13 KB used.
       Both:      4.51 MB used.

Virtual space:
  Non-class space:        8.00 MB reserved,       4.06 MB ( 51%) committed,  1 nodes.
      Class space:        1.00 GB reserved,     640.00 KB ( <1%) committed,  1 nodes.
             Both:        1.01 GB reserved,       4.69 MB ( <1%) committed. 

Chunk freelists:
   Non-Class:  2.08 MB
       Class:  3.42 MB
        Both:  5.50 MB

MaxMetaspaceSize: unlimited
CompressedClassSpaceSize: 1.00 GB
Initial GC threshold: 21.00 MB
Current GC threshold: 21.00 MB
CDS: on
MetaspaceReclaimPolicy: balanced
 - commit_granule_bytes: 65536.
 - commit_granule_words: 8192.
 - virtual_space_node_default_size: 1048576.
 - enlarge_chunks_in_place: 1.
 - new_chunks_are_fully_committed: 0.
 - uncommit_free_chunks: 1.
 - use_allocation_guard: 0.
 - handle_deallocations: 1.


Internal statistics:

num_allocs_failed_limit: 0.
num_arena_births: 96.
num_arena_deaths: 0.
num_vsnodes_births: 2.
num_vsnodes_deaths: 0.
num_space_committed: 75.
num_space_uncommitted: 0.
num_chunks_returned_to_freelist: 0.
num_chunks_taken_from_freelist: 229.
num_chunk_merges: 0.
num_chunk_splits: 133.
num_chunks_enlarged: 93.
num_purges: 0.
num_inconsistent_stats: 0.

CodeHeap 'non-profiled nmethods': size=120000Kb used=325Kb max_used=325Kb free=119674Kb
 bounds [0x000001c81bf30000, 0x000001c81c1a0000, 0x000001c823460000]
CodeHeap 'profiled nmethods': size=120000Kb used=1730Kb max_used=1730Kb free=118269Kb
 bounds [0x000001c814460000, 0x000001c8146d0000, 0x000001c81b990000]
CodeHeap 'non-nmethods': size=5760Kb used=1156Kb max_used=1175Kb free=4603Kb
 bounds [0x000001c81b990000, 0x000001c81bc00000, 0x000001c81bf30000]
 total_blobs=1370 nmethods=938 adapters=345
 compilation: enabled
              stopped_count=0, restarted_count=0
 full_count=0

Compilation events (20 events):
Event: 1.023 Thread 0x000001c82ac22910  884       3       java.lang.invoke.LambdaForm$Name::<init> (44 bytes)
Event: 1.024 Thread 0x000001c82ac22910 nmethod 884 0x000001c8145ec990 code [0x000001c8145ecba0, 0x000001c8145ed168]
Event: 1.024 Thread 0x000001c82ac22910  885       3       java.lang.invoke.LambdaForm$NamedFunction::returnType (11 bytes)
Event: 1.025 Thread 0x000001c82ac22910 nmethod 885 0x000001c8145ed490 code [0x000001c8145ed680, 0x000001c8145edae8]
Event: 1.025 Thread 0x000001c82ac22910  893       3       java.lang.invoke.LambdaForm$BasicType::basicTypeSlots (8 bytes)
Event: 1.025 Thread 0x000001c82ac22910 nmethod 893 0x000001c8145edd10 code [0x000001c8145edea0, 0x000001c8145ee018]
Event: 1.025 Thread 0x000001c82ac22910  892       3       jdk.internal.org.objectweb.asm.SymbolTable$Entry::<init> (20 bytes)
Event: 1.025 Thread 0x000001c82ac22910 nmethod 892 0x000001c8145ee110 code [0x000001c8145ee2a0, 0x000001c8145ee3e8]
Event: 1.025 Thread 0x000001c82ac22910  889       3       java.lang.invoke.MemberName::getInvocationType (56 bytes)
Event: 1.026 Thread 0x000001c82ac22910 nmethod 889 0x000001c8145ee490 code [0x000001c8145ee6c0, 0x000001c8145eefe8]
Event: 1.026 Thread 0x000001c82ac22910  894       3       java.lang.String::<init> (10 bytes)
Event: 1.026 Thread 0x000001c82ac22910 nmethod 894 0x000001c8145ef290 code [0x000001c8145ef440, 0x000001c8145ef588]
Event: 1.026 Thread 0x000001c82ac22910  896       3       java.util.zip.CRC32::update (51 bytes)
Event: 1.027 Thread 0x000001c82ac22910 nmethod 896 0x000001c8145ef690 code [0x000001c8145ef880, 0x000001c8145efd08]
Event: 1.027 Thread 0x000001c82ac22910  897       3       java.util.zip.CRC32::updateBytes (14 bytes)
Event: 1.027 Thread 0x000001c82ac22910 nmethod 897 0x000001c8145eff10 code [0x000001c8145f00c0, 0x000001c8145f0228]
Event: 1.027 Thread 0x000001c82ac22910  895   !   3       java.util.jar.JarFile::getManifestFromReference (197 bytes)
Event: 1.030 Thread 0x000001c82ac22910 nmethod 895 0x000001c8145f0310 code [0x000001c8145f06c0, 0x000001c8145f2118]
Event: 1.030 Thread 0x000001c82ac22910  898       3       java.util.zip.CRC32::updateBytesCheck (55 bytes)
Event: 1.030 Thread 0x000001c82ac22910 nmethod 898 0x000001c8145f2b10 code [0x000001c8145f2d00, 0x000001c8145f3248]

GC Heap History (0 events):
No events

Deoptimization events (20 events):
Event: 0.532 Thread 0x000001c80cbef1f0 Uncommon trap: trap_request=0xffffffde fr.pc=0x000001c81bf522a8 relative=0x0000000000000368
Event: 0.532 Thread 0x000001c80cbef1f0 Uncommon trap: reason=class_check action=maybe_recompile pc=0x000001c81bf522a8 method=java.util.HashMap.getNode(Ljava/lang/Object;)Ljava/util/HashMap$Node; @ 63 c2
Event: 0.532 Thread 0x000001c80cbef1f0 DEOPT PACKING pc=0x000001c81bf522a8 sp=0x000000b73d4fdc00
Event: 0.532 Thread 0x000001c80cbef1f0 DEOPT UNPACKING pc=0x000001c81b9e5ba3 sp=0x000000b73d4fdb78 mode 2
Event: 0.535 Thread 0x000001c80cbef1f0 DEOPT PACKING pc=0x000001c8144a56d6 sp=0x000000b73d4fd040
Event: 0.535 Thread 0x000001c80cbef1f0 DEOPT UNPACKING pc=0x000001c81b9e66e3 sp=0x000000b73d4fc4c8 mode 0
Event: 0.536 Thread 0x000001c80cbef1f0 DEOPT PACKING pc=0x000001c8144a56d6 sp=0x000000b73d4f9890
Event: 0.536 Thread 0x000001c80cbef1f0 DEOPT UNPACKING pc=0x000001c81b9e66e3 sp=0x000000b73d4f8d18 mode 0
Event: 0.586 Thread 0x000001c80cbef1f0 Uncommon trap: trap_request=0xffffff45 fr.pc=0x000001c81bf5792c relative=0x000000000000028c
Event: 0.586 Thread 0x000001c80cbef1f0 Uncommon trap: reason=unstable_if action=reinterpret pc=0x000001c81bf5792c method=java.lang.String.startsWith(Ljava/lang/String;I)Z @ 14 c2
Event: 0.586 Thread 0x000001c80cbef1f0 DEOPT PACKING pc=0x000001c81bf5792c sp=0x000000b73d4fc440
Event: 0.586 Thread 0x000001c80cbef1f0 DEOPT UNPACKING pc=0x000001c81b9e5ba3 sp=0x000000b73d4fc3a0 mode 2
Event: 0.588 Thread 0x000001c80cbef1f0 DEOPT PACKING pc=0x000001c8144b9e65 sp=0x000000b73d4fcf70
Event: 0.588 Thread 0x000001c80cbef1f0 DEOPT UNPACKING pc=0x000001c81b9e66e3 sp=0x000000b73d4fc3c0 mode 0
Event: 0.606 Thread 0x000001c80cbef1f0 Uncommon trap: trap_request=0xffffffde fr.pc=0x000001c81bf522e8 relative=0x00000000000003a8
Event: 0.606 Thread 0x000001c80cbef1f0 Uncommon trap: reason=class_check action=maybe_recompile pc=0x000001c81bf522e8 method=java.util.HashMap.getNode(Ljava/lang/Object;)Ljava/util/HashMap$Node; @ 128 c2
Event: 0.606 Thread 0x000001c80cbef1f0 DEOPT PACKING pc=0x000001c81bf522e8 sp=0x000000b73d4fda30
Event: 0.606 Thread 0x000001c80cbef1f0 DEOPT UNPACKING pc=0x000001c81b9e5ba3 sp=0x000000b73d4fd9a8 mode 2
Event: 0.927 Thread 0x000001c80cbef1f0 DEOPT PACKING pc=0x000001c8144a673e sp=0x000000b73d4fcd50
Event: 0.927 Thread 0x000001c80cbef1f0 DEOPT UNPACKING pc=0x000001c81b9e66e3 sp=0x000000b73d4fc1c8 mode 0

Classes unloaded (0 events):
No events

Classes redefined (0 events):
No events

Internal exceptions (13 events):
Event: 0.461 Thread 0x000001c82ba8c250 Exception <a 'java/lang/NoSuchMethodError'{0x000000008a8046a8}: 'java.lang.Object java.lang.invoke.DirectMethodHandle$Holder.invokeStaticInit(java.lang.Object)'> (0x000000008a8046a8) 
thrown [s\open\src\hotspot\share\interpreter\linkResolver.cpp, line 759]
Event: 0.471 Thread 0x000001c82ba8c250 Exception <a 'java/lang/NoSuchMethodError'{0x000000008a812368}: 'void java.lang.invoke.DirectMethodHandle$Holder.invokeStatic(java.lang.Object, java.lang.Object)'> (0x000000008a812368) 
thrown [s\open\src\hotspot\share\interpreter\linkResolver.cpp, line 759]
Event: 0.587 Thread 0x000001c80cbef1f0 Exception <a 'java/lang/ClassNotFoundException'{0x000000008a6bb560}: javax/smartcardio/CardPermission> (0x000000008a6bb560) 
thrown [s\open\src\hotspot\share\classfile\systemDictionary.cpp, line 256]
Event: 0.592 Thread 0x000001c80cbef1f0 Exception <a 'java/io/FileNotFoundException'{0x000000008a6c9b38}> (0x000000008a6c9b38) 
thrown [s\open\src\hotspot\share\prims\jni.cpp, line 516]
Event: 0.630 Thread 0x000001c80cbef1f0 Exception <a 'java/lang/NoSuchMethodError'{0x000000008a5533e8}: 'java.lang.Object java.lang.invoke.DirectMethodHandle$Holder.invokeSpecial(java.lang.Object, java.lang.Object, java.lang.Object, long, java.lang.Object)'> (0x000000008a5533e8) 
thrown [s\open\src\hotspot\share\interpreter\linkResolver.cpp, line 759]
Event: 0.631 Thread 0x000001c80cbef1f0 Exception <a 'java/lang/NoSuchMethodError'{0x000000008a556fb8}: 'java.lang.Object java.lang.invoke.Invokers$Holder.linkToTargetMethod(java.lang.Object, long, java.lang.Object, java.lang.Object)'> (0x000000008a556fb8) 
thrown [s\open\src\hotspot\share\interpreter\linkResolver.cpp, line 759]
Event: 0.734 Thread 0x000001c80cbef1f0 Exception <a 'java/lang/NoSuchMethodError'{0x000000008a3878b8}: 'void java.lang.invoke.DirectMethodHandle$Holder.invokeStatic(java.lang.Object, java.lang.Object, java.lang.Object, java.lang.Object)'> (0x000000008a3878b8) 
thrown [s\open\src\hotspot\share\interpreter\linkResolver.cpp, line 759]
Event: 0.783 Thread 0x000001c80cbef1f0 Exception <a 'java/lang/NoSuchMethodError'{0x000000008a2aa768}: 'int java.lang.invoke.DirectMethodHandle$Holder.invokeStaticInit(java.lang.Object, java.lang.Object)'> (0x000000008a2aa768) 
thrown [s\open\src\hotspot\share\interpreter\linkResolver.cpp, line 759]
Event: 0.860 Thread 0x000001c80cbef1f0 Exception <a 'java/lang/NoSuchMethodError'{0x000000008a002d60}: 'void java.lang.invoke.DirectMethodHandle$Holder.invokeInterface(java.lang.Object, java.lang.Object, java.lang.Object, java.lang.Object)'> (0x000000008a002d60) 
thrown [s\open\src\hotspot\share\interpreter\linkResolver.cpp, line 759]
Event: 0.942 Thread 0x000001c80cbef1f0 Exception <a 'java/lang/NoSuchMethodError'{0x0000000089f31010}: 'java.lang.Object java.lang.invoke.DirectMethodHandle$Holder.invokeInterface(java.lang.Object, java.lang.Object)'> (0x0000000089f31010) 
thrown [s\open\src\hotspot\share\interpreter\linkResolver.cpp, line 759]
Event: 0.961 Thread 0x000001c80cbef1f0 Exception <a 'java/lang/NoSuchMethodError'{0x0000000089f73090}: 'void java.lang.invoke.DirectMethodHandle$Holder.invokeStatic(java.lang.Object, java.lang.Object, java.lang.Object)'> (0x0000000089f73090) 
thrown [s\open\src\hotspot\share\interpreter\linkResolver.cpp, line 759]
Event: 0.980 Thread 0x000001c80cbef1f0 Exception <a 'java/lang/NoSuchMethodError'{0x0000000089fcb958}: 'java.lang.Object java.lang.invoke.DirectMethodHandle$Holder.invokeSpecialIFC(java.lang.Object, java.lang.Object, java.lang.Object, java.lang.Object)'> (0x0000000089fcb958) 
thrown [s\open\src\hotspot\share\interpreter\linkResolver.cpp, line 759]
Event: 0.985 Thread 0x000001c80cbef1f0 Exception <a 'java/lang/NoSuchMethodError'{0x0000000089fee4d0}: 'java.lang.Object java.lang.invoke.DirectMethodHandle$Holder.invokeInterface(java.lang.Object, java.lang.Object, java.lang.Object)'> (0x0000000089fee4d0) 
thrown [s\open\src\hotspot\share\interpreter\linkResolver.cpp, line 759]

VM Operations (12 events):
Event: 0.178 Executing VM operation: HandshakeAllThreads
Event: 0.178 Executing VM operation: HandshakeAllThreads done
Event: 0.459 Executing VM operation: HandshakeAllThreads
Event: 0.459 Executing VM operation: HandshakeAllThreads done
Event: 0.475 Executing VM operation: HandshakeAllThreads
Event: 0.475 Executing VM operation: HandshakeAllThreads done
Event: 0.521 Executing VM operation: HandshakeAllThreads
Event: 0.521 Executing VM operation: HandshakeAllThreads done
Event: 0.531 Executing VM operation: HandshakeAllThreads
Event: 0.531 Executing VM operation: HandshakeAllThreads done
Event: 0.693 Executing VM operation: HandshakeAllThreads
Event: 0.693 Executing VM operation: HandshakeAllThreads done

Events (20 events):
Event: 0.938 loading class java/lang/StackStreamFactory
Event: 0.938 loading class java/lang/StackStreamFactory done
Event: 0.938 loading class java/lang/StackWalker$ExtendedOption
Event: 0.939 loading class java/lang/StackWalker$ExtendedOption done
Event: 0.939 loading class java/lang/StackStreamFactory$StackFrameTraverser
Event: 0.939 loading class java/lang/StackStreamFactory$StackFrameTraverser done
Event: 0.939 loading class java/lang/StackStreamFactory$WalkerState
Event: 0.939 loading class java/lang/StackStreamFactory$WalkerState done
Event: 0.939 loading class java/lang/StackStreamFactory$1
Event: 0.940 loading class java/lang/StackStreamFactory$1 done
Event: 0.940 loading class java/lang/StackStreamFactory$StackFrameTraverser$StackFrameBuffer
Event: 0.940 loading class java/lang/StackStreamFactory$FrameBuffer
Event: 0.940 loading class java/lang/StackStreamFactory$FrameBuffer done
Event: 0.940 loading class java/lang/StackStreamFactory$StackFrameTraverser$StackFrameBuffer done
Event: 0.959 loading class java/util/concurrent/RejectedExecutionException
Event: 0.959 loading class java/util/concurrent/RejectedExecutionException done
Event: 0.986 loading class java/util/stream/Nodes$FixedNodeBuilder
Event: 0.986 loading class java/util/stream/Nodes$ArrayNode
Event: 0.987 loading class java/util/stream/Nodes$ArrayNode done
Event: 0.987 loading class java/util/stream/Nodes$FixedNodeBuilder done


Dynamic libraries:
0x00007ff6b2af0000 - 0x00007ff6b2b00000 	C:\Program Files\Java\jdk-17\bin\java.exe
0x00007ffe13a90000 - 0x00007ffe13ca7000 	C:\WINDOWS\SYSTEM32\ntdll.dll
0x00007ffe13390000 - 0x00007ffe13454000 	C:\WINDOWS\System32\KERNEL32.DLL
0x00007ffe11230000 - 0x00007ffe115d7000 	C:\WINDOWS\System32\KERNELBASE.dll
0x00007ffe10de0000 - 0x00007ffe10ef1000 	C:\WINDOWS\System32\ucrtbase.dll
0x00007ffdcc040000 - 0x00007ffdcc058000 	C:\Program Files\Java\jdk-17\bin\jli.dll
0x00007ffdcbac0000 - 0x00007ffdcbadb000 	C:\Program Files\Java\jdk-17\bin\VCRUNTIME140.dll
0x00007ffe11ba0000 - 0x00007ffe11c52000 	C:\WINDOWS\System32\ADVAPI32.dll
0x00007ffe12520000 - 0x00007ffe125c7000 	C:\WINDOWS\System32\msvcrt.dll
0x00007ffe126f0000 - 0x00007ffe12798000 	C:\WINDOWS\System32\sechost.dll
0x00007ffe10db0000 - 0x00007ffe10dd8000 	C:\WINDOWS\System32\bcrypt.dll
0x00007ffe13640000 - 0x00007ffe13755000 	C:\WINDOWS\System32\RPCRT4.dll
0x00007ffe12290000 - 0x00007ffe1243e000 	C:\WINDOWS\System32\USER32.dll
0x00007ffe115e0000 - 0x00007ffe11606000 	C:\WINDOWS\System32\win32u.dll
0x00007ffde4b40000 - 0x00007ffde4dd3000 	C:\WINDOWS\WinSxS\amd64_microsoft.windows.common-controls_6595b64144ccf1df_6.0.22621.3527_none_270e469b73872a76\COMCTL32.dll
0x00007ffe12460000 - 0x00007ffe12489000 	C:\WINDOWS\System32\GDI32.dll
0x00007ffe10f00000 - 0x00007ffe11019000 	C:\WINDOWS\System32\gdi32full.dll
0x00007ffe11020000 - 0x00007ffe110ba000 	C:\WINDOWS\System32\msvcp_win.dll
0x00007ffe015a0000 - 0x00007ffe015aa000 	C:\WINDOWS\SYSTEM32\VERSION.dll
0x00007ffe12620000 - 0x00007ffe12651000 	C:\WINDOWS\System32\IMM32.DLL
0x00007ffe05a40000 - 0x00007ffe05a4c000 	C:\Program Files\Java\jdk-17\bin\vcruntime140_1.dll
0x00007ffdc7860000 - 0x00007ffdc78ee000 	C:\Program Files\Java\jdk-17\bin\msvcp140.dll
0x00007ffd54bf0000 - 0x00007ffd557c7000 	C:\Program Files\Java\jdk-17\bin\server\jvm.dll
0x00007ffe117c0000 - 0x00007ffe117c8000 	C:\WINDOWS\System32\PSAPI.DLL
0x00007ffe093c0000 - 0x00007ffe093f4000 	C:\WINDOWS\SYSTEM32\WINMM.dll
0x00007ffde5020000 - 0x00007ffde5029000 	C:\WINDOWS\SYSTEM32\WSOCK32.dll
0x00007ffe124a0000 - 0x00007ffe12511000 	C:\WINDOWS\System32\WS2_32.dll
0x00007ffe0fda0000 - 0x00007ffe0fdb8000 	C:\WINDOWS\SYSTEM32\kernel.appcore.dll
0x00007ffdf7d00000 - 0x00007ffdf7d0a000 	C:\Program Files\Java\jdk-17\bin\jimage.dll
0x00007ffe0dee0000 - 0x00007ffe0e112000 	C:\WINDOWS\SYSTEM32\DBGHELP.DLL
0x00007ffe127a0000 - 0x00007ffe12b28000 	C:\WINDOWS\System32\combase.dll
0x00007ffe11830000 - 0x00007ffe11907000 	C:\WINDOWS\System32\OLEAUT32.dll
0x00007ffe060b0000 - 0x00007ffe060e2000 	C:\WINDOWS\SYSTEM32\dbgcore.DLL
0x00007ffe11610000 - 0x00007ffe11689000 	C:\WINDOWS\System32\bcryptPrimitives.dll
0x00007ffe0d470000 - 0x00007ffe0d47e000 	C:\Program Files\Java\jdk-17\bin\instrument.dll
0x00007ffdcadc0000 - 0x00007ffdcade5000 	C:\Program Files\Java\jdk-17\bin\java.dll
0x00007ffdb4770000 - 0x00007ffdb4847000 	C:\Program Files\Java\jdk-17\bin\jsvml.dll
0x00007ffe12b30000 - 0x00007ffe1338c000 	C:\WINDOWS\System32\SHELL32.dll
0x00007ffe0eca0000 - 0x00007ffe0f596000 	C:\WINDOWS\SYSTEM32\windows.storage.dll
0x00007ffe0eb60000 - 0x00007ffe0ec9e000 	C:\WINDOWS\SYSTEM32\wintypes.dll
0x00007ffe11c60000 - 0x00007ffe11d55000 	C:\WINDOWS\System32\SHCORE.dll
0x00007ffe11ac0000 - 0x00007ffe11b1e000 	C:\WINDOWS\System32\shlwapi.dll
0x00007ffe10ce0000 - 0x00007ffe10d01000 	C:\WINDOWS\SYSTEM32\profapi.dll
0x00007ffdcada0000 - 0x00007ffdcadb8000 	C:\Program Files\Java\jdk-17\bin\zip.dll
0x00007ffdcb240000 - 0x00007ffdcb259000 	C:\Program Files\Java\jdk-17\bin\net.dll
0x00007ffe0b1b0000 - 0x00007ffe0b2e6000 	C:\WINDOWS\SYSTEM32\WINHTTP.dll
0x00007ffe10200000 - 0x00007ffe10269000 	C:\WINDOWS\system32\mswsock.dll
0x00007ffdcbaa0000 - 0x00007ffdcbab6000 	C:\Program Files\Java\jdk-17\bin\nio.dll
0x00007ffdf9010000 - 0x00007ffdf902a000 	C:\Program Files\JetBrains\IntelliJ IDEA Community Edition 2022.2.3\bin\breakgen64.dll

dbghelp: loaded successfully - version: 4.0.5 - missing functions: none
symbol engine: initialized successfully - sym options: 0x614 - pdb path: .;C:\Program Files\Java\jdk-17\bin;C:\WINDOWS\SYSTEM32;C:\WINDOWS\WinSxS\amd64_microsoft.windows.common-controls_6595b64144ccf1df_6.0.22621.3527_none_270e469b73872a76;C:\Program Files\Java\jdk-17\bin\server;C:\Program Files\JetBrains\IntelliJ IDEA Community Edition 2022.2.3\bin

VM Arguments:
jvm_args: -javaagent:C:\Program Files\JetBrains\IntelliJ IDEA Community Edition 2022.2.3\lib\idea_rt.jar=62074:C:\Program Files\JetBrains\IntelliJ IDEA Community Edition 2022.2.3\bin -Dfile.encoding=UTF-8 
java_command: com.example.apigateway.ApigatewayApplication
java_class_path (initial): D:\SYNRGY\Challenge\F-BJV24001115-synergy7-mah-binfood-ch7\apigateway\target\classes;C:\Users\mahes\.m2\repository\org\springframework\cloud\spring-cloud-starter-gateway\4.1.4\spring-cloud-starter-gateway-4.1.4.jar;C:\Users\mahes\.m2\repository\org\springframework\cloud\spring-cloud-starter\4.1.3\spring-cloud-starter-4.1.3.jar;C:\Users\mahes\.m2\repository\org\springframework\cloud\spring-cloud-context\4.1.3\spring-cloud-context-4.1.3.jar;C:\Users\mahes\.m2\repository\org\springframework\security\spring-security-crypto\6.3.1\spring-security-crypto-6.3.1.jar;C:\Users\mahes\.m2\repository\org\springframework\cloud\spring-cloud-commons\4.1.3\spring-cloud-commons-4.1.3.jar;C:\Users\mahes\.m2\repository\org\springframework\security\spring-security-rsa\1.1.3\spring-security-rsa-1.1.3.jar;C:\Users\mahes\.m2\repository\org\bouncycastle\bcprov-jdk18on\1.78\bcprov-jdk18on-1.78.jar;C:\Users\mahes\.m2\repository\org\springframework\cloud\spring-cloud-gateway-server\4.1.4\spring-cloud-gateway-server-4.1.4.jar;C:\Users\mahes\.m2\repository\org\springframework\boot\spring-boot-starter-validation\3.3.1\spring-boot-starter-validation-3.3.1.jar;C:\Users\mahes\.m2\repository\org\apache\tomcat\embed\tomcat-embed-el\10.1.25\tomcat-embed-el-10.1.25.jar;C:\Users\mahes\.m2\repository\org\hibernate\validator\hibernate-validator\8.0.1.Final\hibernate-validator-8.0.1.Final.jar;C:\Users\mahes\.m2\repository\jakarta\validation\jakarta.validation-api\3.0.2\jakarta.validation-api-3.0.2.jar;C:\Users\mahes\.m2\repository\org\jboss\logging\jboss-logging\3.5.3.Final\jboss-logging-3.5.3.Final.jar;C:\Users\mahes\.m2\repository\com\fasterxml\classmate\1.7.0\classmate-1.7.0.jar;C:\Users\mahes\.m2\repository\io\projectreactor\addons\reactor-extra\3.5.1\reactor-extra-3.5.1.jar;C:\Users\mahes\.m2\repository\io\projectreactor\reactor-core\3.6.7\reactor-core-3.6.7.jar;C:\Users\mahes\.m2\repository\org\reactivestreams\reactive-streams\1.0.4\reactive-streams-1.0.4.jar;C:\Users\mahes
Launcher Type: SUN_STANDARD

[Global flags]
     intx CICompilerCount                          = 4                                         {product} {ergonomic}
     uint ConcGCThreads                            = 2                                         {product} {ergonomic}
     uint G1ConcRefinementThreads                  = 8                                         {product} {ergonomic}
   size_t G1HeapRegionSize                         = 1048576                                   {product} {ergonomic}
    uintx GCDrainStackTargetSize                   = 64                                        {product} {ergonomic}
   size_t InitialHeapSize                          = 132120576                                 {product} {ergonomic}
   size_t MarkStackSize                            = 4194304                                   {product} {ergonomic}
   size_t MaxHeapSize                              = 2095054848                                {product} {ergonomic}
   size_t MaxNewSize                               = 1256194048                                {product} {ergonomic}
   size_t MinHeapDeltaBytes                        = 1048576                                   {product} {ergonomic}
   size_t MinHeapSize                              = 8388608                                   {product} {ergonomic}
    uintx NonNMethodCodeHeapSize                   = 5839372                                {pd product} {ergonomic}
    uintx NonProfiledCodeHeapSize                  = 122909434                              {pd product} {ergonomic}
    uintx ProfiledCodeHeapSize                     = 122909434                              {pd product} {ergonomic}
    uintx ReservedCodeCacheSize                    = 251658240                              {pd product} {ergonomic}
     bool SegmentedCodeCache                       = true                                      {product} {ergonomic}
   size_t SoftMaxHeapSize                          = 2095054848                             {manageable} {ergonomic}
     bool UseCompressedClassPointers               = true                           {product lp64_product} {ergonomic}
     bool UseCompressedOops                        = true                           {product lp64_product} {ergonomic}
     bool UseG1GC                                  = true                                      {product} {ergonomic}
     bool UseLargePagesIndividualAllocation        = false                                  {pd product} {ergonomic}

Logging:
Log output configuration:
 #0: stdout all=warning uptime,level,tags
 #1: stderr all=off uptime,level,tags

Environment Variables:
JAVA_HOME=C:\Program Files\Java\jdk-17
PATH=C:\Program Files\Common Files\Oracle\Java\javapath;C:\Program Files (x86)\Common Files\Oracle\Java\javapath;C:\Windows\system32;C:\Windows;C:\Windows\System32\Wbem;C:\Windows\System32\WindowsPowerShell\v1.0\;C:\Windows\System32\OpenSSH\;C:\Program Files (x86)\NVIDIA Corporation\PhysX\Common;C:\Program Files\NVIDIA Corporation\NVIDIA NvDLISR;C:\Program Files\MinGW\bin;C:\Program Files\Microsoft VS Code\bin;C:\WINDOWS\system32;C:\WINDOWS;C:\WINDOWS\System32\Wbem;C:\WINDOWS\System32\WindowsPowerShell\v1.0\;C:\WINDOWS\System32\OpenSSH\;C:\ProgramData\chocolatey\bin;C:\xampp\php;C:\Program Files\Git\cmd;C:\Program Files\nodeJS;C:\Program Files\Java\jdk-17.0.2;C:\Program Files\Java\jdk-17.0.2\bin;C:\Program Files\Microsoft SQL Server\120\DTS\Binn\;C:\Program Files\Microsoft SQL Server\Client SDK\ODBC\110\Tools\Binn\;C:\Program Files (x86)\Microsoft SQL Server\120\Tools\Binn\;C:\Program Files\Microsoft SQL Server\120\Tools\Binn\;C:\Program Files (x86)\Microsoft SQL Server\120\Tools\Binn\ManagementStudio\;C:\Program Files (x86)\Microsoft SQL Server\120\DTS\Binn\;C:\Program Files\Java\jdk-17\bin;C:\Program Files\gradle-6.6-all\gradle-6.6\bin;C:\Program Files\Go\bin;C:\ProgramData\ComposerSetup\bin;C:\metasploit-framework\bin\;C:\Program Files\nodejs\;C:\Users\mahes\AppData\Local\Programs\Python\Python311\Scripts\;C:\Users\mahes\AppData\Local\Programs\Python\Python311\;C:\Program Files\OpenSSL-Win64\bin;D:\Download\APLIKASI\apache-maven-3.9.6-bin\apache-maven-3.9.6\bin;C:\ngrok;C:\Users\mahes\AppData\Local\Programs\Python\Python311\Scripts\;C:\Users\mahes\AppData\Local\Programs\Python\Python311\;C:\Users\mahes\anaconda3;C:\Users\mahes\anaconda3\Library\mingw-w64\bin;C:\Users\mahes\anaconda3\Library\usr\bin;C:\Users\mahes\anaconda3\Library\bin;C:\Users\mahes\anaconda3\Scripts;C:\Users\mahes\AppData\Local\Microsoft\WindowsApps;C:\Users\mahes\AppData\Roaming\Composer\vendor\bin;C:\Users\mahes\go\bin;C:\src\flutter\bin;C:\Python310\Scripts;C:\tools\dart-sdk\bin;C:\Users\mahes\A
USERNAME=mahes
OS=Windows_NT
PROCESSOR_IDENTIFIER=Intel64 Family 6 Model 140 Stepping 1, GenuineIntel



---------------  S Y S T E M  ---------------

OS:
 Windows 11 , 64 bit Build 22621 (10.0.22621.3527)
OS uptime: 0 days 11:40 hours
Hyper-V role detected

CPU: total 8 (initial active 8) (4 cores per cpu, 2 threads per core) family 6 model 140 stepping 1 microcode 0x8a, cx8, cmov, fxsr, ht, mmx, 3dnowpref, sse, sse2, sse3, ssse3, sse4.1, sse4.2, popcnt, lzcnt, tsc, tscinvbit, avx, avx2, aes, erms, clmul, bmi1, bmi2, adx, avx512f, avx512dq, avx512cd, avx512bw, avx512vl, sha, fma, vzeroupper, avx512_vpopcntdq, avx512_vpclmulqdq, avx512_vaes, avx512_vnni, clflush, clflushopt, clwb, avx512_vbmi2, avx512_vbmi, hv

Memory: 4k page, system-wide physical 7991M (312M free)
TotalPageFile size 20321M (AvailPageFile size 2M)
current process WorkingSet (physical memory assigned to process): 70M, peak: 70M
current process commit charge ("private bytes"): 224M, peak: 224M

vm_info: Java HotSpot(TM) 64-Bit Server VM (17.0.6+9-LTS-190) for windows-amd64 JRE (17.0.6+9-LTS-190), built on Dec  6 2022 15:53:54 by "mach5one" with MS VC++ 17.1 (VS2022)

END.
