#
# There is insufficient memory for the Java Runtime Environment to continue.
# Native memory allocation (malloc) failed to allocate 32744 bytes for ChunkPool::allocate
# Possible reasons:
#   The system is out of physical RAM or swap space
#   The process is running with CompressedOops enabled, and the Java Heap may be blocking the growth of the native heap
# Possible solutions:
#   Reduce memory load on the system
#   Increase physical memory or swap space
#   Check if swap backing store is full
#   Decrease Java heap size (-Xmx/-Xms)
#   Decrease number of Java threads
#   Decrease Java thread stack sizes (-Xss)
#   Set larger code cache with -XX:ReservedCodeCacheSize=
#   JVM is running with Unscaled Compressed Oops mode in which the Java heap is
#     placed in the first 4GB address space. The Java Heap base address is the
#     maximum limit for the native heap growth. Please use -XX:HeapBaseMinAddress
#     to set the Java Heap base and to place the Java Heap above 4GB virtual address.
# This output file may be truncated or incomplete.
#
#  Out of Memory Error (arena.cpp:78), pid=9896, tid=13296
#
# JRE version: Java(TM) SE Runtime Environment (17.0.6+9) (build 17.0.6+9-LTS-190)
# Java VM: Java HotSpot(TM) 64-Bit Server VM (17.0.6+9-LTS-190, mixed mode, sharing, tiered, compressed oops, compressed class ptrs, g1 gc, windows-amd64)
# No core dump will be written. Minidumps are not enabled by default on client versions of Windows
#

---------------  S U M M A R Y ------------

Command Line: -javaagent:C:\Program Files\JetBrains\IntelliJ IDEA Community Edition 2022.2.3\lib\idea_rt.jar=61939:C:\Program Files\JetBrains\IntelliJ IDEA Community Edition 2022.2.3\bin -Dfile.encoding=UTF-8 com.example.apigateway.ApigatewayApplication

Host: 11th Gen Intel(R) Core(TM) i7-1165G7 @ 2.80GHz, 8 cores, 7G,  Windows 11 , 64 bit Build 22621 (10.0.22621.3527)
Time: Fri Jun 28 02:19:06 2024 SE Asia Standard Time elapsed time: 22.793441 seconds (0d 0h 0m 22s)

---------------  T H R E A D  ---------------

Current thread (0x000001e52587f480):  JavaThread "C2 CompilerThread0" daemon [_thread_in_native, id=13296, stack(0x0000000e93600000,0x0000000e93700000)]


Current CompileTask:
C2:  22793 4347  s    4       java.util.jar.JarFile::getInputStream (72 bytes)

Stack: [0x0000000e93600000,0x0000000e93700000]
Native frames: (J=compiled Java code, j=interpreted, Vv=VM code, C=native code)
V  [jvm.dll+0x6734ea]
V  [jvm.dll+0x7d18f4]
V  [jvm.dll+0x7d309e]
V  [jvm.dll+0x7d3703]
V  [jvm.dll+0x2433c5]
V  [jvm.dll+0xaa6c0]
V  [jvm.dll+0xaaa0c]
V  [jvm.dll+0x651d3a]
V  [jvm.dll+0x650788]
V  [jvm.dll+0x600c30]
V  [jvm.dll+0x600fff]
V  [jvm.dll+0x600c4e]
V  [jvm.dll+0x600fff]
V  [jvm.dll+0x600c4e]
V  [jvm.dll+0x600fff]
V  [jvm.dll+0x600c4e]
V  [jvm.dll+0x600fff]
V  [jvm.dll+0x600c4e]
V  [jvm.dll+0x6062f7]
V  [jvm.dll+0x60715c]
V  [jvm.dll+0x605634]
V  [jvm.dll+0x215c5e]
V  [jvm.dll+0x215211]
V  [jvm.dll+0x1a1730]
V  [jvm.dll+0x224b6e]
V  [jvm.dll+0x222f15]
V  [jvm.dll+0x78753c]
V  [jvm.dll+0x781a7a]
V  [jvm.dll+0x672375]
C  [ucrtbase.dll+0x29333]
C  [KERNEL32.DLL+0x1257d]
C  [ntdll.dll+0x5aa48]


---------------  P R O C E S S  ---------------

Threads class SMR info:
_java_thread_list=0x000001e52b12ab10, length=19, elements={
0x000001e525864bc0, 0x000001e525866780, 0x000001e5258783b0, 0x000001e52587b280,
0x000001e52587dd40, 0x000001e52587e6f0, 0x000001e52587f480, 0x000001e52587ff20,
0x000001e525880910, 0x000001e52646db40, 0x000001e52661f310, 0x000001e52661f7e0,
0x000001e5258c7030, 0x000001e5291944a0, 0x000001e52caab890, 0x000001e526c82770,
0x000001e5078713c0, 0x000001e52b575a40, 0x000001e52b039820
}

Java Threads: ( => current thread )
  0x000001e525864bc0 JavaThread "Reference Handler" daemon [_thread_blocked, id=3832, stack(0x0000000e93000000,0x0000000e93100000)]
  0x000001e525866780 JavaThread "Finalizer" daemon [_thread_blocked, id=7716, stack(0x0000000e93100000,0x0000000e93200000)]
  0x000001e5258783b0 JavaThread "Signal Dispatcher" daemon [_thread_blocked, id=21228, stack(0x0000000e93200000,0x0000000e93300000)]
  0x000001e52587b280 JavaThread "Attach Listener" daemon [_thread_blocked, id=5684, stack(0x0000000e93300000,0x0000000e93400000)]
  0x000001e52587dd40 JavaThread "Service Thread" daemon [_thread_blocked, id=4524, stack(0x0000000e93400000,0x0000000e93500000)]
  0x000001e52587e6f0 JavaThread "Monitor Deflation Thread" daemon [_thread_blocked, id=20672, stack(0x0000000e93500000,0x0000000e93600000)]
=>0x000001e52587f480 JavaThread "C2 CompilerThread0" daemon [_thread_in_native, id=13296, stack(0x0000000e93600000,0x0000000e93700000)]
  0x000001e52587ff20 JavaThread "C1 CompilerThread0" daemon [_thread_in_vm, id=20864, stack(0x0000000e93700000,0x0000000e93800000)]
  0x000001e525880910 JavaThread "Sweeper thread" daemon [_thread_blocked, id=15848, stack(0x0000000e93800000,0x0000000e93900000)]
  0x000001e52646db40 JavaThread "Common-Cleaner" daemon [_thread_blocked, id=17028, stack(0x0000000e93900000,0x0000000e93a00000)]
  0x000001e52661f310 JavaThread "Monitor Ctrl-Break" daemon [_thread_in_native, id=16336, stack(0x0000000e93a00000,0x0000000e93b00000)]
  0x000001e52661f7e0 JavaThread "Notification Thread" daemon [_thread_blocked, id=22680, stack(0x0000000e93b00000,0x0000000e93c00000)]
  0x000001e5258c7030 JavaThread "boundedElastic-evictor-1" daemon [_thread_blocked, id=21540, stack(0x0000000e94600000,0x0000000e94700000)]
  0x000001e5291944a0 JavaThread "spring.cloud.inetutils" daemon [_thread_blocked, id=13792, stack(0x0000000e94700000,0x0000000e94800000)]
  0x000001e52caab890 JavaThread "reactor-http-nio-1" daemon [_thread_in_native, id=23992, stack(0x0000000e94800000,0x0000000e94900000)]
  0x000001e526c82770 JavaThread "server" [_thread_blocked, id=14408, stack(0x0000000e94900000,0x0000000e94a00000)]
  0x000001e5078713c0 JavaThread "DestroyJavaVM" [_thread_blocked, id=24180, stack(0x0000000e92900000,0x0000000e92a00000)]
  0x000001e52b575a40 JavaThread "reactor-http-nio-2" daemon [_thread_in_Java, id=16404, stack(0x0000000e94400000,0x0000000e94500000)]
  0x000001e52b039820 JavaThread "reactor-http-nio-3" daemon [_thread_in_native, id=4640, stack(0x0000000e94a00000,0x0000000e94b00000)]

Other Threads:
  0x000001e52585ed20 VMThread "VM Thread" [stack: 0x0000000e92f00000,0x0000000e93000000] [id=23996]
  0x000001e52670e4e0 WatcherThread [stack: 0x0000000e93c00000,0x0000000e93d00000] [id=3152]
  0x000001e5078ca480 GCTaskThread "GC Thread#0" [stack: 0x0000000e92a00000,0x0000000e92b00000] [id=9412]
  0x000001e52705f030 GCTaskThread "GC Thread#1" [stack: 0x0000000e93e00000,0x0000000e93f00000] [id=24100]
  0x000001e526fd8ae0 GCTaskThread "GC Thread#2" [stack: 0x0000000e93f00000,0x0000000e94000000] [id=13964]
  0x000001e52703a980 GCTaskThread "GC Thread#3" [stack: 0x0000000e94000000,0x0000000e94100000] [id=6888]
  0x000001e526fae4f0 GCTaskThread "GC Thread#4" [stack: 0x0000000e94100000,0x0000000e94200000] [id=1736]
  0x000001e526faefb0 GCTaskThread "GC Thread#5" [stack: 0x0000000e94200000,0x0000000e94300000] [id=21932]
  0x000001e526fafa70 GCTaskThread "GC Thread#6" [stack: 0x0000000e94300000,0x0000000e94400000] [id=18524]
  0x000001e527326da0 GCTaskThread "GC Thread#7" [stack: 0x0000000e94500000,0x0000000e94600000] [id=7120]
  0x000001e5078dbd90 ConcurrentGCThread "G1 Main Marker" [stack: 0x0000000e92b00000,0x0000000e92c00000] [id=24796]
  0x000001e5078dcf40 ConcurrentGCThread "G1 Conc#0" [stack: 0x0000000e92c00000,0x0000000e92d00000] [id=18584]
  0x000001e5291ced20 ConcurrentGCThread "G1 Conc#1" [stack: 0x0000000e93d00000,0x0000000e93e00000] [id=20904]
  0x000001e50792e780 ConcurrentGCThread "G1 Refine#0" [stack: 0x0000000e92d00000,0x0000000e92e00000] [id=23068]
  0x000001e52571a360 ConcurrentGCThread "G1 Service" [stack: 0x0000000e92e00000,0x0000000e92f00000] [id=22316]

Threads with active compile tasks:
C2 CompilerThread0    22845 4347  s    4       java.util.jar.JarFile::getInputStream (72 bytes)

VM state: not at safepoint (normal execution)

VM Mutex/Monitor currently owned by a thread: None

Heap address: 0x0000000083200000, size: 1998 MB, Compressed Oops mode: 32-bit

CDS archive(s) mapped at: [0x0000000800000000-0x0000000800bd0000-0x0000000800bd0000), size 12386304, SharedBaseAddress: 0x0000000800000000, ArchiveRelocationMode: 0.
Compressed class space mapped at: 0x0000000800c00000-0x0000000840c00000, reserved size: 1073741824
Narrow klass base: 0x0000000800000000, Narrow klass shift: 0, Narrow klass range: 0x100000000

GC Precious Log:
 CPUs: 8 total, 8 available
 Memory: 7991M
 Large Page Support: Disabled
 NUMA Support: Disabled
 Compressed Oops: Enabled (32-bit)
 Heap Region Size: 1M
 Heap Min Capacity: 8M
 Heap Initial Capacity: 126M
 Heap Max Capacity: 1998M
 Pre-touch: Disabled
 Parallel Workers: 8
 Concurrent Workers: 2
 Concurrent Refinement Workers: 8
 Periodic GC: Disabled

Heap:
 garbage-first heap   total 54272K, used 24116K [0x0000000083200000, 0x0000000100000000)
  region size 1024K, 10 young (10240K), 3 survivors (3072K)
 Metaspace       used 36972K, committed 37440K, reserved 1081344K
  class space    used 4962K, committed 5184K, reserved 1048576K

Heap Regions: E=young(eden), S=young(survivor), O=old, HS=humongous(starts), HC=humongous(continues), CS=collection set, F=free, OA=open archive, CA=closed archive, TAMS=top-at-mark-start (previous, next)
|   0|0x0000000083200000, 0x0000000083300000, 0x0000000083300000|100%|HS|  |TAMS 0x0000000083300000, 0x0000000083200000| Complete 
|   1|0x0000000083300000, 0x0000000083400000, 0x0000000083400000|100%| O|  |TAMS 0x0000000083400000, 0x0000000083300000| Untracked 
|   2|0x0000000083400000, 0x0000000083500000, 0x0000000083500000|100%| O|  |TAMS 0x0000000083500000, 0x0000000083400000| Untracked 
|   3|0x0000000083500000, 0x0000000083600000, 0x0000000083600000|100%| O|  |TAMS 0x0000000083600000, 0x0000000083500000| Untracked 
|   4|0x0000000083600000, 0x0000000083700000, 0x0000000083700000|100%| O|  |TAMS 0x0000000083700000, 0x0000000083600000| Untracked 
|   5|0x0000000083700000, 0x0000000083800000, 0x0000000083800000|100%| O|  |TAMS 0x0000000083800000, 0x0000000083700000| Untracked 
|   6|0x0000000083800000, 0x0000000083822800, 0x0000000083900000| 13%| O|  |TAMS 0x0000000083822800, 0x0000000083800000| Untracked 
|   7|0x0000000083900000, 0x0000000083a00000, 0x0000000083a00000|100%| O|  |TAMS 0x0000000083a00000, 0x0000000083900000| Untracked 
|   8|0x0000000083a00000, 0x0000000083b00000, 0x0000000083b00000|100%| O|  |TAMS 0x0000000083b00000, 0x0000000083a00000| Untracked 
|   9|0x0000000083b00000, 0x0000000083c00000, 0x0000000083c00000|100%| O|  |TAMS 0x0000000083c00000, 0x0000000083b00000| Untracked 
|  10|0x0000000083c00000, 0x0000000083d00000, 0x0000000083d00000|100%| O|  |TAMS 0x0000000083d00000, 0x0000000083c00000| Untracked 
|  11|0x0000000083d00000, 0x0000000083e00000, 0x0000000083e00000|100%| O|  |TAMS 0x0000000083e00000, 0x0000000083d00000| Untracked 
|  12|0x0000000083e00000, 0x0000000083f00000, 0x0000000083f00000|100%| O|  |TAMS 0x0000000083f00000, 0x0000000083e00000| Untracked 
|  13|0x0000000083f00000, 0x0000000084000000, 0x0000000084000000|100%| O|  |TAMS 0x0000000084000000, 0x0000000083f00000| Untracked 
|  14|0x0000000084000000, 0x0000000084100000, 0x0000000084100000|100%| O|  |TAMS 0x0000000084100000, 0x0000000084000000| Untracked 
|  15|0x0000000084100000, 0x00000000841fd600, 0x0000000084200000| 98%| O|  |TAMS 0x000000008411c600, 0x0000000084100000| Untracked 
|  16|0x0000000084200000, 0x0000000084200000, 0x0000000084300000|  0%| F|  |TAMS 0x0000000084200000, 0x0000000084200000| Untracked 
|  17|0x0000000084300000, 0x0000000084300000, 0x0000000084400000|  0%| F|  |TAMS 0x0000000084300000, 0x0000000084300000| Untracked 
|  18|0x0000000084400000, 0x0000000084400000, 0x0000000084500000|  0%| F|  |TAMS 0x0000000084400000, 0x0000000084400000| Untracked 
|  19|0x0000000084500000, 0x0000000084500000, 0x0000000084600000|  0%| F|  |TAMS 0x0000000084500000, 0x0000000084500000| Untracked 
|  20|0x0000000084600000, 0x0000000084600000, 0x0000000084700000|  0%| F|  |TAMS 0x0000000084600000, 0x0000000084600000| Untracked 
|  21|0x0000000084700000, 0x0000000084700000, 0x0000000084800000|  0%| F|  |TAMS 0x0000000084700000, 0x0000000084700000| Untracked 
|  22|0x0000000084800000, 0x0000000084800000, 0x0000000084900000|  0%| F|  |TAMS 0x0000000084800000, 0x0000000084800000| Untracked 
|  23|0x0000000084900000, 0x0000000084900000, 0x0000000084a00000|  0%| F|  |TAMS 0x0000000084900000, 0x0000000084900000| Untracked 
|  24|0x0000000084a00000, 0x0000000084a00000, 0x0000000084b00000|  0%| F|  |TAMS 0x0000000084a00000, 0x0000000084a00000| Untracked 
|  25|0x0000000084b00000, 0x0000000084b00000, 0x0000000084c00000|  0%| F|  |TAMS 0x0000000084b00000, 0x0000000084b00000| Untracked 
|  26|0x0000000084c00000, 0x0000000084c00000, 0x0000000084d00000|  0%| F|  |TAMS 0x0000000084c00000, 0x0000000084c00000| Untracked 
|  27|0x0000000084d00000, 0x0000000084d00000, 0x0000000084e00000|  0%| F|  |TAMS 0x0000000084d00000, 0x0000000084d00000| Untracked 
|  28|0x0000000084e00000, 0x0000000084e00000, 0x0000000084f00000|  0%| F|  |TAMS 0x0000000084e00000, 0x0000000084e00000| Untracked 
|  29|0x0000000084f00000, 0x0000000084f00000, 0x0000000085000000|  0%| F|  |TAMS 0x0000000084f00000, 0x0000000084f00000| Untracked 
|  30|0x0000000085000000, 0x0000000085000000, 0x0000000085100000|  0%| F|  |TAMS 0x0000000085000000, 0x0000000085000000| Untracked 
|  31|0x0000000085100000, 0x0000000085100000, 0x0000000085200000|  0%| F|  |TAMS 0x0000000085100000, 0x0000000085100000| Untracked 
|  32|0x0000000085200000, 0x0000000085200000, 0x0000000085300000|  0%| F|  |TAMS 0x0000000085200000, 0x0000000085200000| Untracked 
|  33|0x0000000085300000, 0x0000000085300000, 0x0000000085400000|  0%| F|  |TAMS 0x0000000085300000, 0x0000000085300000| Untracked 
|  34|0x0000000085400000, 0x0000000085400000, 0x0000000085500000|  0%| F|  |TAMS 0x0000000085400000, 0x0000000085400000| Untracked 
|  35|0x0000000085500000, 0x000000008556d230, 0x0000000085600000| 42%| S|CS|TAMS 0x0000000085500000, 0x0000000085500000| Complete 
|  36|0x0000000085600000, 0x0000000085700000, 0x0000000085700000|100%| S|CS|TAMS 0x0000000085600000, 0x0000000085600000| Complete 
|  37|0x0000000085700000, 0x0000000085800000, 0x0000000085800000|100%| S|CS|TAMS 0x0000000085700000, 0x0000000085700000| Complete 
|  38|0x0000000085800000, 0x0000000085800000, 0x0000000085900000|  0%| F|  |TAMS 0x0000000085800000, 0x0000000085800000| Untracked 
|  39|0x0000000085900000, 0x0000000085900000, 0x0000000085a00000|  0%| F|  |TAMS 0x0000000085900000, 0x0000000085900000| Untracked 
|  40|0x0000000085a00000, 0x0000000085a00000, 0x0000000085b00000|  0%| F|  |TAMS 0x0000000085a00000, 0x0000000085a00000| Untracked 
|  41|0x0000000085b00000, 0x0000000085b00000, 0x0000000085c00000|  0%| F|  |TAMS 0x0000000085b00000, 0x0000000085b00000| Untracked 
|  42|0x0000000085c00000, 0x0000000085c00000, 0x0000000085d00000|  0%| F|  |TAMS 0x0000000085c00000, 0x0000000085c00000| Untracked 
|  43|0x0000000085d00000, 0x0000000085d00000, 0x0000000085e00000|  0%| F|  |TAMS 0x0000000085d00000, 0x0000000085d00000| Untracked 
|  44|0x0000000085e00000, 0x0000000085e00000, 0x0000000085f00000|  0%| F|  |TAMS 0x0000000085e00000, 0x0000000085e00000| Untracked 
|  45|0x0000000085f00000, 0x0000000085f1f398, 0x0000000086000000| 12%| E|  |TAMS 0x0000000085f00000, 0x0000000085f00000| Complete 
|  46|0x0000000086000000, 0x0000000086100000, 0x0000000086100000|100%| E|CS|TAMS 0x0000000086000000, 0x0000000086000000| Complete 
|  64|0x0000000087200000, 0x0000000087300000, 0x0000000087300000|100%| E|CS|TAMS 0x0000000087200000, 0x0000000087200000| Complete 
|  65|0x0000000087300000, 0x0000000087400000, 0x0000000087400000|100%| E|CS|TAMS 0x0000000087300000, 0x0000000087300000| Complete 
|  66|0x0000000087400000, 0x0000000087500000, 0x0000000087500000|100%| E|CS|TAMS 0x0000000087400000, 0x0000000087400000| Complete 
|  67|0x0000000087500000, 0x0000000087600000, 0x0000000087600000|100%| E|CS|TAMS 0x0000000087500000, 0x0000000087500000| Complete 
|  68|0x0000000087600000, 0x0000000087700000, 0x0000000087700000|100%| E|CS|TAMS 0x0000000087600000, 0x0000000087600000| Complete 
| 125|0x000000008af00000, 0x000000008b000000, 0x000000008b000000|100%| E|CS|TAMS 0x000000008af00000, 0x000000008af00000| Complete 

Card table byte_map: [0x000001e51e800000,0x000001e51ebf0000] _byte_map_base: 0x000001e51e3e7000

Marking Bits (Prev, Next): (CMBitMap*) 0x000001e5078cbaa0, (CMBitMap*) 0x000001e5078cbae0
 Prev Bits: [0x000001e51efe0000, 0x000001e520f18000)
 Next Bits: [0x000001e520f20000, 0x000001e522e58000)

Polling page: 0x000001e505840000

Metaspace:

Usage:
  Non-class:     31.26 MB used.
      Class:      4.85 MB used.
       Both:     36.11 MB used.

Virtual space:
  Non-class space:       32.00 MB reserved,      31.50 MB ( 98%) committed,  4 nodes.
      Class space:        1.00 GB reserved,       5.06 MB ( <1%) committed,  1 nodes.
             Both:        1.03 GB reserved,      36.56 MB (  3%) committed. 

Chunk freelists:
   Non-Class:  160.00 KB
       Class:  2.95 MB
        Both:  3.11 MB

MaxMetaspaceSize: unlimited
CompressedClassSpaceSize: 1.00 GB
Initial GC threshold: 21.00 MB
Current GC threshold: 58.69 MB
CDS: on
MetaspaceReclaimPolicy: balanced
 - commit_granule_bytes: 65536.
 - commit_granule_words: 8192.
 - virtual_space_node_default_size: 1048576.
 - enlarge_chunks_in_place: 1.
 - new_chunks_are_fully_committed: 0.
 - uncommit_free_chunks: 1.
 - use_allocation_guard: 0.
 - handle_deallocations: 1.


Internal statistics:

num_allocs_failed_limit: 6.
num_arena_births: 496.
num_arena_deaths: 0.
num_vsnodes_births: 5.
num_vsnodes_deaths: 0.
num_space_committed: 585.
num_space_uncommitted: 0.
num_chunks_returned_to_freelist: 6.
num_chunks_taken_from_freelist: 1812.
num_chunk_merges: 6.
num_chunk_splits: 1272.
num_chunks_enlarged: 994.
num_purges: 0.
num_inconsistent_stats: 0.

CodeHeap 'non-profiled nmethods': size=120000Kb used=2469Kb max_used=2469Kb free=117530Kb
 bounds [0x000001e516bb0000, 0x000001e516e20000, 0x000001e51e0e0000]
CodeHeap 'profiled nmethods': size=120000Kb used=9442Kb max_used=9442Kb free=110558Kb
 bounds [0x000001e50f0e0000, 0x000001e50fa20000, 0x000001e516610000]
CodeHeap 'non-nmethods': size=5760Kb used=1271Kb max_used=1300Kb free=4488Kb
 bounds [0x000001e516610000, 0x000001e516880000, 0x000001e516bb0000]
 total_blobs=4919 nmethods=4344 adapters=487
 compilation: enabled
              stopped_count=0, restarted_count=0
 full_count=0

Compilation events (20 events):
Event: 9.836 Thread 0x000001e52587f480 4337       4       org.springframework.util.ObjectUtils::nullSafeHashCode (174 bytes)
Event: 9.839 Thread 0x000001e52587f480 nmethod 4337 0x000001e516e14510 code [0x000001e516e146a0, 0x000001e516e147a8]
Event: 9.844 Thread 0x000001e527bc8490 nmethod 4338 0x000001e516e14890 code [0x000001e516e14ac0, 0x000001e516e153a0]
Event: 22.551 Thread 0x000001e52587ff20 4340       3       java.lang.invoke.MethodHandleImpl$IntrinsicMethodHandle::<init> (25 bytes)
Event: 22.553 Thread 0x000001e52587ff20 nmethod 4340 0x000001e50fa12f90 code [0x000001e50fa13160, 0x000001e50fa137b8]
Event: 22.554 Thread 0x000001e52587f480 4341       4       java.net.URLStreamHandler::toExternalForm (156 bytes)
Event: 22.653 Thread 0x000001e52587f480 nmethod 4341 0x000001e516e15d10 code [0x000001e516e15f60, 0x000001e516e17bd0]
Event: 22.677 Thread 0x000001e52587ff20 4342       3       java.lang.CharacterData::of (136 bytes)
Event: 22.677 Thread 0x000001e52587f480 4343       4       java.lang.Character::isWhitespace (9 bytes)
Event: 22.678 Thread 0x000001e52587ff20 nmethod 4342 0x000001e50fa13990 code [0x000001e50fa13bc0, 0x000001e50fa143f8]
Event: 22.678 Thread 0x000001e52587ff20 4344       1       java.lang.CharacterDataUndefined::isWhitespace (2 bytes)
Event: 22.678 Thread 0x000001e52587ff20 nmethod 4344 0x000001e516e18e10 code [0x000001e516e18fa0, 0x000001e516e19078]
Event: 22.679 Thread 0x000001e52587ff20 4345       3       java.lang.CharacterDataLatin1::isWhitespace (23 bytes)
Event: 22.679 Thread 0x000001e52587ff20 nmethod 4345 0x000001e50fa14610 code [0x000001e50fa147c0, 0x000001e50fa149b8]
Event: 22.680 Thread 0x000001e52587f480 nmethod 4343 0x000001e516e19110 code [0x000001e516e192a0, 0x000001e516e193f8]
Event: 22.681 Thread 0x000001e52587ff20 4346       3       java.lang.Character::isISOControl (25 bytes)
Event: 22.681 Thread 0x000001e52587ff20 nmethod 4346 0x000001e50fa14b10 code [0x000001e50fa14ca0, 0x000001e50fa14e58]
Event: 22.735 Thread 0x000001e52587f480 4347  s    4       java.util.jar.JarFile::getInputStream (72 bytes)
Event: 22.763 Thread 0x000001e52587ff20 4348       3       java.util.IdentityHashMap::put (137 bytes)
Event: 22.764 Thread 0x000001e52587ff20 nmethod 4348 0x000001e50fa14f10 code [0x000001e50fa15140, 0x000001e50fa15c18]

GC Heap History (16 events):
Event: 1.353 GC heap before
{Heap before GC invocations=0 (full 0):
 garbage-first heap   total 129024K, used 25600K [0x0000000083200000, 0x0000000100000000)
  region size 1024K, 23 young (23552K), 0 survivors (0K)
 Metaspace       used 5768K, committed 5952K, reserved 1056768K
  class space    used 660K, committed 768K, reserved 1048576K
}
Event: 1.364 GC heap after
{Heap after GC invocations=1 (full 0):
 garbage-first heap   total 129024K, used 6315K [0x0000000083200000, 0x0000000100000000)
  region size 1024K, 3 young (3072K), 3 survivors (3072K)
 Metaspace       used 5768K, committed 5952K, reserved 1056768K
  class space    used 660K, committed 768K, reserved 1048576K
}
Event: 2.490 GC heap before
{Heap before GC invocations=1 (full 0):
 garbage-first heap   total 129024K, used 32939K [0x0000000083200000, 0x0000000100000000)
  region size 1024K, 29 young (29696K), 3 survivors (3072K)
 Metaspace       used 11683K, committed 11968K, reserved 1064960K
  class space    used 1496K, committed 1600K, reserved 1048576K
}
Event: 2.501 GC heap after
{Heap after GC invocations=2 (full 0):
 garbage-first heap   total 129024K, used 8048K [0x0000000083200000, 0x0000000100000000)
  region size 1024K, 2 young (2048K), 2 survivors (2048K)
 Metaspace       used 11683K, committed 11968K, reserved 1064960K
  class space    used 1496K, committed 1600K, reserved 1048576K
}
Event: 4.676 GC heap before
{Heap before GC invocations=2 (full 0):
 garbage-first heap   total 129024K, used 62320K [0x0000000083200000, 0x0000000100000000)
  region size 1024K, 57 young (58368K), 2 survivors (2048K)
 Metaspace       used 21216K, committed 21504K, reserved 1073152K
  class space    used 2719K, committed 2880K, reserved 1048576K
}
Event: 4.695 GC heap after
{Heap after GC invocations=3 (full 0):
 garbage-first heap   total 129024K, used 11402K [0x0000000083200000, 0x0000000100000000)
  region size 1024K, 5 young (5120K), 5 survivors (5120K)
 Metaspace       used 21216K, committed 21504K, reserved 1073152K
  class space    used 2719K, committed 2880K, reserved 1048576K
}
Event: 5.690 GC heap before
{Heap before GC invocations=4 (full 0):
 garbage-first heap   total 45056K, used 32906K [0x0000000083200000, 0x0000000100000000)
  region size 1024K, 26 young (26624K), 5 survivors (5120K)
 Metaspace       used 24788K, committed 25152K, reserved 1073152K
  class space    used 3223K, committed 3392K, reserved 1048576K
}
Event: 5.713 GC heap after
{Heap after GC invocations=5 (full 0):
 garbage-first heap   total 45056K, used 13611K [0x0000000083200000, 0x0000000100000000)
  region size 1024K, 3 young (3072K), 3 survivors (3072K)
 Metaspace       used 24788K, committed 25152K, reserved 1073152K
  class space    used 3223K, committed 3392K, reserved 1048576K
}
Event: 6.268 GC heap before
{Heap before GC invocations=5 (full 0):
 garbage-first heap   total 45056K, used 31019K [0x0000000083200000, 0x0000000100000000)
  region size 1024K, 20 young (20480K), 3 survivors (3072K)
 Metaspace       used 28753K, committed 29120K, reserved 1081344K
  class space    used 3798K, committed 3968K, reserved 1048576K
}
Event: 6.280 GC heap after
{Heap after GC invocations=6 (full 0):
 garbage-first heap   total 45056K, used 14681K [0x0000000083200000, 0x0000000100000000)
  region size 1024K, 2 young (2048K), 2 survivors (2048K)
 Metaspace       used 28753K, committed 29120K, reserved 1081344K
  class space    used 3798K, committed 3968K, reserved 1048576K
}
Event: 7.349 GC heap before
{Heap before GC invocations=6 (full 0):
 garbage-first heap   total 45056K, used 31065K [0x0000000083200000, 0x0000000100000000)
  region size 1024K, 19 young (19456K), 2 survivors (2048K)
 Metaspace       used 31488K, committed 31936K, reserved 1081344K
  class space    used 4188K, committed 4416K, reserved 1048576K
}
Event: 7.363 GC heap after
{Heap after GC invocations=7 (full 0):
 garbage-first heap   total 45056K, used 15534K [0x0000000083200000, 0x0000000100000000)
  region size 1024K, 3 young (3072K), 3 survivors (3072K)
 Metaspace       used 31488K, committed 31936K, reserved 1081344K
  class space    used 4188K, committed 4416K, reserved 1048576K
}
Event: 8.205 GC heap before
{Heap before GC invocations=7 (full 0):
 garbage-first heap   total 45056K, used 32942K [0x0000000083200000, 0x0000000100000000)
  region size 1024K, 20 young (20480K), 3 survivors (3072K)
 Metaspace       used 33571K, committed 33984K, reserved 1081344K
  class space    used 4482K, committed 4672K, reserved 1048576K
}
Event: 8.220 GC heap after
{Heap after GC invocations=8 (full 0):
 garbage-first heap   total 45056K, used 17068K [0x0000000083200000, 0x0000000100000000)
  region size 1024K, 3 young (3072K), 3 survivors (3072K)
 Metaspace       used 33571K, committed 33984K, reserved 1081344K
  class space    used 4482K, committed 4672K, reserved 1048576K
}
Event: 8.721 GC heap before
{Heap before GC invocations=8 (full 0):
 garbage-first heap   total 45056K, used 22188K [0x0000000083200000, 0x0000000100000000)
  region size 1024K, 9 young (9216K), 3 survivors (3072K)
 Metaspace       used 35510K, committed 35968K, reserved 1081344K
  class space    used 4750K, committed 4928K, reserved 1048576K
}
Event: 8.736 GC heap after
{Heap after GC invocations=9 (full 0):
 garbage-first heap   total 54272K, used 17972K [0x0000000083200000, 0x0000000100000000)
  region size 1024K, 3 young (3072K), 3 survivors (3072K)
 Metaspace       used 35510K, committed 35968K, reserved 1081344K
  class space    used 4750K, committed 4928K, reserved 1048576K
}

Deoptimization events (20 events):
Event: 9.698 Thread 0x000001e5078713c0 Uncommon trap: trap_request=0xffffff45 fr.pc=0x000001e516d3966c relative=0x00000000000007cc
Event: 9.698 Thread 0x000001e5078713c0 Uncommon trap: reason=unstable_if action=reinterpret pc=0x000001e516d3966c method=org.springframework.boot.context.properties.source.ConfigurationPropertyName.hashCode()I @ 18 c2
Event: 9.698 Thread 0x000001e5078713c0 DEOPT PACKING pc=0x000001e516d3966c sp=0x0000000e929fd330
Event: 9.698 Thread 0x000001e5078713c0 DEOPT UNPACKING pc=0x000001e516665ba3 sp=0x0000000e929fd2b8 mode 2
Event: 9.716 Thread 0x000001e5078713c0 Uncommon trap: trap_request=0xffffffcc fr.pc=0x000001e516e0c438 relative=0x0000000000000218
Event: 9.716 Thread 0x000001e5078713c0 Uncommon trap: reason=intrinsic_or_type_checked_inlining action=make_not_entrant pc=0x000001e516e0c438 method=java.util.ArrayList.toArray([Ljava/lang/Object;)[Ljava/lang/Object; @ 36 c2
Event: 9.716 Thread 0x000001e5078713c0 DEOPT PACKING pc=0x000001e516e0c438 sp=0x0000000e929fb7e0
Event: 9.716 Thread 0x000001e5078713c0 DEOPT UNPACKING pc=0x000001e516665ba3 sp=0x0000000e929fb780 mode 2
Event: 9.770 Thread 0x000001e5078713c0 Uncommon trap: trap_request=0xffffffdc fr.pc=0x000001e516e0e240 relative=0x00000000000002a0
Event: 9.770 Thread 0x000001e5078713c0 Uncommon trap: reason=class_check action=make_not_entrant pc=0x000001e516e0e240 method=java.util.ArrayList.toArray([Ljava/lang/Object;)[Ljava/lang/Object; @ 21 c2
Event: 9.770 Thread 0x000001e5078713c0 DEOPT PACKING pc=0x000001e516e0e240 sp=0x0000000e929fe640
Event: 9.770 Thread 0x000001e5078713c0 DEOPT UNPACKING pc=0x000001e516665ba3 sp=0x0000000e929fe600 mode 2
Event: 22.676 Thread 0x000001e52b039820 Uncommon trap: trap_request=0xffffff45 fr.pc=0x000001e516c91ed4 relative=0x0000000000000054
Event: 22.676 Thread 0x000001e52b039820 Uncommon trap: reason=unstable_if action=reinterpret pc=0x000001e516c91ed4 method=java.lang.CharacterData.of(I)Ljava/lang/CharacterData; @ 15 c2
Event: 22.676 Thread 0x000001e52b039820 DEOPT PACKING pc=0x000001e516c91ed4 sp=0x0000000e94afdb00
Event: 22.676 Thread 0x000001e52b039820 DEOPT UNPACKING pc=0x000001e516665ba3 sp=0x0000000e94afda88 mode 2
Event: 22.679 Thread 0x000001e52b039820 Uncommon trap: trap_request=0xffffff45 fr.pc=0x000001e516c19484 relative=0x0000000000000084
Event: 22.679 Thread 0x000001e52b039820 Uncommon trap: reason=unstable_if action=reinterpret pc=0x000001e516c19484 method=java.lang.CharacterDataLatin1.isWhitespace(I)Z @ 14 c2
Event: 22.679 Thread 0x000001e52b039820 DEOPT PACKING pc=0x000001e516c19484 sp=0x0000000e94afdb00
Event: 22.679 Thread 0x000001e52b039820 DEOPT UNPACKING pc=0x000001e516665ba3 sp=0x0000000e94afda70 mode 2

Classes unloaded (0 events):
No events

Classes redefined (0 events):
No events

Internal exceptions (20 events):
Event: 7.266 Thread 0x000001e5078713c0 Exception <a 'java/lang/NoSuchMethodError'{0x0000000084d25388}: 'int java.lang.invoke.DirectMethodHandle$Holder.invokeStatic(java.lang.Object)'> (0x0000000084d25388) 
thrown [s\open\src\hotspot\share\interpreter\linkResolver.cpp, line 759]
Event: 7.267 Thread 0x000001e5078713c0 Exception <a 'java/lang/NoSuchMethodError'{0x0000000084d28a30}: 'int java.lang.invoke.DirectMethodHandle$Holder.invokeStaticInit(java.lang.Object)'> (0x0000000084d28a30) 
thrown [s\open\src\hotspot\share\interpreter\linkResolver.cpp, line 759]
Event: 7.272 Thread 0x000001e5078713c0 Exception <a 'java/lang/NoSuchMethodError'{0x0000000084d399d8}: 'java.lang.Object java.lang.invoke.DirectMethodHandle$Holder.invokeStaticInit(java.lang.Object, int, int, int, int)'> (0x0000000084d399d8) 
thrown [s\open\src\hotspot\share\interpreter\linkResolver.cpp, line 759]
Event: 7.314 Thread 0x000001e5078713c0 Exception <a 'java/lang/NoSuchMethodError'{0x0000000084d66260}: 'java.lang.Object java.lang.invoke.DirectMethodHandle$Holder.invokeStaticInit(java.lang.Object, java.lang.Object, int, int, int, int)'> (0x0000000084d66260) 
thrown [s\open\src\hotspot\share\interpreter\linkResolver.cpp, line 759]
Event: 7.570 Thread 0x000001e5078713c0 Exception <a 'java/lang/IncompatibleClassChangeError'{0x00000000872e4920}: Found class java.lang.Object, but interface was expected> (0x00000000872e4920) 
thrown [s\open\src\hotspot\share\interpreter\linkResolver.cpp, line 826]
Event: 7.636 Thread 0x000001e5078713c0 Exception <a 'java/lang/IncompatibleClassChangeError'{0x000000008564cd08}: Found class java.lang.Object, but interface was expected> (0x000000008564cd08) 
thrown [s\open\src\hotspot\share\interpreter\linkResolver.cpp, line 826]
Event: 7.709 Thread 0x000001e5078713c0 Implicit null exception at 0x000001e516cf2b3d to 0x000001e516cf2f13
Event: 7.714 Thread 0x000001e5078713c0 Exception <a 'java/lang/IncompatibleClassChangeError'{0x00000000855ce900}: Found class java.lang.Object, but interface was expected> (0x00000000855ce900) 
thrown [s\open\src\hotspot\share\interpreter\linkResolver.cpp, line 826]
Event: 7.784 Thread 0x000001e5078713c0 Exception <a 'java/lang/IncompatibleClassChangeError'{0x00000000853ab1f8}: Found class java.lang.Object, but interface was expected> (0x00000000853ab1f8) 
thrown [s\open\src\hotspot\share\interpreter\linkResolver.cpp, line 826]
Event: 7.922 Thread 0x000001e5078713c0 Exception <a 'java/lang/IncompatibleClassChangeError'{0x00000000850b17c8}: Found class java.lang.Object, but interface was expected> (0x00000000850b17c8) 
thrown [s\open\src\hotspot\share\interpreter\linkResolver.cpp, line 826]
Event: 8.179 Thread 0x000001e5078713c0 Exception <a 'java/lang/NoSuchMethodError'{0x0000000084d5acf8}: 'java.lang.Object java.lang.invoke.DirectMethodHandle$Holder.newInvokeSpecial(java.lang.Object, java.lang.Object, int, java.lang.Object, java.lang.Object)'> (0x0000000084d5acf8) 
thrown [s\open\src\hotspot\share\interpreter\linkResolver.cpp, line 759]
Event: 8.181 Thread 0x000001e5078713c0 Exception <a 'java/lang/NoSuchMethodError'{0x0000000084d69dc8}: 'java.lang.Object java.lang.invoke.DirectMethodHandle$Holder.newInvokeSpecial(java.lang.Object, java.lang.Object, java.lang.Object, int)'> (0x0000000084d69dc8) 
thrown [s\open\src\hotspot\share\interpreter\linkResolver.cpp, line 759]
Event: 8.182 Thread 0x000001e5078713c0 Exception <a 'java/lang/NoSuchMethodError'{0x0000000084d6e0b0}: 'java.lang.Object java.lang.invoke.DirectMethodHandle$Holder.invokeSpecial(java.lang.Object, java.lang.Object, java.lang.Object, java.lang.Object, int)'> (0x0000000084d6e0b0) 
thrown [s\open\src\hotspot\share\interpreter\linkResolver.cpp, line 759]
Event: 8.182 Thread 0x000001e5078713c0 Exception <a 'java/lang/NoSuchMethodError'{0x0000000084d71c78}: 'java.lang.Object java.lang.invoke.Invokers$Holder.linkToTargetMethod(java.lang.Object, java.lang.Object, int, java.lang.Object)'> (0x0000000084d71c78) 
thrown [s\open\src\hotspot\share\interpreter\linkResolver.cpp, line 759]
Event: 8.336 Thread 0x000001e5078713c0 Exception <a 'java/lang/UnsatisfiedLinkError'{0x0000000087651460}: 'int io.netty.channel.epoll.Native.offsetofEpollData()'> (0x0000000087651460) 
thrown [s\open\src\hotspot\share\prims\nativeLookup.cpp, line 543]
Event: 8.337 Thread 0x000001e5078713c0 Exception <a 'java/lang/ExceptionInInitializerError'{0x00000000876528f8}> (0x00000000876528f8) 
thrown [s\open\src\hotspot\share\oops\instanceKlass.cpp, line 1171]
Event: 8.420 Thread 0x000001e5078713c0 Exception <a 'java/lang/NoSuchMethodError'{0x00000000875a5ad0}: 'java.lang.Object java.lang.invoke.DirectMethodHandle$Holder.newInvokeSpecial(java.lang.Object, java.lang.Object, int, java.lang.Object)'> (0x00000000875a5ad0) 
thrown [s\open\src\hotspot\share\interpreter\linkResolver.cpp, line 759]
Event: 8.421 Thread 0x000001e5078713c0 Exception <a 'java/lang/NoSuchMethodError'{0x00000000875a9698}: 'java.lang.Object java.lang.invoke.Invokers$Holder.linkToTargetMethod(java.lang.Object, int, java.lang.Object, java.lang.Object)'> (0x00000000875a9698) 
thrown [s\open\src\hotspot\share\interpreter\linkResolver.cpp, line 759]
Event: 8.830 Thread 0x000001e5078713c0 Exception <a 'java/lang/IncompatibleClassChangeError'{0x000000008af19e78}: Found class java.lang.Object, but interface was expected> (0x000000008af19e78) 
thrown [s\open\src\hotspot\share\interpreter\linkResolver.cpp, line 826]
Event: 22.550 Thread 0x000001e52b039820 Exception <a 'java/lang/NoSuchMethodError'{0x0000000087369500}: 'java.lang.Object java.lang.invoke.DirectMethodHandle$Holder.invokeStaticInit(java.lang.Object, java.lang.Object, java.lang.Object, java.lang.Object)'> (0x0000000087369500) 
thrown [s\open\src\hotspot\share\interpreter\linkResolver.cpp, line 759]

VM Operations (20 events):
Event: 7.660 Executing VM operation: HandshakeAllThreads
Event: 7.660 Executing VM operation: HandshakeAllThreads done
Event: 7.737 Executing VM operation: HandshakeAllThreads
Event: 7.737 Executing VM operation: HandshakeAllThreads done
Event: 8.087 Executing VM operation: HandshakeAllThreads
Event: 8.087 Executing VM operation: HandshakeAllThreads done
Event: 8.200 Executing VM operation: HandshakeAllThreads
Event: 8.200 Executing VM operation: HandshakeAllThreads done
Event: 8.204 Executing VM operation: G1CollectForAllocation
Event: 8.220 Executing VM operation: G1CollectForAllocation done
Event: 8.262 Executing VM operation: HandshakeAllThreads
Event: 8.262 Executing VM operation: HandshakeAllThreads done
Event: 8.720 Executing VM operation: CollectForMetadataAllocation
Event: 8.736 Executing VM operation: CollectForMetadataAllocation done
Event: 8.770 Executing VM operation: G1Concurrent
Event: 8.781 Executing VM operation: G1Concurrent done
Event: 8.810 Executing VM operation: G1Concurrent
Event: 8.812 Executing VM operation: G1Concurrent done
Event: 9.815 Executing VM operation: Cleanup
Event: 9.815 Executing VM operation: Cleanup done

Events (20 events):
Event: 22.452 loading class sun/nio/ch/SocketAdaptor
Event: 22.453 loading class sun/nio/ch/SocketAdaptor done
Event: 22.455 loading class sun/nio/ch/SocketChannelImpl$DefaultOptionsHolder
Event: 22.455 loading class sun/nio/ch/SocketChannelImpl$DefaultOptionsHolder done
Event: 22.455 loading class sun/nio/ch/ExtendedSocketOption
Event: 22.456 loading class sun/nio/ch/ExtendedSocketOption done
Event: 22.456 loading class sun/nio/ch/ExtendedSocketOption$1
Event: 22.456 loading class sun/nio/ch/ExtendedSocketOption$1 done
Event: 22.456 loading class sun/nio/ch/SocketOptionRegistry
Event: 22.456 loading class sun/nio/ch/SocketOptionRegistry done
Event: 22.456 loading class sun/nio/ch/SocketOptionRegistry$RegistryKey
Event: 22.456 loading class sun/nio/ch/SocketOptionRegistry$RegistryKey done
Event: 22.456 loading class sun/nio/ch/SocketOptionRegistry$LazyInitialization
Event: 22.456 loading class sun/nio/ch/SocketOptionRegistry$LazyInitialization done
Event: 22.457 loading class sun/nio/ch/OptionKey
Event: 22.457 loading class sun/nio/ch/OptionKey done
Event: 22.460 Thread 0x000001e52b575a40 Thread added: 0x000001e52b575a40
Event: 22.461 Thread 0x000001e52b039820 Thread added: 0x000001e52b039820
Event: 22.676 loading class java/lang/CharacterDataUndefined
Event: 22.677 loading class java/lang/CharacterDataUndefined done


Dynamic libraries:
0x00007ff6b2af0000 - 0x00007ff6b2b00000 	C:\Program Files\Java\jdk-17\bin\java.exe
0x00007ffe13a90000 - 0x00007ffe13ca7000 	C:\WINDOWS\SYSTEM32\ntdll.dll
0x00007ffe13390000 - 0x00007ffe13454000 	C:\WINDOWS\System32\KERNEL32.DLL
0x00007ffe11230000 - 0x00007ffe115d7000 	C:\WINDOWS\System32\KERNELBASE.dll
0x00007ffe10de0000 - 0x00007ffe10ef1000 	C:\WINDOWS\System32\ucrtbase.dll
0x00007ffdcbac0000 - 0x00007ffdcbadb000 	C:\Program Files\Java\jdk-17\bin\VCRUNTIME140.dll
0x00007ffdcc040000 - 0x00007ffdcc058000 	C:\Program Files\Java\jdk-17\bin\jli.dll
0x00007ffe11ba0000 - 0x00007ffe11c52000 	C:\WINDOWS\System32\ADVAPI32.dll
0x00007ffe12520000 - 0x00007ffe125c7000 	C:\WINDOWS\System32\msvcrt.dll
0x00007ffe126f0000 - 0x00007ffe12798000 	C:\WINDOWS\System32\sechost.dll
0x00007ffe10db0000 - 0x00007ffe10dd8000 	C:\WINDOWS\System32\bcrypt.dll
0x00007ffe13640000 - 0x00007ffe13755000 	C:\WINDOWS\System32\RPCRT4.dll
0x00007ffe12290000 - 0x00007ffe1243e000 	C:\WINDOWS\System32\USER32.dll
0x00007ffe115e0000 - 0x00007ffe11606000 	C:\WINDOWS\System32\win32u.dll
0x00007ffe12460000 - 0x00007ffe12489000 	C:\WINDOWS\System32\GDI32.dll
0x00007ffe10f00000 - 0x00007ffe11019000 	C:\WINDOWS\System32\gdi32full.dll
0x00007ffe11020000 - 0x00007ffe110ba000 	C:\WINDOWS\System32\msvcp_win.dll
0x00007ffde4b40000 - 0x00007ffde4dd3000 	C:\WINDOWS\WinSxS\amd64_microsoft.windows.common-controls_6595b64144ccf1df_6.0.22621.3527_none_270e469b73872a76\COMCTL32.dll
0x00007ffe015a0000 - 0x00007ffe015aa000 	C:\WINDOWS\SYSTEM32\VERSION.dll
0x00007ffe12620000 - 0x00007ffe12651000 	C:\WINDOWS\System32\IMM32.DLL
0x00007ffe05a40000 - 0x00007ffe05a4c000 	C:\Program Files\Java\jdk-17\bin\vcruntime140_1.dll
0x00007ffdc7860000 - 0x00007ffdc78ee000 	C:\Program Files\Java\jdk-17\bin\msvcp140.dll
0x00007ffd54bf0000 - 0x00007ffd557c7000 	C:\Program Files\Java\jdk-17\bin\server\jvm.dll
0x00007ffe117c0000 - 0x00007ffe117c8000 	C:\WINDOWS\System32\PSAPI.DLL
0x00007ffde5020000 - 0x00007ffde5029000 	C:\WINDOWS\SYSTEM32\WSOCK32.dll
0x00007ffe124a0000 - 0x00007ffe12511000 	C:\WINDOWS\System32\WS2_32.dll
0x00007ffe093c0000 - 0x00007ffe093f4000 	C:\WINDOWS\SYSTEM32\WINMM.dll
0x00007ffe0fda0000 - 0x00007ffe0fdb8000 	C:\WINDOWS\SYSTEM32\kernel.appcore.dll
0x00007ffdf7d00000 - 0x00007ffdf7d0a000 	C:\Program Files\Java\jdk-17\bin\jimage.dll
0x00007ffe0dee0000 - 0x00007ffe0e112000 	C:\WINDOWS\SYSTEM32\DBGHELP.DLL
0x00007ffe127a0000 - 0x00007ffe12b28000 	C:\WINDOWS\System32\combase.dll
0x00007ffe11830000 - 0x00007ffe11907000 	C:\WINDOWS\System32\OLEAUT32.dll
0x00007ffe060b0000 - 0x00007ffe060e2000 	C:\WINDOWS\SYSTEM32\dbgcore.DLL
0x00007ffe11610000 - 0x00007ffe11689000 	C:\WINDOWS\System32\bcryptPrimitives.dll
0x00007ffe0d470000 - 0x00007ffe0d47e000 	C:\Program Files\Java\jdk-17\bin\instrument.dll
0x00007ffdcadc0000 - 0x00007ffdcade5000 	C:\Program Files\Java\jdk-17\bin\java.dll
0x00007ffdb4770000 - 0x00007ffdb4847000 	C:\Program Files\Java\jdk-17\bin\jsvml.dll
0x00007ffe12b30000 - 0x00007ffe1338c000 	C:\WINDOWS\System32\SHELL32.dll
0x00007ffe0eca0000 - 0x00007ffe0f596000 	C:\WINDOWS\SYSTEM32\windows.storage.dll
0x00007ffe0eb60000 - 0x00007ffe0ec9e000 	C:\WINDOWS\SYSTEM32\wintypes.dll
0x00007ffe11c60000 - 0x00007ffe11d55000 	C:\WINDOWS\System32\SHCORE.dll
0x00007ffe11ac0000 - 0x00007ffe11b1e000 	C:\WINDOWS\System32\shlwapi.dll
0x00007ffe10ce0000 - 0x00007ffe10d01000 	C:\WINDOWS\SYSTEM32\profapi.dll
0x00007ffdcada0000 - 0x00007ffdcadb8000 	C:\Program Files\Java\jdk-17\bin\zip.dll
0x00007ffdcb240000 - 0x00007ffdcb259000 	C:\Program Files\Java\jdk-17\bin\net.dll
0x00007ffe0b1b0000 - 0x00007ffe0b2e6000 	C:\WINDOWS\SYSTEM32\WINHTTP.dll
0x00007ffe10200000 - 0x00007ffe10269000 	C:\WINDOWS\system32\mswsock.dll
0x00007ffdcbaa0000 - 0x00007ffdcbab6000 	C:\Program Files\Java\jdk-17\bin\nio.dll
0x00007ffdf9010000 - 0x00007ffdf902a000 	C:\Program Files\JetBrains\IntelliJ IDEA Community Edition 2022.2.3\bin\breakgen64.dll
0x00007ffe0f800000 - 0x00007ffe0f82d000 	C:\WINDOWS\SYSTEM32\IPHLPAPI.DLL
0x00007ffe12490000 - 0x00007ffe12499000 	C:\WINDOWS\System32\NSI.dll
0x00007ffe0b0e0000 - 0x00007ffe0b0f9000 	C:\WINDOWS\SYSTEM32\dhcpcsvc6.DLL
0x00007ffe0b0c0000 - 0x00007ffe0b0df000 	C:\WINDOWS\SYSTEM32\dhcpcsvc.DLL
0x00007ffe0f870000 - 0x00007ffe0f968000 	C:\WINDOWS\SYSTEM32\DNSAPI.dll
0x00007ffe0a1b0000 - 0x00007ffe0a1ba000 	C:\Windows\System32\rasadhlp.dll
0x00007ffe08800000 - 0x00007ffe08883000 	C:\WINDOWS\System32\fwpuclnt.dll
0x00007ffe104c0000 - 0x00007ffe104db000 	C:\WINDOWS\SYSTEM32\CRYPTSP.dll
0x00007ffe0fd00000 - 0x00007ffe0fd35000 	C:\WINDOWS\system32\rsaenh.dll
0x00007ffe10340000 - 0x00007ffe10368000 	C:\WINDOWS\SYSTEM32\USERENV.dll
0x00007ffe104b0000 - 0x00007ffe104bc000 	C:\WINDOWS\SYSTEM32\CRYPTBASE.dll
0x00007ffe0d480000 - 0x00007ffe0d48d000 	C:\Program Files\Java\jdk-17\bin\sunmscapi.dll
0x00007ffe110c0000 - 0x00007ffe11228000 	C:\WINDOWS\System32\CRYPT32.dll
0x00007ffe10730000 - 0x00007ffe1075e000 	C:\WINDOWS\SYSTEM32\ncrypt.dll
0x00007ffe106f0000 - 0x00007ffe10727000 	C:\WINDOWS\SYSTEM32\NTASN1.dll
0x00007ffdf8eb0000 - 0x00007ffdf8eb8000 	C:\WINDOWS\system32\wshunix.dll
0x00007ffdf9000000 - 0x00007ffdf900a000 	C:\Program Files\Java\jdk-17\bin\management.dll
0x00007ffdf8ff0000 - 0x00007ffdf8ffb000 	C:\Program Files\Java\jdk-17\bin\management_ext.dll

dbghelp: loaded successfully - version: 4.0.5 - missing functions: none
symbol engine: initialized successfully - sym options: 0x614 - pdb path: .;C:\Program Files\Java\jdk-17\bin;C:\WINDOWS\SYSTEM32;C:\WINDOWS\WinSxS\amd64_microsoft.windows.common-controls_6595b64144ccf1df_6.0.22621.3527_none_270e469b73872a76;C:\Program Files\Java\jdk-17\bin\server;C:\Program Files\JetBrains\IntelliJ IDEA Community Edition 2022.2.3\bin

VM Arguments:
jvm_args: -javaagent:C:\Program Files\JetBrains\IntelliJ IDEA Community Edition 2022.2.3\lib\idea_rt.jar=61939:C:\Program Files\JetBrains\IntelliJ IDEA Community Edition 2022.2.3\bin -Dfile.encoding=UTF-8 
java_command: com.example.apigateway.ApigatewayApplication
java_class_path (initial): D:\SYNRGY\Challenge\F-BJV24001115-synergy7-mah-binfood-ch7\apigateway\target\classes;C:\Users\mahes\.m2\repository\org\springframework\cloud\spring-cloud-starter-gateway\4.1.4\spring-cloud-starter-gateway-4.1.4.jar;C:\Users\mahes\.m2\repository\org\springframework\cloud\spring-cloud-starter\4.1.3\spring-cloud-starter-4.1.3.jar;C:\Users\mahes\.m2\repository\org\springframework\cloud\spring-cloud-context\4.1.3\spring-cloud-context-4.1.3.jar;C:\Users\mahes\.m2\repository\org\springframework\security\spring-security-crypto\6.3.1\spring-security-crypto-6.3.1.jar;C:\Users\mahes\.m2\repository\org\springframework\cloud\spring-cloud-commons\4.1.3\spring-cloud-commons-4.1.3.jar;C:\Users\mahes\.m2\repository\org\springframework\security\spring-security-rsa\1.1.3\spring-security-rsa-1.1.3.jar;C:\Users\mahes\.m2\repository\org\bouncycastle\bcprov-jdk18on\1.78\bcprov-jdk18on-1.78.jar;C:\Users\mahes\.m2\repository\org\springframework\cloud\spring-cloud-gateway-server\4.1.4\spring-cloud-gateway-server-4.1.4.jar;C:\Users\mahes\.m2\repository\org\springframework\boot\spring-boot-starter-validation\3.3.1\spring-boot-starter-validation-3.3.1.jar;C:\Users\mahes\.m2\repository\org\apache\tomcat\embed\tomcat-embed-el\10.1.25\tomcat-embed-el-10.1.25.jar;C:\Users\mahes\.m2\repository\org\hibernate\validator\hibernate-validator\8.0.1.Final\hibernate-validator-8.0.1.Final.jar;C:\Users\mahes\.m2\repository\jakarta\validation\jakarta.validation-api\3.0.2\jakarta.validation-api-3.0.2.jar;C:\Users\mahes\.m2\repository\org\jboss\logging\jboss-logging\3.5.3.Final\jboss-logging-3.5.3.Final.jar;C:\Users\mahes\.m2\repository\com\fasterxml\classmate\1.7.0\classmate-1.7.0.jar;C:\Users\mahes\.m2\repository\io\projectreactor\addons\reactor-extra\3.5.1\reactor-extra-3.5.1.jar;C:\Users\mahes\.m2\repository\io\projectreactor\reactor-core\3.6.7\reactor-core-3.6.7.jar;C:\Users\mahes\.m2\repository\org\reactivestreams\reactive-streams\1.0.4\reactive-streams-1.0.4.jar;C:\Users\mahes
Launcher Type: SUN_STANDARD

[Global flags]
     intx CICompilerCount                          = 4                                         {product} {ergonomic}
     uint ConcGCThreads                            = 2                                         {product} {ergonomic}
     uint G1ConcRefinementThreads                  = 8                                         {product} {ergonomic}
   size_t G1HeapRegionSize                         = 1048576                                   {product} {ergonomic}
    uintx GCDrainStackTargetSize                   = 64                                        {product} {ergonomic}
   size_t InitialHeapSize                          = 132120576                                 {product} {ergonomic}
   size_t MarkStackSize                            = 4194304                                   {product} {ergonomic}
   size_t MaxHeapSize                              = 2095054848                                {product} {ergonomic}
   size_t MaxNewSize                               = 1256194048                                {product} {ergonomic}
   size_t MinHeapDeltaBytes                        = 1048576                                   {product} {ergonomic}
   size_t MinHeapSize                              = 8388608                                   {product} {ergonomic}
    uintx NonNMethodCodeHeapSize                   = 5839372                                {pd product} {ergonomic}
    uintx NonProfiledCodeHeapSize                  = 122909434                              {pd product} {ergonomic}
    uintx ProfiledCodeHeapSize                     = 122909434                              {pd product} {ergonomic}
    uintx ReservedCodeCacheSize                    = 251658240                              {pd product} {ergonomic}
     bool SegmentedCodeCache                       = true                                      {product} {ergonomic}
   size_t SoftMaxHeapSize                          = 2095054848                             {manageable} {ergonomic}
     bool UseCompressedClassPointers               = true                           {product lp64_product} {ergonomic}
     bool UseCompressedOops                        = true                           {product lp64_product} {ergonomic}
     bool UseG1GC                                  = true                                      {product} {ergonomic}
     bool UseLargePagesIndividualAllocation        = false                                  {pd product} {ergonomic}

Logging:
Log output configuration:
 #0: stdout all=warning uptime,level,tags
 #1: stderr all=off uptime,level,tags

Environment Variables:
JAVA_HOME=C:\Program Files\Java\jdk-17
PATH=C:\Program Files\Common Files\Oracle\Java\javapath;C:\Program Files (x86)\Common Files\Oracle\Java\javapath;C:\Windows\system32;C:\Windows;C:\Windows\System32\Wbem;C:\Windows\System32\WindowsPowerShell\v1.0\;C:\Windows\System32\OpenSSH\;C:\Program Files (x86)\NVIDIA Corporation\PhysX\Common;C:\Program Files\NVIDIA Corporation\NVIDIA NvDLISR;C:\Program Files\MinGW\bin;C:\Program Files\Microsoft VS Code\bin;C:\WINDOWS\system32;C:\WINDOWS;C:\WINDOWS\System32\Wbem;C:\WINDOWS\System32\WindowsPowerShell\v1.0\;C:\WINDOWS\System32\OpenSSH\;C:\ProgramData\chocolatey\bin;C:\xampp\php;C:\Program Files\Git\cmd;C:\Program Files\nodeJS;C:\Program Files\Java\jdk-17.0.2;C:\Program Files\Java\jdk-17.0.2\bin;C:\Program Files\Microsoft SQL Server\120\DTS\Binn\;C:\Program Files\Microsoft SQL Server\Client SDK\ODBC\110\Tools\Binn\;C:\Program Files (x86)\Microsoft SQL Server\120\Tools\Binn\;C:\Program Files\Microsoft SQL Server\120\Tools\Binn\;C:\Program Files (x86)\Microsoft SQL Server\120\Tools\Binn\ManagementStudio\;C:\Program Files (x86)\Microsoft SQL Server\120\DTS\Binn\;C:\Program Files\Java\jdk-17\bin;C:\Program Files\gradle-6.6-all\gradle-6.6\bin;C:\Program Files\Go\bin;C:\ProgramData\ComposerSetup\bin;C:\metasploit-framework\bin\;C:\Program Files\nodejs\;C:\Users\mahes\AppData\Local\Programs\Python\Python311\Scripts\;C:\Users\mahes\AppData\Local\Programs\Python\Python311\;C:\Program Files\OpenSSL-Win64\bin;D:\Download\APLIKASI\apache-maven-3.9.6-bin\apache-maven-3.9.6\bin;C:\ngrok;C:\Users\mahes\AppData\Local\Programs\Python\Python311\Scripts\;C:\Users\mahes\AppData\Local\Programs\Python\Python311\;C:\Users\mahes\anaconda3;C:\Users\mahes\anaconda3\Library\mingw-w64\bin;C:\Users\mahes\anaconda3\Library\usr\bin;C:\Users\mahes\anaconda3\Library\bin;C:\Users\mahes\anaconda3\Scripts;C:\Users\mahes\AppData\Local\Microsoft\WindowsApps;C:\Users\mahes\AppData\Roaming\Composer\vendor\bin;C:\Users\mahes\go\bin;C:\src\flutter\bin;C:\Python310\Scripts;C:\tools\dart-sdk\bin;C:\Users\mahes\A
USERNAME=mahes
OS=Windows_NT
PROCESSOR_IDENTIFIER=Intel64 Family 6 Model 140 Stepping 1, GenuineIntel



---------------  S Y S T E M  ---------------

OS:
 Windows 11 , 64 bit Build 22621 (10.0.22621.3527)
OS uptime: 0 days 11:39 hours
Hyper-V role detected

CPU: total 8 (initial active 8) (4 cores per cpu, 2 threads per core) family 6 model 140 stepping 1 microcode 0x8a, cx8, cmov, fxsr, ht, mmx, 3dnowpref, sse, sse2, sse3, ssse3, sse4.1, sse4.2, popcnt, lzcnt, tsc, tscinvbit, avx, avx2, aes, erms, clmul, bmi1, bmi2, adx, avx512f, avx512dq, avx512cd, avx512bw, avx512vl, sha, fma, vzeroupper, avx512_vpopcntdq, avx512_vpclmulqdq, avx512_vaes, avx512_vnni, clflush, clflushopt, clwb, avx512_vbmi2, avx512_vbmi, hv

Memory: 4k page, system-wide physical 7991M (284M free)
TotalPageFile size 20321M (AvailPageFile size 0M)
current process WorkingSet (physical memory assigned to process): 158M, peak: 197M
current process commit charge ("private bytes"): 205M, peak: 280M

vm_info: Java HotSpot(TM) 64-Bit Server VM (17.0.6+9-LTS-190) for windows-amd64 JRE (17.0.6+9-LTS-190), built on Dec  6 2022 15:53:54 by "mach5one" with MS VC++ 17.1 (VS2022)

END.
