2024-06-24 21:06:41,114 INFO o.s.b.StartupInfoLogger [main] Starting Xx2Application using Java 17.0.6 with PID 26604 (D:\SYNRGY\Chapter 8\F-BJV24001115-synergy7-mah-binfood-ch8\target\classes started by mahes in D:\SYNRGY\Chapter 8\F-BJV24001115-synergy7-mah-binfood-ch8)
2024-06-24 21:06:41,122 INFO o.s.b.SpringApplication [main] No active profile set, falling back to 1 default profile: "default"
2024-06-24 21:06:43,006 INFO o.s.d.r.c.RepositoryConfigurationDelegate [main] Bootstrapping Spring Data JPA repositories in DEFAULT mode.
2024-06-24 21:06:43,185 INFO o.s.d.r.c.RepositoryConfigurationDelegate [main] Finished Spring Data repository scanning in 163 ms. Found 6 JPA repository interfaces.
2024-06-24 21:06:44,527 INFO o.s.b.w.e.t.TomcatWebServer [main] Tomcat initialized with port 8080 (http)
2024-06-24 21:06:44,545 INFO o.a.j.l.DirectJDKLog [main] Initializing ProtocolHandler ["http-nio-8080"]
2024-06-24 21:06:44,549 INFO o.a.j.l.DirectJDKLog [main] Starting service [Tomcat]
2024-06-24 21:06:44,550 INFO o.a.j.l.DirectJDKLog [main] Starting Servlet engine: [Apache Tomcat/10.1.20]
2024-06-24 21:06:44,709 INFO o.a.j.l.DirectJDKLog [main] Initializing Spring embedded WebApplicationContext
2024-06-24 21:06:44,712 INFO o.s.b.w.s.c.ServletWebServerApplicationContext [main] Root WebApplicationContext: initialization completed in 3491 ms
2024-06-24 21:06:45,185 INFO o.h.j.i.u.LogHelper [main] HHH000204: Processing PersistenceUnitInfo [name: default]
2024-06-24 21:06:45,345 INFO o.h.Version [main] HHH000412: Hibernate ORM core version 6.4.4.Final
2024-06-24 21:06:45,416 INFO o.h.c.i.RegionFactoryInitiator [main] HHH000026: Second-level cache disabled
2024-06-24 21:06:45,856 INFO o.s.o.j.p.SpringPersistenceUnitInfo [main] No LoadTimeWeaver setup: ignoring JPA class transformer
2024-06-24 21:06:45,959 INFO c.z.h.HikariDataSource [main] HikariPool-1 - Starting...
2024-06-24 21:06:46,414 INFO c.z.h.p.HikariPool [main] HikariPool-1 - Added connection org.postgresql.jdbc.PgConnection@271e851e
2024-06-24 21:06:46,418 INFO c.z.h.HikariDataSource [main] HikariPool-1 - Start completed.
2024-06-24 21:06:46,519 WARN o.h.e.j.d.i.DialectFactoryImpl [main] HHH90000025: PostgreSQLDialect does not need to be specified explicitly using 'hibernate.dialect' (remove the property setting and it will be selected by default)
2024-06-24 21:06:48,607 INFO o.h.e.t.j.p.i.JtaPlatformInitiator [main] HHH000489: No JTA platform available (set 'hibernate.transaction.jta.platform' to enable JTA platform integration)
2024-06-24 21:06:48,940 INFO o.s.o.j.AbstractEntityManagerFactoryBean [main] Initialized JPA EntityManagerFactory for persistence unit 'default'
2024-06-24 21:06:49,743 INFO o.s.d.j.r.q.QueryEnhancerFactory [main] Hibernate is in classpath; If applicable, HQL parser will be used.
2024-06-24 21:06:50,701 WARN o.s.b.a.o.j.JpaBaseConfiguration$JpaWebConfiguration [main] spring.jpa.open-in-view is enabled by default. Therefore, database queries may be performed during view rendering. Explicitly configure spring.jpa.open-in-view to disable this warning
2024-06-24 21:06:51,424 INFO o.s.s.w.DefaultSecurityFilterChain [main] Will secure any request with [org.springframework.security.web.session.DisableEncodeUrlFilter@20fdd484, org.springframework.security.web.context.request.async.WebAsyncManagerIntegrationFilter@3e0575a2, org.springframework.security.web.context.SecurityContextHolderFilter@70efc3f9, org.springframework.security.web.header.HeaderWriterFilter@5546a9e0, org.springframework.web.filter.CorsFilter@65589d76, org.springframework.security.web.authentication.logout.LogoutFilter@3701acee, org.springframework.security.oauth2.client.web.OAuth2AuthorizationRequestRedirectFilter@3d1b91d1, org.springframework.security.oauth2.client.web.OAuth2LoginAuthenticationFilter@727d937a, com.example.xx2.security.jwt.JwtAuthTokenFilter@6b8cdc4, org.springframework.security.web.authentication.UsernamePasswordAuthenticationFilter@27959c4e, org.springframework.security.web.authentication.ui.DefaultLoginPageGeneratingFilter@339d5e8, org.springframework.security.web.authentication.ui.DefaultLogoutPageGeneratingFilter@7a213820, org.springframework.security.web.savedrequest.RequestCacheAwareFilter@69e636cc, org.springframework.security.web.servletapi.SecurityContextHolderAwareRequestFilter@a59324f, org.springframework.security.web.authentication.AnonymousAuthenticationFilter@34b69a14, org.springframework.security.web.session.SessionManagementFilter@4cb37177, org.springframework.security.web.access.ExceptionTranslationFilter@37acf9b1, org.springframework.security.web.access.intercept.AuthorizationFilter@23644367]
2024-06-24 21:06:51,900 INFO o.a.j.l.DirectJDKLog [main] Starting ProtocolHandler ["http-nio-8080"]
2024-06-24 21:06:51,943 INFO o.s.b.w.e.t.TomcatWebServer [main] Tomcat started on port 8080 (http) with context path ''
2024-06-24 21:06:51,966 INFO o.s.b.StartupInfoLogger [main] Started Xx2Application in 12.081 seconds (process running for 13.179)
2024-06-24 21:07:28,547 INFO o.s.o.j.AbstractEntityManagerFactoryBean [SpringApplicationShutdownHook] Closing JPA EntityManagerFactory for persistence unit 'default'
2024-06-24 21:07:28,550 INFO c.z.h.HikariDataSource [SpringApplicationShutdownHook] HikariPool-1 - Shutdown initiated...
2024-06-24 21:07:28,553 INFO c.z.h.HikariDataSource [SpringApplicationShutdownHook] HikariPool-1 - Shutdown completed.
2024-06-24 21:08:06,403 INFO o.s.b.StartupInfoLogger [main] Starting Xx2Application using Java 17.0.6 with PID 12796 (D:\SYNRGY\Chapter 8\F-BJV24001115-synergy7-mah-binfood-ch8\target\classes started by mahes in D:\SYNRGY\Chapter 8\F-BJV24001115-synergy7-mah-binfood-ch8)
2024-06-24 21:08:06,408 INFO o.s.b.SpringApplication [main] No active profile set, falling back to 1 default profile: "default"
2024-06-24 21:08:10,120 INFO o.s.d.r.c.RepositoryConfigurationDelegate [main] Bootstrapping Spring Data JPA repositories in DEFAULT mode.
2024-06-24 21:08:10,364 INFO o.s.d.r.c.RepositoryConfigurationDelegate [main] Finished Spring Data repository scanning in 217 ms. Found 6 JPA repository interfaces.
2024-06-24 21:08:12,322 INFO o.s.b.w.e.t.TomcatWebServer [main] Tomcat initialized with port 8080 (http)
2024-06-24 21:08:12,354 INFO o.a.j.l.DirectJDKLog [main] Initializing ProtocolHandler ["http-nio-8080"]
2024-06-24 21:08:12,364 INFO o.a.j.l.DirectJDKLog [main] Starting service [Tomcat]
2024-06-24 21:08:12,365 INFO o.a.j.l.DirectJDKLog [main] Starting Servlet engine: [Apache Tomcat/10.1.20]
2024-06-24 21:08:12,632 INFO o.a.j.l.DirectJDKLog [main] Initializing Spring embedded WebApplicationContext
2024-06-24 21:08:12,638 INFO o.s.b.w.s.c.ServletWebServerApplicationContext [main] Root WebApplicationContext: initialization completed in 6100 ms
2024-06-24 21:08:13,272 INFO o.h.j.i.u.LogHelper [main] HHH000204: Processing PersistenceUnitInfo [name: default]
2024-06-24 21:08:13,425 INFO o.h.Version [main] HHH000412: Hibernate ORM core version 6.4.4.Final
2024-06-24 21:08:13,549 INFO o.h.c.i.RegionFactoryInitiator [main] HHH000026: Second-level cache disabled
2024-06-24 21:08:14,093 INFO o.s.o.j.p.SpringPersistenceUnitInfo [main] No LoadTimeWeaver setup: ignoring JPA class transformer
2024-06-24 21:08:14,152 INFO c.z.h.HikariDataSource [main] HikariPool-1 - Starting...
2024-06-24 21:08:14,729 INFO c.z.h.p.HikariPool [main] HikariPool-1 - Added connection org.postgresql.jdbc.PgConnection@1857fe6c
2024-06-24 21:08:14,736 INFO c.z.h.HikariDataSource [main] HikariPool-1 - Start completed.
2024-06-24 21:08:14,870 WARN o.h.e.j.d.i.DialectFactoryImpl [main] HHH90000025: PostgreSQLDialect does not need to be specified explicitly using 'hibernate.dialect' (remove the property setting and it will be selected by default)
2024-06-24 21:08:17,376 INFO o.h.e.t.j.p.i.JtaPlatformInitiator [main] HHH000489: No JTA platform available (set 'hibernate.transaction.jta.platform' to enable JTA platform integration)
2024-06-24 21:08:17,598 INFO o.s.o.j.AbstractEntityManagerFactoryBean [main] Initialized JPA EntityManagerFactory for persistence unit 'default'
2024-06-24 21:08:18,419 INFO o.s.d.j.r.q.QueryEnhancerFactory [main] Hibernate is in classpath; If applicable, HQL parser will be used.
2024-06-24 21:08:19,341 WARN o.s.b.a.o.j.JpaBaseConfiguration$JpaWebConfiguration [main] spring.jpa.open-in-view is enabled by default. Therefore, database queries may be performed during view rendering. Explicitly configure spring.jpa.open-in-view to disable this warning
2024-06-24 21:08:20,111 INFO o.s.s.w.DefaultSecurityFilterChain [main] Will secure any request with [org.springframework.security.web.session.DisableEncodeUrlFilter@25dc8147, org.springframework.security.web.context.request.async.WebAsyncManagerIntegrationFilter@5aeb2c8a, org.springframework.security.web.context.SecurityContextHolderFilter@4603845b, org.springframework.security.web.header.HeaderWriterFilter@13190355, org.springframework.web.filter.CorsFilter@962e03a, org.springframework.security.web.authentication.logout.LogoutFilter@5f83b506, org.springframework.security.oauth2.client.web.OAuth2AuthorizationRequestRedirectFilter@139224ab, org.springframework.security.oauth2.client.web.OAuth2LoginAuthenticationFilter@7900d917, com.example.xx2.security.jwt.JwtAuthTokenFilter@58cd6088, org.springframework.security.web.authentication.UsernamePasswordAuthenticationFilter@495c3d15, org.springframework.security.web.authentication.ui.DefaultLoginPageGeneratingFilter@648ec9f4, org.springframework.security.web.authentication.ui.DefaultLogoutPageGeneratingFilter@472073bb, org.springframework.security.web.savedrequest.RequestCacheAwareFilter@53251e03, org.springframework.security.web.servletapi.SecurityContextHolderAwareRequestFilter@5ffae42f, org.springframework.security.web.authentication.AnonymousAuthenticationFilter@63714a1, org.springframework.security.web.session.SessionManagementFilter@7aafac17, org.springframework.security.web.access.ExceptionTranslationFilter@4f355321, org.springframework.security.web.access.intercept.AuthorizationFilter@3ddec942]
2024-06-24 21:08:20,616 INFO o.a.j.l.DirectJDKLog [main] Starting ProtocolHandler ["http-nio-8080"]
2024-06-24 21:08:20,654 INFO o.s.b.w.e.t.TomcatWebServer [main] Tomcat started on port 8080 (http) with context path ''
2024-06-24 21:08:20,680 INFO o.s.b.StartupInfoLogger [main] Started Xx2Application in 15.541 seconds (process running for 16.447)
2024-06-24 21:08:24,712 INFO o.s.o.j.AbstractEntityManagerFactoryBean [SpringApplicationShutdownHook] Closing JPA EntityManagerFactory for persistence unit 'default'
2024-06-24 21:08:24,716 INFO c.z.h.HikariDataSource [SpringApplicationShutdownHook] HikariPool-1 - Shutdown initiated...
2024-06-24 21:08:24,729 INFO c.z.h.HikariDataSource [SpringApplicationShutdownHook] HikariPool-1 - Shutdown completed.
2024-06-24 21:09:05,100 INFO o.s.b.StartupInfoLogger [main] Starting Xx2Application using Java 17.0.6 with PID 25148 (D:\SYNRGY\Chapter 8\F-BJV24001115-synergy7-mah-binfood-ch8\target\classes started by mahes in D:\SYNRGY\Chapter 8\F-BJV24001115-synergy7-mah-binfood-ch8)
2024-06-24 21:09:05,107 INFO o.s.b.SpringApplication [main] No active profile set, falling back to 1 default profile: "default"
2024-06-24 21:09:07,245 INFO o.s.d.r.c.RepositoryConfigurationDelegate [main] Bootstrapping Spring Data JPA repositories in DEFAULT mode.
2024-06-24 21:09:07,489 INFO o.s.d.r.c.RepositoryConfigurationDelegate [main] Finished Spring Data repository scanning in 222 ms. Found 6 JPA repository interfaces.
2024-06-24 21:09:08,974 INFO o.s.b.w.e.t.TomcatWebServer [main] Tomcat initialized with port 8080 (http)
2024-06-24 21:09:08,997 INFO o.a.j.l.DirectJDKLog [main] Initializing ProtocolHandler ["http-nio-8080"]
2024-06-24 21:09:09,004 INFO o.a.j.l.DirectJDKLog [main] Starting service [Tomcat]
2024-06-24 21:09:09,005 INFO o.a.j.l.DirectJDKLog [main] Starting Servlet engine: [Apache Tomcat/10.1.20]
2024-06-24 21:09:09,244 INFO o.a.j.l.DirectJDKLog [main] Initializing Spring embedded WebApplicationContext
2024-06-24 21:09:09,249 INFO o.s.b.w.s.c.ServletWebServerApplicationContext [main] Root WebApplicationContext: initialization completed in 4021 ms
2024-06-24 21:09:09,564 INFO o.h.j.i.u.LogHelper [main] HHH000204: Processing PersistenceUnitInfo [name: default]
2024-06-24 21:09:09,712 INFO o.h.Version [main] HHH000412: Hibernate ORM core version 6.4.4.Final
2024-06-24 21:09:09,779 INFO o.h.c.i.RegionFactoryInitiator [main] HHH000026: Second-level cache disabled
2024-06-24 21:09:10,420 INFO o.s.o.j.p.SpringPersistenceUnitInfo [main] No LoadTimeWeaver setup: ignoring JPA class transformer
2024-06-24 21:09:10,490 INFO c.z.h.HikariDataSource [main] HikariPool-1 - Starting...
2024-06-24 21:09:10,856 INFO c.z.h.p.HikariPool [main] HikariPool-1 - Added connection org.postgresql.jdbc.PgConnection@1d8be7b9
2024-06-24 21:09:10,859 INFO c.z.h.HikariDataSource [main] HikariPool-1 - Start completed.
2024-06-24 21:09:10,947 WARN o.h.e.j.d.i.DialectFactoryImpl [main] HHH90000025: PostgreSQLDialect does not need to be specified explicitly using 'hibernate.dialect' (remove the property setting and it will be selected by default)
2024-06-24 21:09:13,108 INFO o.h.e.t.j.p.i.JtaPlatformInitiator [main] HHH000489: No JTA platform available (set 'hibernate.transaction.jta.platform' to enable JTA platform integration)
2024-06-24 21:09:13,353 INFO o.s.o.j.AbstractEntityManagerFactoryBean [main] Initialized JPA EntityManagerFactory for persistence unit 'default'
2024-06-24 21:09:14,253 INFO o.s.d.j.r.q.QueryEnhancerFactory [main] Hibernate is in classpath; If applicable, HQL parser will be used.
2024-06-24 21:09:15,295 WARN o.s.b.a.o.j.JpaBaseConfiguration$JpaWebConfiguration [main] spring.jpa.open-in-view is enabled by default. Therefore, database queries may be performed during view rendering. Explicitly configure spring.jpa.open-in-view to disable this warning
2024-06-24 21:09:16,315 INFO o.s.s.w.DefaultSecurityFilterChain [main] Will secure any request with [org.springframework.security.web.session.DisableEncodeUrlFilter@10014459, org.springframework.security.web.context.request.async.WebAsyncManagerIntegrationFilter@6ab56a77, org.springframework.security.web.context.SecurityContextHolderFilter@15d25244, org.springframework.security.web.header.HeaderWriterFilter@68c1d547, org.springframework.web.filter.CorsFilter@216a3aba, org.springframework.security.web.authentication.logout.LogoutFilter@13190355, org.springframework.security.oauth2.client.web.OAuth2AuthorizationRequestRedirectFilter@6bed8d98, org.springframework.security.oauth2.client.web.OAuth2LoginAuthenticationFilter@3a5812dc, com.example.xx2.security.jwt.JwtAuthTokenFilter@729de0e1, org.springframework.security.web.authentication.UsernamePasswordAuthenticationFilter@648ec9f4, org.springframework.security.web.authentication.ui.DefaultLoginPageGeneratingFilter@54422189, org.springframework.security.web.authentication.ui.DefaultLogoutPageGeneratingFilter@9760f17, org.springframework.security.web.savedrequest.RequestCacheAwareFilter@2889d997, org.springframework.security.web.servletapi.SecurityContextHolderAwareRequestFilter@7951a08c, org.springframework.security.web.authentication.AnonymousAuthenticationFilter@13cfa1ec, org.springframework.security.web.session.SessionManagementFilter@7002dacc, org.springframework.security.web.access.ExceptionTranslationFilter@5e9355a6, org.springframework.security.web.access.intercept.AuthorizationFilter@6d9069ab]
2024-06-24 21:09:16,876 INFO o.a.j.l.DirectJDKLog [main] Starting ProtocolHandler ["http-nio-8080"]
2024-06-24 21:09:16,908 INFO o.s.b.w.e.t.TomcatWebServer [main] Tomcat started on port 8080 (http) with context path ''
2024-06-24 21:09:16,938 INFO o.s.b.StartupInfoLogger [main] Started Xx2Application in 12.985 seconds (process running for 13.836)
2024-06-24 21:09:21,396 INFO o.s.o.j.AbstractEntityManagerFactoryBean [SpringApplicationShutdownHook] Closing JPA EntityManagerFactory for persistence unit 'default'
2024-06-24 21:09:21,399 INFO c.z.h.HikariDataSource [SpringApplicationShutdownHook] HikariPool-1 - Shutdown initiated...
2024-06-24 21:09:21,402 INFO c.z.h.HikariDataSource [SpringApplicationShutdownHook] HikariPool-1 - Shutdown completed.
2024-06-24 21:12:31,779 INFO o.s.b.StartupInfoLogger [main] Starting Xx2Application using Java 17.0.6 with PID 16116 (D:\SYNRGY\Chapter 8\F-BJV24001115-synergy7-mah-binfood-ch8\target\classes started by mahes in D:\SYNRGY\Chapter 8\F-BJV24001115-synergy7-mah-binfood-ch8)
2024-06-24 21:12:31,785 INFO o.s.b.SpringApplication [main] No active profile set, falling back to 1 default profile: "default"
2024-06-24 21:12:34,292 INFO o.s.d.r.c.RepositoryConfigurationDelegate [main] Bootstrapping Spring Data JPA repositories in DEFAULT mode.
2024-06-24 21:12:34,530 INFO o.s.d.r.c.RepositoryConfigurationDelegate [main] Finished Spring Data repository scanning in 221 ms. Found 6 JPA repository interfaces.
2024-06-24 21:12:36,385 INFO o.s.b.w.e.t.TomcatWebServer [main] Tomcat initialized with port 8080 (http)
2024-06-24 21:12:36,418 INFO o.a.j.l.DirectJDKLog [main] Initializing ProtocolHandler ["http-nio-8080"]
2024-06-24 21:12:36,425 INFO o.a.j.l.DirectJDKLog [main] Starting service [Tomcat]
2024-06-24 21:12:36,426 INFO o.a.j.l.DirectJDKLog [main] Starting Servlet engine: [Apache Tomcat/10.1.20]
2024-06-24 21:12:36,616 INFO o.a.j.l.DirectJDKLog [main] Initializing Spring embedded WebApplicationContext
2024-06-24 21:12:36,619 INFO o.s.b.w.s.c.ServletWebServerApplicationContext [main] Root WebApplicationContext: initialization completed in 4708 ms
2024-06-24 21:12:36,892 INFO o.h.j.i.u.LogHelper [main] HHH000204: Processing PersistenceUnitInfo [name: default]
2024-06-24 21:12:37,008 INFO o.h.Version [main] HHH000412: Hibernate ORM core version 6.4.4.Final
2024-06-24 21:12:37,080 INFO o.h.c.i.RegionFactoryInitiator [main] HHH000026: Second-level cache disabled
2024-06-24 21:12:37,526 INFO o.s.o.j.p.SpringPersistenceUnitInfo [main] No LoadTimeWeaver setup: ignoring JPA class transformer
2024-06-24 21:12:37,575 INFO c.z.h.HikariDataSource [main] HikariPool-1 - Starting...
2024-06-24 21:12:37,895 INFO c.z.h.p.HikariPool [main] HikariPool-1 - Added connection org.postgresql.jdbc.PgConnection@61c87f1b
2024-06-24 21:12:37,897 INFO c.z.h.HikariDataSource [main] HikariPool-1 - Start completed.
2024-06-24 21:12:37,958 WARN o.h.e.j.d.i.DialectFactoryImpl [main] HHH90000025: PostgreSQLDialect does not need to be specified explicitly using 'hibernate.dialect' (remove the property setting and it will be selected by default)
2024-06-24 21:12:40,297 INFO o.h.e.t.j.p.i.JtaPlatformInitiator [main] HHH000489: No JTA platform available (set 'hibernate.transaction.jta.platform' to enable JTA platform integration)
2024-06-24 21:12:40,619 INFO o.s.o.j.AbstractEntityManagerFactoryBean [main] Initialized JPA EntityManagerFactory for persistence unit 'default'
2024-06-24 21:12:43,091 INFO o.s.d.j.r.q.QueryEnhancerFactory [main] Hibernate is in classpath; If applicable, HQL parser will be used.
2024-06-24 21:12:44,263 WARN o.s.b.a.o.j.JpaBaseConfiguration$JpaWebConfiguration [main] spring.jpa.open-in-view is enabled by default. Therefore, database queries may be performed during view rendering. Explicitly configure spring.jpa.open-in-view to disable this warning
2024-06-24 21:12:45,543 INFO o.s.s.w.DefaultSecurityFilterChain [main] Will secure any request with [org.springframework.security.web.session.DisableEncodeUrlFilter@63916a3, org.springframework.security.web.context.request.async.WebAsyncManagerIntegrationFilter@25dc8147, org.springframework.security.web.context.SecurityContextHolderFilter@6b8cfbeb, org.springframework.security.web.header.HeaderWriterFilter@260d878a, org.springframework.web.filter.CorsFilter@5aeb2c8a, org.springframework.security.web.authentication.logout.LogoutFilter@34e785db, org.springframework.security.oauth2.client.web.OAuth2AuthorizationRequestRedirectFilter@523cc8b4, org.springframework.security.oauth2.client.web.OAuth2LoginAuthenticationFilter@4dcdc172, com.example.xx2.security.jwt.JwtAuthTokenFilter@425a5c2e, org.springframework.security.web.authentication.UsernamePasswordAuthenticationFilter@3ddec942, org.springframework.security.web.authentication.ui.DefaultLoginPageGeneratingFilter@6d9069ab, org.springframework.security.web.authentication.ui.DefaultLogoutPageGeneratingFilter@962e03a, org.springframework.security.web.savedrequest.RequestCacheAwareFilter@414b5798, org.springframework.security.web.servletapi.SecurityContextHolderAwareRequestFilter@53251e03, org.springframework.security.web.authentication.AnonymousAuthenticationFilter@472073bb, org.springframework.security.web.session.SessionManagementFilter@1f664881, org.springframework.security.web.access.ExceptionTranslationFilter@1263d20d, org.springframework.security.web.access.intercept.AuthorizationFilter@3a5812dc]
2024-06-24 21:12:46,306 INFO o.a.j.l.DirectJDKLog [main] Starting ProtocolHandler ["http-nio-8080"]
2024-06-24 21:12:46,380 INFO o.s.b.w.e.t.TomcatWebServer [main] Tomcat started on port 8080 (http) with context path ''
2024-06-24 21:12:46,433 INFO o.s.b.StartupInfoLogger [main] Started Xx2Application in 16.061 seconds (process running for 17.856)
2024-06-24 21:12:54,123 INFO o.s.o.j.AbstractEntityManagerFactoryBean [SpringApplicationShutdownHook] Closing JPA EntityManagerFactory for persistence unit 'default'
2024-06-24 21:12:54,127 INFO c.z.h.HikariDataSource [SpringApplicationShutdownHook] HikariPool-1 - Shutdown initiated...
2024-06-24 21:12:54,130 INFO c.z.h.HikariDataSource [SpringApplicationShutdownHook] HikariPool-1 - Shutdown completed.
2024-06-24 21:16:45,737 INFO o.s.b.StartupInfoLogger [main] Starting Xx2Application using Java 17.0.6 with PID 21792 (D:\SYNRGY\Chapter 8\F-BJV24001115-synergy7-mah-binfood-ch8\target\classes started by mahes in D:\SYNRGY\Chapter 8\F-BJV24001115-synergy7-mah-binfood-ch8)
2024-06-24 21:16:45,745 INFO o.s.b.SpringApplication [main] No active profile set, falling back to 1 default profile: "default"
2024-06-24 21:16:48,180 INFO o.s.d.r.c.RepositoryConfigurationDelegate [main] Bootstrapping Spring Data JPA repositories in DEFAULT mode.
2024-06-24 21:16:48,370 INFO o.s.d.r.c.RepositoryConfigurationDelegate [main] Finished Spring Data repository scanning in 171 ms. Found 6 JPA repository interfaces.
2024-06-24 21:16:49,730 INFO o.s.b.w.e.t.TomcatWebServer [main] Tomcat initialized with port 8080 (http)
2024-06-24 21:16:49,754 INFO o.a.j.l.DirectJDKLog [main] Initializing ProtocolHandler ["http-nio-8080"]
2024-06-24 21:16:49,761 INFO o.a.j.l.DirectJDKLog [main] Starting service [Tomcat]
2024-06-24 21:16:49,762 INFO o.a.j.l.DirectJDKLog [main] Starting Servlet engine: [Apache Tomcat/10.1.20]
2024-06-24 21:16:49,948 INFO o.a.j.l.DirectJDKLog [main] Initializing Spring embedded WebApplicationContext
2024-06-24 21:16:49,950 INFO o.s.b.w.s.c.ServletWebServerApplicationContext [main] Root WebApplicationContext: initialization completed in 4105 ms
2024-06-24 21:16:50,267 INFO o.h.j.i.u.LogHelper [main] HHH000204: Processing PersistenceUnitInfo [name: default]
2024-06-24 21:16:50,393 INFO o.h.Version [main] HHH000412: Hibernate ORM core version 6.4.4.Final
2024-06-24 21:16:50,456 INFO o.h.c.i.RegionFactoryInitiator [main] HHH000026: Second-level cache disabled
2024-06-24 21:16:50,973 INFO o.s.o.j.p.SpringPersistenceUnitInfo [main] No LoadTimeWeaver setup: ignoring JPA class transformer
2024-06-24 21:16:51,034 INFO c.z.h.HikariDataSource [main] HikariPool-1 - Starting...
2024-06-24 21:16:51,420 INFO c.z.h.p.HikariPool [main] HikariPool-1 - Added connection org.postgresql.jdbc.PgConnection@277bc3a5
2024-06-24 21:16:51,423 INFO c.z.h.HikariDataSource [main] HikariPool-1 - Start completed.
2024-06-24 21:16:51,506 WARN o.h.e.j.d.i.DialectFactoryImpl [main] HHH90000025: PostgreSQLDialect does not need to be specified explicitly using 'hibernate.dialect' (remove the property setting and it will be selected by default)
2024-06-24 21:16:53,528 INFO o.h.e.t.j.p.i.JtaPlatformInitiator [main] HHH000489: No JTA platform available (set 'hibernate.transaction.jta.platform' to enable JTA platform integration)
2024-06-24 21:16:53,787 INFO o.s.o.j.AbstractEntityManagerFactoryBean [main] Initialized JPA EntityManagerFactory for persistence unit 'default'
2024-06-24 21:16:55,062 INFO o.s.d.j.r.q.QueryEnhancerFactory [main] Hibernate is in classpath; If applicable, HQL parser will be used.
2024-06-24 21:16:56,477 WARN o.s.b.a.o.j.JpaBaseConfiguration$JpaWebConfiguration [main] spring.jpa.open-in-view is enabled by default. Therefore, database queries may be performed during view rendering. Explicitly configure spring.jpa.open-in-view to disable this warning
2024-06-24 21:16:57,546 INFO o.s.s.w.DefaultSecurityFilterChain [main] Will secure any request with [org.springframework.security.web.session.DisableEncodeUrlFilter@4dcdc172, org.springframework.security.web.context.request.async.WebAsyncManagerIntegrationFilter@7900d917, org.springframework.security.web.context.SecurityContextHolderFilter@1f664881, org.springframework.security.web.header.HeaderWriterFilter@77e8492f, org.springframework.web.filter.CorsFilter@7bb50de0, org.springframework.security.web.authentication.logout.LogoutFilter@48446968, org.springframework.security.oauth2.client.web.OAuth2AuthorizationRequestRedirectFilter@496101d1, org.springframework.security.oauth2.client.web.OAuth2LoginAuthenticationFilter@523cc8b4, com.example.xx2.security.jwt.JwtAuthTokenFilter@6c399d4, org.springframework.security.web.authentication.UsernamePasswordAuthenticationFilter@1e9d5d79, org.springframework.security.web.authentication.ui.DefaultLoginPageGeneratingFilter@58182d7, org.springframework.security.web.authentication.ui.DefaultLogoutPageGeneratingFilter@63916a3, org.springframework.security.web.savedrequest.RequestCacheAwareFilter@3054551f, org.springframework.security.web.servletapi.SecurityContextHolderAwareRequestFilter@6b8cfbeb, org.springframework.security.web.authentication.AnonymousAuthenticationFilter@25dc8147, org.springframework.security.web.session.SessionManagementFilter@4f355321, org.springframework.security.web.access.ExceptionTranslationFilter@3fcc58f8, org.springframework.security.web.access.intercept.AuthorizationFilter@6bed8d98]
2024-06-24 21:16:58,198 INFO o.a.j.l.DirectJDKLog [main] Starting ProtocolHandler ["http-nio-8080"]
2024-06-24 21:16:58,238 INFO o.s.b.w.e.t.TomcatWebServer [main] Tomcat started on port 8080 (http) with context path ''
2024-06-24 21:16:58,264 INFO o.s.b.StartupInfoLogger [main] Started Xx2Application in 13.822 seconds (process running for 15.052)
2024-06-24 21:17:18,527 INFO o.s.o.j.AbstractEntityManagerFactoryBean [SpringApplicationShutdownHook] Closing JPA EntityManagerFactory for persistence unit 'default'
2024-06-24 21:17:18,529 INFO c.z.h.HikariDataSource [SpringApplicationShutdownHook] HikariPool-1 - Shutdown initiated...
2024-06-24 21:17:18,533 INFO c.z.h.HikariDataSource [SpringApplicationShutdownHook] HikariPool-1 - Shutdown completed.
2024-06-24 21:17:25,873 INFO o.s.b.StartupInfoLogger [main] Starting Xx2Application using Java 17.0.6 with PID 21092 (D:\SYNRGY\Chapter 8\F-BJV24001115-synergy7-mah-binfood-ch8\target\classes started by mahes in D:\SYNRGY\Chapter 8\F-BJV24001115-synergy7-mah-binfood-ch8)
2024-06-24 21:17:25,877 INFO o.s.b.SpringApplication [main] No active profile set, falling back to 1 default profile: "default"
2024-06-24 21:17:28,129 INFO o.s.d.r.c.RepositoryConfigurationDelegate [main] Bootstrapping Spring Data JPA repositories in DEFAULT mode.
2024-06-24 21:17:28,377 INFO o.s.d.r.c.RepositoryConfigurationDelegate [main] Finished Spring Data repository scanning in 230 ms. Found 6 JPA repository interfaces.
2024-06-24 21:17:30,163 INFO o.s.b.w.e.t.TomcatWebServer [main] Tomcat initialized with port 8080 (http)
2024-06-24 21:17:30,181 INFO o.a.j.l.DirectJDKLog [main] Initializing ProtocolHandler ["http-nio-8080"]
2024-06-24 21:17:30,187 INFO o.a.j.l.DirectJDKLog [main] Starting service [Tomcat]
2024-06-24 21:17:30,188 INFO o.a.j.l.DirectJDKLog [main] Starting Servlet engine: [Apache Tomcat/10.1.20]
2024-06-24 21:17:30,361 INFO o.a.j.l.DirectJDKLog [main] Initializing Spring embedded WebApplicationContext
2024-06-24 21:17:30,364 INFO o.s.b.w.s.c.ServletWebServerApplicationContext [main] Root WebApplicationContext: initialization completed in 4356 ms
2024-06-24 21:17:30,711 INFO o.h.j.i.u.LogHelper [main] HHH000204: Processing PersistenceUnitInfo [name: default]
2024-06-24 21:17:30,831 INFO o.h.Version [main] HHH000412: Hibernate ORM core version 6.4.4.Final
2024-06-24 21:17:30,897 INFO o.h.c.i.RegionFactoryInitiator [main] HHH000026: Second-level cache disabled
2024-06-24 21:17:31,340 INFO o.s.o.j.p.SpringPersistenceUnitInfo [main] No LoadTimeWeaver setup: ignoring JPA class transformer
2024-06-24 21:17:31,391 INFO c.z.h.HikariDataSource [main] HikariPool-1 - Starting...
2024-06-24 21:17:31,784 INFO c.z.h.p.HikariPool [main] HikariPool-1 - Added connection org.postgresql.jdbc.PgConnection@d76099a
2024-06-24 21:17:31,787 INFO c.z.h.HikariDataSource [main] HikariPool-1 - Start completed.
2024-06-24 21:17:31,866 WARN o.h.e.j.d.i.DialectFactoryImpl [main] HHH90000025: PostgreSQLDialect does not need to be specified explicitly using 'hibernate.dialect' (remove the property setting and it will be selected by default)
2024-06-24 21:17:34,024 INFO o.h.e.t.j.p.i.JtaPlatformInitiator [main] HHH000489: No JTA platform available (set 'hibernate.transaction.jta.platform' to enable JTA platform integration)
2024-06-24 21:17:34,227 INFO o.s.o.j.AbstractEntityManagerFactoryBean [main] Initialized JPA EntityManagerFactory for persistence unit 'default'
2024-06-24 21:17:35,013 INFO o.s.d.j.r.q.QueryEnhancerFactory [main] Hibernate is in classpath; If applicable, HQL parser will be used.
2024-06-24 21:17:35,915 WARN o.s.b.a.o.j.JpaBaseConfiguration$JpaWebConfiguration [main] spring.jpa.open-in-view is enabled by default. Therefore, database queries may be performed during view rendering. Explicitly configure spring.jpa.open-in-view to disable this warning
2024-06-24 21:17:36,730 INFO o.s.s.w.DefaultSecurityFilterChain [main] Will secure any request with [org.springframework.security.web.session.DisableEncodeUrlFilter@496101d1, org.springframework.security.web.context.request.async.WebAsyncManagerIntegrationFilter@19858f26, org.springframework.security.web.context.SecurityContextHolderFilter@51f714d1, org.springframework.security.web.header.HeaderWriterFilter@5e435f0d, org.springframework.web.filter.CorsFilter@4c14ed24, org.springframework.security.web.authentication.logout.LogoutFilter@3eff5c32, org.springframework.security.oauth2.client.web.OAuth2AuthorizationRequestRedirectFilter@4b8ab2f8, org.springframework.security.oauth2.client.web.OAuth2LoginAuthenticationFilter@fabe3f8, com.example.xx2.security.jwt.JwtAuthTokenFilter@4bd39edc, org.springframework.security.web.authentication.UsernamePasswordAuthenticationFilter@1b3639a1, org.springframework.security.web.authentication.ui.DefaultLoginPageGeneratingFilter@3054551f, org.springframework.security.web.authentication.ui.DefaultLogoutPageGeneratingFilter@523cc8b4, org.springframework.security.web.savedrequest.RequestCacheAwareFilter@1263d20d, org.springframework.security.web.servletapi.SecurityContextHolderAwareRequestFilter@4f355321, org.springframework.security.web.authentication.AnonymousAuthenticationFilter@139224ab, org.springframework.security.web.session.SessionManagementFilter@424c8ebe, org.springframework.security.web.access.ExceptionTranslationFilter@62ee32c6, org.springframework.security.web.access.intercept.AuthorizationFilter@1377af49]
2024-06-24 21:17:37,223 INFO o.a.j.l.DirectJDKLog [main] Starting ProtocolHandler ["http-nio-8080"]
2024-06-24 21:17:37,258 INFO o.s.b.w.e.t.TomcatWebServer [main] Tomcat started on port 8080 (http) with context path ''
2024-06-24 21:17:37,292 INFO o.s.b.StartupInfoLogger [main] Started Xx2Application in 12.714 seconds (process running for 13.7)
2024-06-24 21:17:41,095 INFO o.s.o.j.AbstractEntityManagerFactoryBean [SpringApplicationShutdownHook] Closing JPA EntityManagerFactory for persistence unit 'default'
2024-06-24 21:17:41,100 INFO c.z.h.HikariDataSource [SpringApplicationShutdownHook] HikariPool-1 - Shutdown initiated...
2024-06-24 21:17:41,103 INFO c.z.h.HikariDataSource [SpringApplicationShutdownHook] HikariPool-1 - Shutdown completed.
2024-06-24 21:20:17,012 INFO o.s.b.StartupInfoLogger [main] Starting Xx2Application using Java 17.0.6 with PID 21428 (D:\SYNRGY\Chapter 8\F-BJV24001115-synergy7-mah-binfood-ch8\target\classes started by mahes in D:\SYNRGY\Chapter 8\F-BJV24001115-synergy7-mah-binfood-ch8)
2024-06-24 21:20:17,016 INFO o.s.b.SpringApplication [main] No active profile set, falling back to 1 default profile: "default"
2024-06-24 21:20:18,960 INFO o.s.d.r.c.RepositoryConfigurationDelegate [main] Bootstrapping Spring Data JPA repositories in DEFAULT mode.
2024-06-24 21:20:19,138 INFO o.s.d.r.c.RepositoryConfigurationDelegate [main] Finished Spring Data repository scanning in 166 ms. Found 6 JPA repository interfaces.
2024-06-24 21:20:21,054 INFO o.s.b.w.e.t.TomcatWebServer [main] Tomcat initialized with port 8080 (http)
2024-06-24 21:20:21,079 INFO o.a.j.l.DirectJDKLog [main] Initializing ProtocolHandler ["http-nio-8080"]
2024-06-24 21:20:21,087 INFO o.a.j.l.DirectJDKLog [main] Starting service [Tomcat]
2024-06-24 21:20:21,088 INFO o.a.j.l.DirectJDKLog [main] Starting Servlet engine: [Apache Tomcat/10.1.20]
2024-06-24 21:20:21,343 INFO o.a.j.l.DirectJDKLog [main] Initializing Spring embedded WebApplicationContext
2024-06-24 21:20:21,361 INFO o.s.b.w.s.c.ServletWebServerApplicationContext [main] Root WebApplicationContext: initialization completed in 4219 ms
2024-06-24 21:20:21,823 INFO o.h.j.i.u.LogHelper [main] HHH000204: Processing PersistenceUnitInfo [name: default]
2024-06-24 21:20:21,968 INFO o.h.Version [main] HHH000412: Hibernate ORM core version 6.4.4.Final
2024-06-24 21:20:22,044 INFO o.h.c.i.RegionFactoryInitiator [main] HHH000026: Second-level cache disabled
2024-06-24 21:20:22,600 INFO o.s.o.j.p.SpringPersistenceUnitInfo [main] No LoadTimeWeaver setup: ignoring JPA class transformer
2024-06-24 21:20:22,658 INFO c.z.h.HikariDataSource [main] HikariPool-1 - Starting...
2024-06-24 21:20:23,103 INFO c.z.h.p.HikariPool [main] HikariPool-1 - Added connection org.postgresql.jdbc.PgConnection@7440265c
2024-06-24 21:20:23,107 INFO c.z.h.HikariDataSource [main] HikariPool-1 - Start completed.
2024-06-24 21:20:23,194 WARN o.h.e.j.d.i.DialectFactoryImpl [main] HHH90000025: PostgreSQLDialect does not need to be specified explicitly using 'hibernate.dialect' (remove the property setting and it will be selected by default)
2024-06-24 21:20:25,468 INFO o.h.e.t.j.p.i.JtaPlatformInitiator [main] HHH000489: No JTA platform available (set 'hibernate.transaction.jta.platform' to enable JTA platform integration)
2024-06-24 21:20:25,728 INFO o.s.o.j.AbstractEntityManagerFactoryBean [main] Initialized JPA EntityManagerFactory for persistence unit 'default'
2024-06-24 21:20:26,661 INFO o.s.d.j.r.q.QueryEnhancerFactory [main] Hibernate is in classpath; If applicable, HQL parser will be used.
2024-06-24 21:20:27,622 WARN o.s.b.a.o.j.JpaBaseConfiguration$JpaWebConfiguration [main] spring.jpa.open-in-view is enabled by default. Therefore, database queries may be performed during view rendering. Explicitly configure spring.jpa.open-in-view to disable this warning
2024-06-24 21:20:28,345 INFO o.s.s.w.DefaultSecurityFilterChain [main] Will secure any request with [org.springframework.security.web.session.DisableEncodeUrlFilter@10014459, org.springframework.security.web.context.request.async.WebAsyncManagerIntegrationFilter@6ab56a77, org.springframework.security.web.context.SecurityContextHolderFilter@15d25244, org.springframework.security.web.header.HeaderWriterFilter@68c1d547, org.springframework.web.filter.CorsFilter@216a3aba, org.springframework.security.web.authentication.logout.LogoutFilter@13190355, org.springframework.security.oauth2.client.web.OAuth2AuthorizationRequestRedirectFilter@6bed8d98, org.springframework.security.oauth2.client.web.OAuth2LoginAuthenticationFilter@3a5812dc, com.example.xx2.security.jwt.JwtAuthTokenFilter@57c7ec30, org.springframework.security.web.authentication.UsernamePasswordAuthenticationFilter@648ec9f4, org.springframework.security.web.authentication.ui.DefaultLoginPageGeneratingFilter@54422189, org.springframework.security.web.authentication.ui.DefaultLogoutPageGeneratingFilter@9760f17, org.springframework.security.web.savedrequest.RequestCacheAwareFilter@2889d997, org.springframework.security.web.servletapi.SecurityContextHolderAwareRequestFilter@7951a08c, org.springframework.security.web.authentication.AnonymousAuthenticationFilter@13cfa1ec, org.springframework.security.web.session.SessionManagementFilter@7002dacc, org.springframework.security.web.access.ExceptionTranslationFilter@5e9355a6, org.springframework.security.web.access.intercept.AuthorizationFilter@6d9069ab]
2024-06-24 21:20:28,921 INFO o.a.j.l.DirectJDKLog [main] Starting ProtocolHandler ["http-nio-8080"]
2024-06-24 21:20:28,970 INFO o.s.b.w.e.t.TomcatWebServer [main] Tomcat started on port 8080 (http) with context path ''
2024-06-24 21:20:29,002 INFO o.s.b.StartupInfoLogger [main] Started Xx2Application in 13.459 seconds (process running for 14.535)
2024-06-24 21:21:17,116 INFO o.s.o.j.AbstractEntityManagerFactoryBean [SpringApplicationShutdownHook] Closing JPA EntityManagerFactory for persistence unit 'default'
2024-06-24 21:21:17,119 INFO c.z.h.HikariDataSource [SpringApplicationShutdownHook] HikariPool-1 - Shutdown initiated...
2024-06-24 21:21:17,126 INFO c.z.h.HikariDataSource [SpringApplicationShutdownHook] HikariPool-1 - Shutdown completed.
2024-06-24 21:21:23,762 INFO o.s.b.StartupInfoLogger [main] Starting Xx2Application using Java 17.0.6 with PID 20540 (D:\SYNRGY\Chapter 8\F-BJV24001115-synergy7-mah-binfood-ch8\target\classes started by mahes in D:\SYNRGY\Chapter 8\F-BJV24001115-synergy7-mah-binfood-ch8)
2024-06-24 21:21:23,768 INFO o.s.b.SpringApplication [main] No active profile set, falling back to 1 default profile: "default"
2024-06-24 21:21:25,738 INFO o.s.d.r.c.RepositoryConfigurationDelegate [main] Bootstrapping Spring Data JPA repositories in DEFAULT mode.
2024-06-24 21:21:25,909 INFO o.s.d.r.c.RepositoryConfigurationDelegate [main] Finished Spring Data repository scanning in 156 ms. Found 6 JPA repository interfaces.
2024-06-24 21:21:27,452 INFO o.s.b.w.e.t.TomcatWebServer [main] Tomcat initialized with port 8080 (http)
2024-06-24 21:21:27,484 INFO o.a.j.l.DirectJDKLog [main] Initializing ProtocolHandler ["http-nio-8080"]
2024-06-24 21:21:27,492 INFO o.a.j.l.DirectJDKLog [main] Starting service [Tomcat]
2024-06-24 21:21:27,493 INFO o.a.j.l.DirectJDKLog [main] Starting Servlet engine: [Apache Tomcat/10.1.20]
2024-06-24 21:21:27,711 INFO o.a.j.l.DirectJDKLog [main] Initializing Spring embedded WebApplicationContext
2024-06-24 21:21:27,715 INFO o.s.b.w.s.c.ServletWebServerApplicationContext [main] Root WebApplicationContext: initialization completed in 3829 ms
2024-06-24 21:21:28,011 INFO o.h.j.i.u.LogHelper [main] HHH000204: Processing PersistenceUnitInfo [name: default]
2024-06-24 21:21:28,128 INFO o.h.Version [main] HHH000412: Hibernate ORM core version 6.4.4.Final
2024-06-24 21:21:28,205 INFO o.h.c.i.RegionFactoryInitiator [main] HHH000026: Second-level cache disabled
2024-06-24 21:21:28,732 INFO o.s.o.j.p.SpringPersistenceUnitInfo [main] No LoadTimeWeaver setup: ignoring JPA class transformer
2024-06-24 21:21:28,802 INFO c.z.h.HikariDataSource [main] HikariPool-1 - Starting...
2024-06-24 21:21:29,259 INFO c.z.h.p.HikariPool [main] HikariPool-1 - Added connection org.postgresql.jdbc.PgConnection@1d8be7b9
2024-06-24 21:21:29,263 INFO c.z.h.HikariDataSource [main] HikariPool-1 - Start completed.
2024-06-24 21:21:29,357 WARN o.h.e.j.d.i.DialectFactoryImpl [main] HHH90000025: PostgreSQLDialect does not need to be specified explicitly using 'hibernate.dialect' (remove the property setting and it will be selected by default)
2024-06-24 21:21:31,607 INFO o.h.e.t.j.p.i.JtaPlatformInitiator [main] HHH000489: No JTA platform available (set 'hibernate.transaction.jta.platform' to enable JTA platform integration)
2024-06-24 21:21:31,826 INFO o.s.o.j.AbstractEntityManagerFactoryBean [main] Initialized JPA EntityManagerFactory for persistence unit 'default'
2024-06-24 21:21:32,537 INFO o.s.d.j.r.q.QueryEnhancerFactory [main] Hibernate is in classpath; If applicable, HQL parser will be used.
2024-06-24 21:21:33,338 WARN o.s.b.a.o.j.JpaBaseConfiguration$JpaWebConfiguration [main] spring.jpa.open-in-view is enabled by default. Therefore, database queries may be performed during view rendering. Explicitly configure spring.jpa.open-in-view to disable this warning
2024-06-24 21:21:33,954 INFO o.s.s.w.DefaultSecurityFilterChain [main] Will secure any request with [org.springframework.security.web.session.DisableEncodeUrlFilter@6ab56a77, org.springframework.security.web.context.request.async.WebAsyncManagerIntegrationFilter@216a3aba, org.springframework.security.web.context.SecurityContextHolderFilter@73602e88, org.springframework.security.web.header.HeaderWriterFilter@34788780, org.springframework.web.filter.CorsFilter@9760f17, org.springframework.security.web.authentication.logout.LogoutFilter@1f664881, org.springframework.security.oauth2.client.web.OAuth2AuthorizationRequestRedirectFilter@1e9d5d79, org.springframework.security.oauth2.client.web.OAuth2LoginAuthenticationFilter@3ddec942, com.example.xx2.security.jwt.JwtAuthTokenFilter@729de0e1, org.springframework.security.web.authentication.UsernamePasswordAuthenticationFilter@158119bf, org.springframework.security.web.authentication.ui.DefaultLoginPageGeneratingFilter@5f7cc6fd, org.springframework.security.web.authentication.ui.DefaultLogoutPageGeneratingFilter@13cfa1ec, org.springframework.security.web.savedrequest.RequestCacheAwareFilter@7951a08c, org.springframework.security.web.servletapi.SecurityContextHolderAwareRequestFilter@7e168d90, org.springframework.security.web.authentication.AnonymousAuthenticationFilter@52688730, org.springframework.security.web.session.SessionManagementFilter@36b1b28, org.springframework.security.web.access.ExceptionTranslationFilter@69f35d31, org.springframework.security.web.access.intercept.AuthorizationFilter@648ec9f4]
2024-06-24 21:21:34,408 INFO o.a.j.l.DirectJDKLog [main] Starting ProtocolHandler ["http-nio-8080"]
2024-06-24 21:21:34,435 INFO o.s.b.w.e.t.TomcatWebServer [main] Tomcat started on port 8080 (http) with context path ''
2024-06-24 21:21:34,464 INFO o.s.b.StartupInfoLogger [main] Started Xx2Application in 11.834 seconds (process running for 12.7)
2024-06-24 21:21:39,859 INFO o.s.o.j.AbstractEntityManagerFactoryBean [SpringApplicationShutdownHook] Closing JPA EntityManagerFactory for persistence unit 'default'
2024-06-24 21:21:39,861 INFO c.z.h.HikariDataSource [SpringApplicationShutdownHook] HikariPool-1 - Shutdown initiated...
2024-06-24 21:21:39,865 INFO c.z.h.HikariDataSource [SpringApplicationShutdownHook] HikariPool-1 - Shutdown completed.
2024-06-24 21:22:02,540 INFO o.s.b.StartupInfoLogger [main] Starting Xx2Application using Java 17.0.6 with PID 27564 (D:\SYNRGY\Chapter 8\F-BJV24001115-synergy7-mah-binfood-ch8\target\classes started by mahes in D:\SYNRGY\Chapter 8\F-BJV24001115-synergy7-mah-binfood-ch8)
2024-06-24 21:22:02,546 INFO o.s.b.SpringApplication [main] No active profile set, falling back to 1 default profile: "default"
2024-06-24 21:22:04,712 INFO o.s.d.r.c.RepositoryConfigurationDelegate [main] Bootstrapping Spring Data JPA repositories in DEFAULT mode.
2024-06-24 21:22:04,879 INFO o.s.d.r.c.RepositoryConfigurationDelegate [main] Finished Spring Data repository scanning in 154 ms. Found 6 JPA repository interfaces.
2024-06-24 21:22:06,099 INFO o.s.b.w.e.t.TomcatWebServer [main] Tomcat initialized with port 8080 (http)
2024-06-24 21:22:06,118 INFO o.a.j.l.DirectJDKLog [main] Initializing ProtocolHandler ["http-nio-8080"]
2024-06-24 21:22:06,122 INFO o.a.j.l.DirectJDKLog [main] Starting service [Tomcat]
2024-06-24 21:22:06,123 INFO o.a.j.l.DirectJDKLog [main] Starting Servlet engine: [Apache Tomcat/10.1.20]
2024-06-24 21:22:06,268 INFO o.a.j.l.DirectJDKLog [main] Initializing Spring embedded WebApplicationContext
2024-06-24 21:22:06,270 INFO o.s.b.w.s.c.ServletWebServerApplicationContext [main] Root WebApplicationContext: initialization completed in 3606 ms
2024-06-24 21:22:06,560 INFO o.h.j.i.u.LogHelper [main] HHH000204: Processing PersistenceUnitInfo [name: default]
2024-06-24 21:22:06,670 INFO o.h.Version [main] HHH000412: Hibernate ORM core version 6.4.4.Final
2024-06-24 21:22:06,738 INFO o.h.c.i.RegionFactoryInitiator [main] HHH000026: Second-level cache disabled
2024-06-24 21:22:07,123 INFO o.s.o.j.p.SpringPersistenceUnitInfo [main] No LoadTimeWeaver setup: ignoring JPA class transformer
2024-06-24 21:22:07,170 INFO c.z.h.HikariDataSource [main] HikariPool-1 - Starting...
2024-06-24 21:22:07,518 INFO c.z.h.p.HikariPool [main] HikariPool-1 - Added connection org.postgresql.jdbc.PgConnection@21abda60
2024-06-24 21:22:07,521 INFO c.z.h.HikariDataSource [main] HikariPool-1 - Start completed.
2024-06-24 21:22:07,595 WARN o.h.e.j.d.i.DialectFactoryImpl [main] HHH90000025: PostgreSQLDialect does not need to be specified explicitly using 'hibernate.dialect' (remove the property setting and it will be selected by default)
2024-06-24 21:22:10,037 INFO o.h.e.t.j.p.i.JtaPlatformInitiator [main] HHH000489: No JTA platform available (set 'hibernate.transaction.jta.platform' to enable JTA platform integration)
2024-06-24 21:22:10,358 INFO o.s.o.j.AbstractEntityManagerFactoryBean [main] Initialized JPA EntityManagerFactory for persistence unit 'default'
2024-06-24 21:22:11,224 INFO o.s.d.j.r.q.QueryEnhancerFactory [main] Hibernate is in classpath; If applicable, HQL parser will be used.
2024-06-24 21:22:12,129 WARN o.s.b.a.o.j.JpaBaseConfiguration$JpaWebConfiguration [main] spring.jpa.open-in-view is enabled by default. Therefore, database queries may be performed during view rendering. Explicitly configure spring.jpa.open-in-view to disable this warning
2024-06-24 21:22:13,038 INFO o.s.s.w.DefaultSecurityFilterChain [main] Will secure any request with [org.springframework.security.web.session.DisableEncodeUrlFilter@7f03e5f4, org.springframework.security.web.context.request.async.WebAsyncManagerIntegrationFilter@6725f9e0, org.springframework.security.web.context.SecurityContextHolderFilter@2b35dde3, org.springframework.security.web.header.HeaderWriterFilter@cf0e8b4, org.springframework.web.filter.CorsFilter@6121b045, org.springframework.security.web.authentication.logout.LogoutFilter@1eedf268, org.springframework.security.oauth2.client.web.OAuth2AuthorizationRequestRedirectFilter@13cfa1ec, org.springframework.security.oauth2.client.web.OAuth2LoginAuthenticationFilter@1b9075c9, com.example.xx2.security.jwt.JwtAuthTokenFilter@47f8374, org.springframework.security.web.authentication.UsernamePasswordAuthenticationFilter@2db15764, org.springframework.security.web.authentication.ui.DefaultLoginPageGeneratingFilter@3fcc58f8, org.springframework.security.web.authentication.ui.DefaultLogoutPageGeneratingFilter@4b8ab2f8, org.springframework.security.web.savedrequest.RequestCacheAwareFilter@62ee32c6, org.springframework.security.web.servletapi.SecurityContextHolderAwareRequestFilter@5b1c4b48, org.springframework.security.web.authentication.AnonymousAuthenticationFilter@2b46d238, org.springframework.security.web.session.SessionManagementFilter@1e7245da, org.springframework.security.web.access.ExceptionTranslationFilter@7951a08c, org.springframework.security.web.access.intercept.AuthorizationFilter@69eb88a7]
2024-06-24 21:22:13,643 INFO o.a.j.l.DirectJDKLog [main] Starting ProtocolHandler ["http-nio-8080"]
2024-06-24 21:22:13,692 INFO o.s.b.w.e.t.TomcatWebServer [main] Tomcat started on port 8080 (http) with context path ''
2024-06-24 21:22:13,728 INFO o.s.b.StartupInfoLogger [main] Started Xx2Application in 12.423 seconds (process running for 13.305)
2024-06-24 21:22:25,524 INFO o.s.o.j.AbstractEntityManagerFactoryBean [SpringApplicationShutdownHook] Closing JPA EntityManagerFactory for persistence unit 'default'
2024-06-24 21:22:25,527 INFO c.z.h.HikariDataSource [SpringApplicationShutdownHook] HikariPool-1 - Shutdown initiated...
2024-06-24 21:22:25,529 INFO c.z.h.HikariDataSource [SpringApplicationShutdownHook] HikariPool-1 - Shutdown completed.
2024-06-24 21:23:45,714 INFO o.s.b.StartupInfoLogger [main] Starting Xx2Application using Java 17.0.6 with PID 3348 (D:\SYNRGY\Chapter 8\F-BJV24001115-synergy7-mah-binfood-ch8\target\classes started by mahes in D:\SYNRGY\Chapter 8\F-BJV24001115-synergy7-mah-binfood-ch8)
2024-06-24 21:23:45,719 INFO o.s.b.SpringApplication [main] No active profile set, falling back to 1 default profile: "default"
2024-06-24 21:23:47,693 INFO o.s.d.r.c.RepositoryConfigurationDelegate [main] Bootstrapping Spring Data JPA repositories in DEFAULT mode.
2024-06-24 21:23:47,872 INFO o.s.d.r.c.RepositoryConfigurationDelegate [main] Finished Spring Data repository scanning in 166 ms. Found 6 JPA repository interfaces.
2024-06-24 21:23:49,120 INFO o.s.b.w.e.t.TomcatWebServer [main] Tomcat initialized with port 8080 (http)
2024-06-24 21:23:49,137 INFO o.a.j.l.DirectJDKLog [main] Initializing ProtocolHandler ["http-nio-8080"]
2024-06-24 21:23:49,142 INFO o.a.j.l.DirectJDKLog [main] Starting service [Tomcat]
2024-06-24 21:23:49,143 INFO o.a.j.l.DirectJDKLog [main] Starting Servlet engine: [Apache Tomcat/10.1.20]
2024-06-24 21:23:49,281 INFO o.a.j.l.DirectJDKLog [main] Initializing Spring embedded WebApplicationContext
2024-06-24 21:23:49,283 INFO o.s.b.w.s.c.ServletWebServerApplicationContext [main] Root WebApplicationContext: initialization completed in 3462 ms
2024-06-24 21:23:49,565 INFO o.h.j.i.u.LogHelper [main] HHH000204: Processing PersistenceUnitInfo [name: default]
2024-06-24 21:23:49,675 INFO o.h.Version [main] HHH000412: Hibernate ORM core version 6.4.4.Final
2024-06-24 21:23:49,734 INFO o.h.c.i.RegionFactoryInitiator [main] HHH000026: Second-level cache disabled
2024-06-24 21:23:50,230 INFO o.s.o.j.p.SpringPersistenceUnitInfo [main] No LoadTimeWeaver setup: ignoring JPA class transformer
2024-06-24 21:23:50,285 INFO c.z.h.HikariDataSource [main] HikariPool-1 - Starting...
2024-06-24 21:23:50,732 INFO c.z.h.p.HikariPool [main] HikariPool-1 - Added connection org.postgresql.jdbc.PgConnection@61c87f1b
2024-06-24 21:23:50,737 INFO c.z.h.HikariDataSource [main] HikariPool-1 - Start completed.
2024-06-24 21:23:50,832 WARN o.h.e.j.d.i.DialectFactoryImpl [main] HHH90000025: PostgreSQLDialect does not need to be specified explicitly using 'hibernate.dialect' (remove the property setting and it will be selected by default)
2024-06-24 21:23:53,160 INFO o.h.e.t.j.p.i.JtaPlatformInitiator [main] HHH000489: No JTA platform available (set 'hibernate.transaction.jta.platform' to enable JTA platform integration)
2024-06-24 21:23:53,500 INFO o.s.o.j.AbstractEntityManagerFactoryBean [main] Initialized JPA EntityManagerFactory for persistence unit 'default'
2024-06-24 21:23:54,608 INFO o.s.d.j.r.q.QueryEnhancerFactory [main] Hibernate is in classpath; If applicable, HQL parser will be used.
2024-06-24 21:23:55,600 WARN o.s.b.a.o.j.JpaBaseConfiguration$JpaWebConfiguration [main] spring.jpa.open-in-view is enabled by default. Therefore, database queries may be performed during view rendering. Explicitly configure spring.jpa.open-in-view to disable this warning
2024-06-24 21:23:56,293 INFO o.s.s.w.DefaultSecurityFilterChain [main] Will secure any request with [org.springframework.security.web.session.DisableEncodeUrlFilter@25dc8147, org.springframework.security.web.context.request.async.WebAsyncManagerIntegrationFilter@5aeb2c8a, org.springframework.security.web.context.SecurityContextHolderFilter@4603845b, org.springframework.security.web.header.HeaderWriterFilter@13190355, org.springframework.web.filter.CorsFilter@962e03a, org.springframework.security.web.authentication.logout.LogoutFilter@5f83b506, org.springframework.security.oauth2.client.web.OAuth2AuthorizationRequestRedirectFilter@139224ab, org.springframework.security.oauth2.client.web.OAuth2LoginAuthenticationFilter@7900d917, com.example.xx2.security.jwt.JwtAuthTokenFilter@425a5c2e, org.springframework.security.web.authentication.UsernamePasswordAuthenticationFilter@495c3d15, org.springframework.security.web.authentication.ui.DefaultLoginPageGeneratingFilter@648ec9f4, org.springframework.security.web.authentication.ui.DefaultLogoutPageGeneratingFilter@472073bb, org.springframework.security.web.savedrequest.RequestCacheAwareFilter@53251e03, org.springframework.security.web.servletapi.SecurityContextHolderAwareRequestFilter@5ffae42f, org.springframework.security.web.authentication.AnonymousAuthenticationFilter@63714a1, org.springframework.security.web.session.SessionManagementFilter@7aafac17, org.springframework.security.web.access.ExceptionTranslationFilter@4f355321, org.springframework.security.web.access.intercept.AuthorizationFilter@3ddec942]
2024-06-24 21:23:56,794 INFO o.a.j.l.DirectJDKLog [main] Starting ProtocolHandler ["http-nio-8080"]
2024-06-24 21:23:56,831 INFO o.s.b.w.e.t.TomcatWebServer [main] Tomcat started on port 8080 (http) with context path ''
2024-06-24 21:23:56,858 INFO o.s.b.StartupInfoLogger [main] Started Xx2Application in 12.464 seconds (process running for 13.471)
2024-06-24 21:24:01,761 INFO o.a.j.l.DirectJDKLog [http-nio-8080-exec-2] Initializing Spring DispatcherServlet 'dispatcherServlet'
2024-06-24 21:24:01,762 INFO o.s.w.s.FrameworkServlet [http-nio-8080-exec-2] Initializing Servlet 'dispatcherServlet'
2024-06-24 21:24:01,765 INFO o.s.w.s.FrameworkServlet [http-nio-8080-exec-2] Completed initialization in 3 ms
2024-06-24 21:24:53,490 INFO o.s.o.j.AbstractEntityManagerFactoryBean [SpringApplicationShutdownHook] Closing JPA EntityManagerFactory for persistence unit 'default'
2024-06-24 21:24:53,494 INFO c.z.h.HikariDataSource [SpringApplicationShutdownHook] HikariPool-1 - Shutdown initiated...
2024-06-24 21:24:53,498 INFO c.z.h.HikariDataSource [SpringApplicationShutdownHook] HikariPool-1 - Shutdown completed.
2024-06-24 21:25:00,991 INFO o.s.b.StartupInfoLogger [main] Starting Xx2Application using Java 17.0.6 with PID 22516 (D:\SYNRGY\Chapter 8\F-BJV24001115-synergy7-mah-binfood-ch8\target\classes started by mahes in D:\SYNRGY\Chapter 8\F-BJV24001115-synergy7-mah-binfood-ch8)
2024-06-24 21:25:00,996 INFO o.s.b.SpringApplication [main] No active profile set, falling back to 1 default profile: "default"
2024-06-24 21:25:02,846 INFO o.s.d.r.c.RepositoryConfigurationDelegate [main] Bootstrapping Spring Data JPA repositories in DEFAULT mode.
2024-06-24 21:25:03,003 INFO o.s.d.r.c.RepositoryConfigurationDelegate [main] Finished Spring Data repository scanning in 145 ms. Found 6 JPA repository interfaces.
2024-06-24 21:25:04,284 INFO o.s.b.w.e.t.TomcatWebServer [main] Tomcat initialized with port 8080 (http)
2024-06-24 21:25:04,300 INFO o.a.j.l.DirectJDKLog [main] Initializing ProtocolHandler ["http-nio-8080"]
2024-06-24 21:25:04,305 INFO o.a.j.l.DirectJDKLog [main] Starting service [Tomcat]
2024-06-24 21:25:04,306 INFO o.a.j.l.DirectJDKLog [main] Starting Servlet engine: [Apache Tomcat/10.1.20]
2024-06-24 21:25:04,466 INFO o.a.j.l.DirectJDKLog [main] Initializing Spring embedded WebApplicationContext
2024-06-24 21:25:04,469 INFO o.s.b.w.s.c.ServletWebServerApplicationContext [main] Root WebApplicationContext: initialization completed in 3371 ms
2024-06-24 21:25:04,719 INFO o.h.j.i.u.LogHelper [main] HHH000204: Processing PersistenceUnitInfo [name: default]
2024-06-24 21:25:04,826 INFO o.h.Version [main] HHH000412: Hibernate ORM core version 6.4.4.Final
2024-06-24 21:25:04,887 INFO o.h.c.i.RegionFactoryInitiator [main] HHH000026: Second-level cache disabled
2024-06-24 21:25:05,343 INFO o.s.o.j.p.SpringPersistenceUnitInfo [main] No LoadTimeWeaver setup: ignoring JPA class transformer
2024-06-24 21:25:05,403 INFO c.z.h.HikariDataSource [main] HikariPool-1 - Starting...
2024-06-24 21:25:05,766 INFO c.z.h.p.HikariPool [main] HikariPool-1 - Added connection org.postgresql.jdbc.PgConnection@311a0b3e
2024-06-24 21:25:05,768 INFO c.z.h.HikariDataSource [main] HikariPool-1 - Start completed.
2024-06-24 21:25:05,841 WARN o.h.e.j.d.i.DialectFactoryImpl [main] HHH90000025: PostgreSQLDialect does not need to be specified explicitly using 'hibernate.dialect' (remove the property setting and it will be selected by default)
2024-06-24 21:25:08,028 INFO o.h.e.t.j.p.i.JtaPlatformInitiator [main] HHH000489: No JTA platform available (set 'hibernate.transaction.jta.platform' to enable JTA platform integration)
2024-06-24 21:25:08,267 INFO o.s.o.j.AbstractEntityManagerFactoryBean [main] Initialized JPA EntityManagerFactory for persistence unit 'default'
2024-06-24 21:25:09,334 INFO o.s.d.j.r.q.QueryEnhancerFactory [main] Hibernate is in classpath; If applicable, HQL parser will be used.
2024-06-24 21:25:10,368 WARN o.s.b.a.o.j.JpaBaseConfiguration$JpaWebConfiguration [main] spring.jpa.open-in-view is enabled by default. Therefore, database queries may be performed during view rendering. Explicitly configure spring.jpa.open-in-view to disable this warning
2024-06-24 21:25:11,185 INFO o.s.s.w.DefaultSecurityFilterChain [main] Will secure any request with [org.springframework.security.web.session.DisableEncodeUrlFilter@63793f16, org.springframework.security.web.context.request.async.WebAsyncManagerIntegrationFilter@7f03e5f4, org.springframework.security.web.context.SecurityContextHolderFilter@5f7cc6fd, org.springframework.security.web.header.HeaderWriterFilter@7e168d90, org.springframework.web.filter.CorsFilter@6725f9e0, org.springframework.security.web.authentication.logout.LogoutFilter@58182d7, org.springframework.security.oauth2.client.web.OAuth2AuthorizationRequestRedirectFilter@9760f17, org.springframework.security.oauth2.client.web.OAuth2LoginAuthenticationFilter@2227c82d, com.example.xx2.security.jwt.JwtAuthTokenFilter@2ae07dbd, org.springframework.security.web.authentication.UsernamePasswordAuthenticationFilter@69eb88a7, org.springframework.security.web.authentication.ui.DefaultLoginPageGeneratingFilter@7bb3cbb4, org.springframework.security.web.authentication.ui.DefaultLogoutPageGeneratingFilter@6121b045, org.springframework.security.web.savedrequest.RequestCacheAwareFilter@276511ca, org.springframework.security.web.servletapi.SecurityContextHolderAwareRequestFilter@62ee32c6, org.springframework.security.web.authentication.AnonymousAuthenticationFilter@4b8ab2f8, org.springframework.security.web.session.SessionManagementFilter@6a53cddc, org.springframework.security.web.access.ExceptionTranslationFilter@2889d997, org.springframework.security.web.access.intercept.AuthorizationFilter@31e08c61]
2024-06-24 21:25:11,662 INFO o.a.j.l.DirectJDKLog [main] Starting ProtocolHandler ["http-nio-8080"]
2024-06-24 21:25:11,700 INFO o.s.b.w.e.t.TomcatWebServer [main] Tomcat started on port 8080 (http) with context path ''
2024-06-24 21:25:11,723 INFO o.s.b.StartupInfoLogger [main] Started Xx2Application in 12.175 seconds (process running for 13.125)
2024-06-24 21:25:18,388 INFO o.s.o.j.AbstractEntityManagerFactoryBean [SpringApplicationShutdownHook] Closing JPA EntityManagerFactory for persistence unit 'default'
2024-06-24 21:25:18,391 INFO c.z.h.HikariDataSource [SpringApplicationShutdownHook] HikariPool-1 - Shutdown initiated...
2024-06-24 21:25:18,398 INFO c.z.h.HikariDataSource [SpringApplicationShutdownHook] HikariPool-1 - Shutdown completed.
2024-06-24 21:26:29,137 INFO o.s.b.StartupInfoLogger [main] Starting Xx2Application using Java 17.0.6 with PID 28644 (D:\SYNRGY\Chapter 8\F-BJV24001115-synergy7-mah-binfood-ch8\target\classes started by mahes in D:\SYNRGY\Chapter 8\F-BJV24001115-synergy7-mah-binfood-ch8)
2024-06-24 21:26:29,146 INFO o.s.b.SpringApplication [main] No active profile set, falling back to 1 default profile: "default"
2024-06-24 21:26:31,149 INFO o.s.d.r.c.RepositoryConfigurationDelegate [main] Bootstrapping Spring Data JPA repositories in DEFAULT mode.
2024-06-24 21:26:31,322 INFO o.s.d.r.c.RepositoryConfigurationDelegate [main] Finished Spring Data repository scanning in 161 ms. Found 6 JPA repository interfaces.
2024-06-24 21:26:32,635 INFO o.s.b.w.e.t.TomcatWebServer [main] Tomcat initialized with port 8080 (http)
2024-06-24 21:26:32,655 INFO o.a.j.l.DirectJDKLog [main] Initializing ProtocolHandler ["http-nio-8080"]
2024-06-24 21:26:32,660 INFO o.a.j.l.DirectJDKLog [main] Starting service [Tomcat]
2024-06-24 21:26:32,661 INFO o.a.j.l.DirectJDKLog [main] Starting Servlet engine: [Apache Tomcat/10.1.20]
2024-06-24 21:26:32,812 INFO o.a.j.l.DirectJDKLog [main] Initializing Spring embedded WebApplicationContext
2024-06-24 21:26:32,814 INFO o.s.b.w.s.c.ServletWebServerApplicationContext [main] Root WebApplicationContext: initialization completed in 3559 ms
2024-06-24 21:26:33,101 INFO o.h.j.i.u.LogHelper [main] HHH000204: Processing PersistenceUnitInfo [name: default]
2024-06-24 21:26:33,223 INFO o.h.Version [main] HHH000412: Hibernate ORM core version 6.4.4.Final
2024-06-24 21:26:33,293 INFO o.h.c.i.RegionFactoryInitiator [main] HHH000026: Second-level cache disabled
2024-06-24 21:26:33,750 INFO o.s.o.j.p.SpringPersistenceUnitInfo [main] No LoadTimeWeaver setup: ignoring JPA class transformer
2024-06-24 21:26:33,802 INFO c.z.h.HikariDataSource [main] HikariPool-1 - Starting...
2024-06-24 21:26:34,136 INFO c.z.h.p.HikariPool [main] HikariPool-1 - Added connection org.postgresql.jdbc.PgConnection@61c87f1b
2024-06-24 21:26:34,139 INFO c.z.h.HikariDataSource [main] HikariPool-1 - Start completed.
2024-06-24 21:26:34,215 WARN o.h.e.j.d.i.DialectFactoryImpl [main] HHH90000025: PostgreSQLDialect does not need to be specified explicitly using 'hibernate.dialect' (remove the property setting and it will be selected by default)
2024-06-24 21:26:36,477 INFO o.h.e.t.j.p.i.JtaPlatformInitiator [main] HHH000489: No JTA platform available (set 'hibernate.transaction.jta.platform' to enable JTA platform integration)
2024-06-24 21:26:36,749 INFO o.s.o.j.AbstractEntityManagerFactoryBean [main] Initialized JPA EntityManagerFactory for persistence unit 'default'
2024-06-24 21:26:37,585 INFO o.s.d.j.r.q.QueryEnhancerFactory [main] Hibernate is in classpath; If applicable, HQL parser will be used.
2024-06-24 21:26:38,706 WARN o.s.b.a.o.j.JpaBaseConfiguration$JpaWebConfiguration [main] spring.jpa.open-in-view is enabled by default. Therefore, database queries may be performed during view rendering. Explicitly configure spring.jpa.open-in-view to disable this warning
2024-06-24 21:26:39,722 INFO o.s.s.w.DefaultSecurityFilterChain [main] Will secure any request with [org.springframework.security.web.session.DisableEncodeUrlFilter@25dc8147, org.springframework.security.web.context.request.async.WebAsyncManagerIntegrationFilter@5aeb2c8a, org.springframework.security.web.context.SecurityContextHolderFilter@4603845b, org.springframework.security.web.header.HeaderWriterFilter@13190355, org.springframework.web.filter.CorsFilter@962e03a, org.springframework.security.web.authentication.logout.LogoutFilter@5f83b506, org.springframework.security.oauth2.client.web.OAuth2AuthorizationRequestRedirectFilter@139224ab, org.springframework.security.oauth2.client.web.OAuth2LoginAuthenticationFilter@7900d917, com.example.xx2.security.jwt.JwtAuthTokenFilter@425a5c2e, org.springframework.security.web.authentication.UsernamePasswordAuthenticationFilter@495c3d15, org.springframework.security.web.authentication.ui.DefaultLoginPageGeneratingFilter@648ec9f4, org.springframework.security.web.authentication.ui.DefaultLogoutPageGeneratingFilter@472073bb, org.springframework.security.web.savedrequest.RequestCacheAwareFilter@53251e03, org.springframework.security.web.servletapi.SecurityContextHolderAwareRequestFilter@5ffae42f, org.springframework.security.web.authentication.AnonymousAuthenticationFilter@63714a1, org.springframework.security.web.session.SessionManagementFilter@7aafac17, org.springframework.security.web.access.ExceptionTranslationFilter@4f355321, org.springframework.security.web.access.intercept.AuthorizationFilter@3ddec942]
2024-06-24 21:26:40,492 INFO o.a.j.l.DirectJDKLog [main] Starting ProtocolHandler ["http-nio-8080"]
2024-06-24 21:26:40,549 INFO o.s.b.w.e.t.TomcatWebServer [main] Tomcat started on port 8080 (http) with context path ''
2024-06-24 21:26:40,573 INFO o.s.b.StartupInfoLogger [main] Started Xx2Application in 12.624 seconds (process running for 13.633)
2024-06-24 21:26:46,277 INFO o.s.o.j.AbstractEntityManagerFactoryBean [SpringApplicationShutdownHook] Closing JPA EntityManagerFactory for persistence unit 'default'
2024-06-24 21:26:46,280 INFO c.z.h.HikariDataSource [SpringApplicationShutdownHook] HikariPool-1 - Shutdown initiated...
2024-06-24 21:26:46,284 INFO c.z.h.HikariDataSource [SpringApplicationShutdownHook] HikariPool-1 - Shutdown completed.
2024-06-24 21:28:59,417 INFO o.s.b.StartupInfoLogger [main] Starting Xx2Application using Java 17.0.6 with PID 27736 (D:\SYNRGY\Chapter 8\F-BJV24001115-synergy7-mah-binfood-ch8\target\classes started by mahes in D:\SYNRGY\Chapter 8\F-BJV24001115-synergy7-mah-binfood-ch8)
2024-06-24 21:28:59,424 INFO o.s.b.SpringApplication [main] No active profile set, falling back to 1 default profile: "default"
2024-06-24 21:29:01,745 INFO o.s.d.r.c.RepositoryConfigurationDelegate [main] Bootstrapping Spring Data JPA repositories in DEFAULT mode.
2024-06-24 21:29:01,941 INFO o.s.d.r.c.RepositoryConfigurationDelegate [main] Finished Spring Data repository scanning in 178 ms. Found 6 JPA repository interfaces.
2024-06-24 21:29:03,290 INFO o.s.b.w.e.t.TomcatWebServer [main] Tomcat initialized with port 8080 (http)
2024-06-24 21:29:03,307 INFO o.a.j.l.DirectJDKLog [main] Initializing ProtocolHandler ["http-nio-8080"]
2024-06-24 21:29:03,313 INFO o.a.j.l.DirectJDKLog [main] Starting service [Tomcat]
2024-06-24 21:29:03,313 INFO o.a.j.l.DirectJDKLog [main] Starting Servlet engine: [Apache Tomcat/10.1.20]
2024-06-24 21:29:03,455 INFO o.a.j.l.DirectJDKLog [main] Initializing Spring embedded WebApplicationContext
2024-06-24 21:29:03,457 INFO o.s.b.w.s.c.ServletWebServerApplicationContext [main] Root WebApplicationContext: initialization completed in 3917 ms
2024-06-24 21:29:03,768 INFO o.h.j.i.u.LogHelper [main] HHH000204: Processing PersistenceUnitInfo [name: default]
2024-06-24 21:29:03,899 INFO o.h.Version [main] HHH000412: Hibernate ORM core version 6.4.4.Final
2024-06-24 21:29:03,967 INFO o.h.c.i.RegionFactoryInitiator [main] HHH000026: Second-level cache disabled
2024-06-24 21:29:04,381 INFO o.s.o.j.p.SpringPersistenceUnitInfo [main] No LoadTimeWeaver setup: ignoring JPA class transformer
2024-06-24 21:29:04,423 INFO c.z.h.HikariDataSource [main] HikariPool-1 - Starting...
2024-06-24 21:29:04,811 INFO c.z.h.p.HikariPool [main] HikariPool-1 - Added connection org.postgresql.jdbc.PgConnection@749d7c01
2024-06-24 21:29:04,815 INFO c.z.h.HikariDataSource [main] HikariPool-1 - Start completed.
2024-06-24 21:29:04,904 WARN o.h.e.j.d.i.DialectFactoryImpl [main] HHH90000025: PostgreSQLDialect does not need to be specified explicitly using 'hibernate.dialect' (remove the property setting and it will be selected by default)
2024-06-24 21:29:07,044 INFO o.h.e.t.j.p.i.JtaPlatformInitiator [main] HHH000489: No JTA platform available (set 'hibernate.transaction.jta.platform' to enable JTA platform integration)
2024-06-24 21:29:07,329 INFO o.s.o.j.AbstractEntityManagerFactoryBean [main] Initialized JPA EntityManagerFactory for persistence unit 'default'
2024-06-24 21:29:08,530 INFO o.s.d.j.r.q.QueryEnhancerFactory [main] Hibernate is in classpath; If applicable, HQL parser will be used.
2024-06-24 21:29:09,366 WARN o.s.b.a.o.j.JpaBaseConfiguration$JpaWebConfiguration [main] spring.jpa.open-in-view is enabled by default. Therefore, database queries may be performed during view rendering. Explicitly configure spring.jpa.open-in-view to disable this warning
2024-06-24 21:29:10,234 INFO o.s.s.w.DefaultSecurityFilterChain [main] Will secure any request with [org.springframework.security.web.session.DisableEncodeUrlFilter@6364d449, org.springframework.security.web.context.request.async.WebAsyncManagerIntegrationFilter@fabe3f8, org.springframework.security.web.context.SecurityContextHolderFilter@51a7ee4e, org.springframework.security.web.header.HeaderWriterFilter@2b35dde3, org.springframework.web.filter.CorsFilter@11a88d87, org.springframework.security.web.authentication.logout.LogoutFilter@69abff1d, org.springframework.security.oauth2.client.web.OAuth2AuthorizationRequestRedirectFilter@63793f16, org.springframework.security.oauth2.client.web.OAuth2LoginAuthenticationFilter@6121b045, com.example.xx2.security.jwt.JwtAuthTokenFilter@76ffd052, org.springframework.security.web.authentication.UsernamePasswordAuthenticationFilter@34e785db, org.springframework.security.web.authentication.ui.DefaultLoginPageGeneratingFilter@260d878a, org.springframework.security.web.authentication.ui.DefaultLogoutPageGeneratingFilter@ce24a98, org.springframework.security.web.savedrequest.RequestCacheAwareFilter@7bb3cbb4, org.springframework.security.web.servletapi.SecurityContextHolderAwareRequestFilter@3fcc58f8, org.springframework.security.web.authentication.AnonymousAuthenticationFilter@496101d1, org.springframework.security.web.session.SessionManagementFilter@62ee32c6, org.springframework.security.web.access.ExceptionTranslationFilter@54422189, org.springframework.security.web.access.intercept.AuthorizationFilter@5a720cdf]
2024-06-24 21:29:10,813 INFO o.a.j.l.DirectJDKLog [main] Starting ProtocolHandler ["http-nio-8080"]
2024-06-24 21:29:10,859 INFO o.s.b.w.e.t.TomcatWebServer [main] Tomcat started on port 8080 (http) with context path ''
2024-06-24 21:29:10,891 INFO o.s.b.StartupInfoLogger [main] Started Xx2Application in 12.956 seconds (process running for 14.146)
2024-06-24 21:29:15,381 INFO o.s.o.j.AbstractEntityManagerFactoryBean [SpringApplicationShutdownHook] Closing JPA EntityManagerFactory for persistence unit 'default'
2024-06-24 21:29:15,385 INFO c.z.h.HikariDataSource [SpringApplicationShutdownHook] HikariPool-1 - Shutdown initiated...
2024-06-24 21:29:15,388 INFO c.z.h.HikariDataSource [SpringApplicationShutdownHook] HikariPool-1 - Shutdown completed.
