2024-06-02 21:35:36,547 INFO o.s.b.StartupInfoLogger [main] Starting Xx2Application using Java 17.0.6 with PID 9240 (D:\SYNRGY\Challenge\F-BJV24001115-synergy7-mah-binfood-ch6\target\classes started by mahes in D:\SYNRGY\Challenge\F-BJV24001115-synergy7-mah-binfood-ch6)
2024-06-02 21:35:36,553 INFO o.s.b.SpringApplication [main] No active profile set, falling back to 1 default profile: "default"
2024-06-02 21:35:37,487 INFO o.s.d.r.c.RepositoryConfigurationDelegate [main] Bootstrapping Spring Data JPA repositories in DEFAULT mode.
2024-06-02 21:35:37,591 INFO o.s.d.r.c.RepositoryConfigurationDelegate [main] Finished Spring Data repository scanning in 91 ms. Found 5 JPA repository interfaces.
2024-06-02 21:35:38,240 INFO o.s.b.w.e.t.TomcatWebServer [main] Tomcat initialized with port 8080 (http)
2024-06-02 21:35:38,248 INFO o.a.j.l.DirectJDKLog [main] Initializing ProtocolHandler ["http-nio-8080"]
2024-06-02 21:35:38,251 INFO o.a.j.l.DirectJDKLog [main] Starting service [Tomcat]
2024-06-02 21:35:38,251 INFO o.a.j.l.DirectJDKLog [main] Starting Servlet engine: [Apache Tomcat/10.1.20]
2024-06-02 21:35:38,317 INFO o.a.j.l.DirectJDKLog [main] Initializing Spring embedded WebApplicationContext
2024-06-02 21:35:38,319 INFO o.s.b.w.s.c.ServletWebServerApplicationContext [main] Root WebApplicationContext: initialization completed in 1696 ms
2024-06-02 21:35:38,497 INFO o.h.j.i.u.LogHelper [main] HHH000204: Processing PersistenceUnitInfo [name: default]
2024-06-02 21:35:38,657 INFO o.h.Version [main] HHH000412: Hibernate ORM core version 6.4.4.Final
2024-06-02 21:35:38,700 INFO o.h.c.i.RegionFactoryInitiator [main] HHH000026: Second-level cache disabled
2024-06-02 21:35:38,967 INFO o.s.o.j.p.SpringPersistenceUnitInfo [main] No LoadTimeWeaver setup: ignoring JPA class transformer
2024-06-02 21:35:38,998 INFO c.z.h.HikariDataSource [main] HikariPool-1 - Starting...
2024-06-02 21:35:39,232 INFO c.z.h.p.HikariPool [main] HikariPool-1 - Added connection org.postgresql.jdbc.PgConnection@58f7215c
2024-06-02 21:35:39,234 INFO c.z.h.HikariDataSource [main] HikariPool-1 - Start completed.
2024-06-02 21:35:39,306 WARN o.h.e.j.d.i.DialectFactoryImpl [main] HHH90000025: PostgreSQLDialect does not need to be specified explicitly using 'hibernate.dialect' (remove the property setting and it will be selected by default)
2024-06-02 21:35:40,505 INFO o.h.e.t.j.p.i.JtaPlatformInitiator [main] HHH000489: No JTA platform available (set 'hibernate.transaction.jta.platform' to enable JTA platform integration)
2024-06-02 21:35:40,707 INFO o.s.o.j.AbstractEntityManagerFactoryBean [main] Initialized JPA EntityManagerFactory for persistence unit 'default'
2024-06-02 21:35:41,313 INFO o.s.d.j.r.q.QueryEnhancerFactory [main] Hibernate is in classpath; If applicable, HQL parser will be used.
2024-06-02 21:35:41,877 WARN o.s.b.a.o.j.JpaBaseConfiguration$JpaWebConfiguration [main] spring.jpa.open-in-view is enabled by default. Therefore, database queries may be performed during view rendering. Explicitly configure spring.jpa.open-in-view to disable this warning
2024-06-02 21:35:42,382 WARN o.s.b.a.s.s.UserDetailsServiceAutoConfiguration [main] 

Using generated security password: ed187238-e469-43c0-910e-34248c3bc34f

This generated password is for development use only. Your security configuration must be updated before running your application in production.

2024-06-02 21:35:42,507 INFO o.s.s.w.DefaultSecurityFilterChain [main] Will secure any request with [org.springframework.security.web.session.DisableEncodeUrlFilter@2b3cbc2c, org.springframework.security.web.context.request.async.WebAsyncManagerIntegrationFilter@4eb34397, org.springframework.security.web.context.SecurityContextHolderFilter@456d3914, org.springframework.security.web.header.HeaderWriterFilter@5967492a, org.springframework.web.filter.CorsFilter@3554de46, org.springframework.security.web.csrf.CsrfFilter@446dea16, org.springframework.security.web.authentication.logout.LogoutFilter@da8853c, org.springframework.security.web.authentication.UsernamePasswordAuthenticationFilter@520b547c, org.springframework.security.web.authentication.ui.DefaultLoginPageGeneratingFilter@271df4c0, org.springframework.security.web.authentication.ui.DefaultLogoutPageGeneratingFilter@70dbd79f, org.springframework.security.web.authentication.www.BasicAuthenticationFilter@22e8f04c, org.springframework.security.web.savedrequest.RequestCacheAwareFilter@783a2fec, org.springframework.security.web.servletapi.SecurityContextHolderAwareRequestFilter@61236349, org.springframework.security.web.authentication.AnonymousAuthenticationFilter@3ec8c874, org.springframework.security.web.access.ExceptionTranslationFilter@142f0ac1, org.springframework.security.web.access.intercept.AuthorizationFilter@33a1bb90]
2024-06-02 21:35:42,552 INFO o.a.j.l.DirectJDKLog [main] Starting ProtocolHandler ["http-nio-8080"]
2024-06-02 21:35:42,576 INFO o.s.b.w.e.t.TomcatWebServer [main] Tomcat started on port 8080 (http) with context path ''
2024-06-02 21:35:42,591 INFO o.s.b.StartupInfoLogger [main] Started Xx2Application in 6.655 seconds (process running for 7.242)
2024-06-02 21:35:55,836 INFO o.a.j.l.DirectJDKLog [http-nio-8080-exec-1] Initializing Spring DispatcherServlet 'dispatcherServlet'
2024-06-02 21:35:55,837 INFO o.s.w.s.FrameworkServlet [http-nio-8080-exec-1] Initializing Servlet 'dispatcherServlet'
2024-06-02 21:35:55,839 INFO o.s.w.s.FrameworkServlet [http-nio-8080-exec-1] Completed initialization in 2 ms
2024-06-02 22:48:24,299 INFO o.s.o.j.AbstractEntityManagerFactoryBean [SpringApplicationShutdownHook] Closing JPA EntityManagerFactory for persistence unit 'default'
2024-06-02 22:48:24,424 INFO c.z.h.HikariDataSource [SpringApplicationShutdownHook] HikariPool-1 - Shutdown initiated...
2024-06-02 22:48:24,488 INFO c.z.h.HikariDataSource [SpringApplicationShutdownHook] HikariPool-1 - Shutdown completed.
2024-06-02 22:48:55,153 INFO o.s.b.StartupInfoLogger [main] Starting Xx2Application using Java 17.0.6 with PID 12456 (D:\SYNRGY\Challenge\F-BJV24001115-synergy7-mah-binfood-ch6\target\classes started by mahes in D:\SYNRGY\Challenge\F-BJV24001115-synergy7-mah-binfood-ch6)
2024-06-02 22:48:55,155 INFO o.s.b.SpringApplication [main] No active profile set, falling back to 1 default profile: "default"
2024-06-02 22:48:56,397 INFO o.s.d.r.c.RepositoryConfigurationDelegate [main] Bootstrapping Spring Data JPA repositories in DEFAULT mode.
2024-06-02 22:48:56,492 INFO o.s.d.r.c.RepositoryConfigurationDelegate [main] Finished Spring Data repository scanning in 86 ms. Found 6 JPA repository interfaces.
2024-06-02 22:48:57,202 INFO o.s.b.w.e.t.TomcatWebServer [main] Tomcat initialized with port 8080 (http)
2024-06-02 22:48:57,213 INFO o.a.j.l.DirectJDKLog [main] Initializing ProtocolHandler ["http-nio-8080"]
2024-06-02 22:48:57,216 INFO o.a.j.l.DirectJDKLog [main] Starting service [Tomcat]
2024-06-02 22:48:57,216 INFO o.a.j.l.DirectJDKLog [main] Starting Servlet engine: [Apache Tomcat/10.1.20]
2024-06-02 22:48:57,298 INFO o.a.j.l.DirectJDKLog [main] Initializing Spring embedded WebApplicationContext
2024-06-02 22:48:57,300 INFO o.s.b.w.s.c.ServletWebServerApplicationContext [main] Root WebApplicationContext: initialization completed in 2075 ms
2024-06-02 22:48:57,494 INFO o.h.j.i.u.LogHelper [main] HHH000204: Processing PersistenceUnitInfo [name: default]
2024-06-02 22:48:57,570 INFO o.h.Version [main] HHH000412: Hibernate ORM core version 6.4.4.Final
2024-06-02 22:48:57,607 INFO o.h.c.i.RegionFactoryInitiator [main] HHH000026: Second-level cache disabled
2024-06-02 22:48:57,885 INFO o.s.o.j.p.SpringPersistenceUnitInfo [main] No LoadTimeWeaver setup: ignoring JPA class transformer
2024-06-02 22:48:57,912 INFO c.z.h.HikariDataSource [main] HikariPool-1 - Starting...
2024-06-02 22:48:58,130 INFO c.z.h.p.HikariPool [main] HikariPool-1 - Added connection org.postgresql.jdbc.PgConnection@3dd2b9c1
2024-06-02 22:48:58,132 INFO c.z.h.HikariDataSource [main] HikariPool-1 - Start completed.
2024-06-02 22:48:58,178 WARN o.h.e.j.d.i.DialectFactoryImpl [main] HHH90000025: PostgreSQLDialect does not need to be specified explicitly using 'hibernate.dialect' (remove the property setting and it will be selected by default)
2024-06-02 22:48:59,147 INFO o.h.e.t.j.p.i.JtaPlatformInitiator [main] HHH000489: No JTA platform available (set 'hibernate.transaction.jta.platform' to enable JTA platform integration)
2024-06-02 22:48:59,318 INFO o.s.o.j.AbstractEntityManagerFactoryBean [main] Initialized JPA EntityManagerFactory for persistence unit 'default'
2024-06-02 22:48:59,731 INFO o.s.d.j.r.q.QueryEnhancerFactory [main] Hibernate is in classpath; If applicable, HQL parser will be used.
2024-06-02 22:49:00,167 WARN o.s.b.a.o.j.JpaBaseConfiguration$JpaWebConfiguration [main] spring.jpa.open-in-view is enabled by default. Therefore, database queries may be performed during view rendering. Explicitly configure spring.jpa.open-in-view to disable this warning
2024-06-02 22:49:00,197 WARN o.s.b.a.s.s.UserDetailsServiceAutoConfiguration [main] 

Using generated security password: 19c114bf-b3dd-4a38-b979-d59a16378525

This generated password is for development use only. Your security configuration must be updated before running your application in production.

2024-06-02 22:49:00,540 INFO o.s.s.w.DefaultSecurityFilterChain [main] Will secure any request with [org.springframework.security.web.session.DisableEncodeUrlFilter@42fe9099, org.springframework.security.web.context.request.async.WebAsyncManagerIntegrationFilter@4437af21, org.springframework.security.web.context.SecurityContextHolderFilter@3d28c0af, org.springframework.security.web.header.HeaderWriterFilter@7ba5d307, org.springframework.web.filter.CorsFilter@657f1fc3, org.springframework.security.web.authentication.logout.LogoutFilter@3a72160a, org.springframework.security.web.savedrequest.RequestCacheAwareFilter@6bb2b8d4, org.springframework.security.web.servletapi.SecurityContextHolderAwareRequestFilter@64230d44, org.springframework.security.web.authentication.AnonymousAuthenticationFilter@6a0ca728, org.springframework.security.web.access.ExceptionTranslationFilter@1cb09347, org.springframework.security.web.access.intercept.AuthorizationFilter@7ecf001f]
2024-06-02 22:49:00,845 INFO o.a.j.l.DirectJDKLog [main] Starting ProtocolHandler ["http-nio-8080"]
2024-06-02 22:49:00,864 INFO o.s.b.w.e.t.TomcatWebServer [main] Tomcat started on port 8080 (http) with context path ''
2024-06-02 22:49:00,875 INFO o.s.b.StartupInfoLogger [main] Started Xx2Application in 6.258 seconds (process running for 6.731)
2024-06-02 22:51:07,431 INFO o.a.j.l.DirectJDKLog [http-nio-8080-exec-3] Initializing Spring DispatcherServlet 'dispatcherServlet'
2024-06-02 22:51:07,432 INFO o.s.w.s.FrameworkServlet [http-nio-8080-exec-3] Initializing Servlet 'dispatcherServlet'
2024-06-02 22:51:07,435 INFO o.s.w.s.FrameworkServlet [http-nio-8080-exec-3] Completed initialization in 3 ms
2024-06-02 22:53:23,027 INFO o.s.o.j.AbstractEntityManagerFactoryBean [SpringApplicationShutdownHook] Closing JPA EntityManagerFactory for persistence unit 'default'
2024-06-02 22:53:23,031 INFO c.z.h.HikariDataSource [SpringApplicationShutdownHook] HikariPool-1 - Shutdown initiated...
2024-06-02 22:53:23,038 INFO c.z.h.HikariDataSource [SpringApplicationShutdownHook] HikariPool-1 - Shutdown completed.
2024-06-02 22:53:43,055 INFO o.s.b.StartupInfoLogger [main] Starting Xx2Application using Java 17.0.6 with PID 23648 (D:\SYNRGY\Challenge\F-BJV24001115-synergy7-mah-binfood-ch6\target\classes started by mahes in D:\SYNRGY\Challenge\F-BJV24001115-synergy7-mah-binfood-ch6)
2024-06-02 22:53:43,059 INFO o.s.b.SpringApplication [main] No active profile set, falling back to 1 default profile: "default"
2024-06-02 22:53:43,921 INFO o.s.d.r.c.RepositoryConfigurationDelegate [main] Bootstrapping Spring Data JPA repositories in DEFAULT mode.
2024-06-02 22:53:44,014 INFO o.s.d.r.c.RepositoryConfigurationDelegate [main] Finished Spring Data repository scanning in 85 ms. Found 6 JPA repository interfaces.
2024-06-02 22:53:44,640 INFO o.s.b.w.e.t.TomcatWebServer [main] Tomcat initialized with port 8080 (http)
2024-06-02 22:53:44,649 INFO o.a.j.l.DirectJDKLog [main] Initializing ProtocolHandler ["http-nio-8080"]
2024-06-02 22:53:44,652 INFO o.a.j.l.DirectJDKLog [main] Starting service [Tomcat]
2024-06-02 22:53:44,652 INFO o.a.j.l.DirectJDKLog [main] Starting Servlet engine: [Apache Tomcat/10.1.20]
2024-06-02 22:53:44,728 INFO o.a.j.l.DirectJDKLog [main] Initializing Spring embedded WebApplicationContext
2024-06-02 22:53:44,730 INFO o.s.b.w.s.c.ServletWebServerApplicationContext [main] Root WebApplicationContext: initialization completed in 1619 ms
2024-06-02 22:53:44,928 INFO o.h.j.i.u.LogHelper [main] HHH000204: Processing PersistenceUnitInfo [name: default]
2024-06-02 22:53:44,993 INFO o.h.Version [main] HHH000412: Hibernate ORM core version 6.4.4.Final
2024-06-02 22:53:45,029 INFO o.h.c.i.RegionFactoryInitiator [main] HHH000026: Second-level cache disabled
2024-06-02 22:53:45,254 INFO o.s.o.j.p.SpringPersistenceUnitInfo [main] No LoadTimeWeaver setup: ignoring JPA class transformer
2024-06-02 22:53:45,281 INFO c.z.h.HikariDataSource [main] HikariPool-1 - Starting...
2024-06-02 22:53:45,500 INFO c.z.h.p.HikariPool [main] HikariPool-1 - Added connection org.postgresql.jdbc.PgConnection@2c3f43d1
2024-06-02 22:53:45,502 INFO c.z.h.HikariDataSource [main] HikariPool-1 - Start completed.
2024-06-02 22:53:45,536 WARN o.h.e.j.d.i.DialectFactoryImpl [main] HHH90000025: PostgreSQLDialect does not need to be specified explicitly using 'hibernate.dialect' (remove the property setting and it will be selected by default)
2024-06-02 22:53:46,519 INFO o.h.e.t.j.p.i.JtaPlatformInitiator [main] HHH000489: No JTA platform available (set 'hibernate.transaction.jta.platform' to enable JTA platform integration)
2024-06-02 22:53:46,618 INFO o.s.o.j.AbstractEntityManagerFactoryBean [main] Initialized JPA EntityManagerFactory for persistence unit 'default'
2024-06-02 22:53:46,972 INFO o.s.d.j.r.q.QueryEnhancerFactory [main] Hibernate is in classpath; If applicable, HQL parser will be used.
2024-06-02 22:53:47,385 WARN o.s.b.a.o.j.JpaBaseConfiguration$JpaWebConfiguration [main] spring.jpa.open-in-view is enabled by default. Therefore, database queries may be performed during view rendering. Explicitly configure spring.jpa.open-in-view to disable this warning
2024-06-02 22:53:47,423 WARN o.s.b.a.s.s.UserDetailsServiceAutoConfiguration [main] 

Using generated security password: a75be428-4789-4016-9fe6-adaca85c0945

This generated password is for development use only. Your security configuration must be updated before running your application in production.

2024-06-02 22:53:47,716 INFO o.s.s.w.DefaultSecurityFilterChain [main] Will secure any request with [org.springframework.security.web.session.DisableEncodeUrlFilter@20307cb9, org.springframework.security.web.context.request.async.WebAsyncManagerIntegrationFilter@19a2b224, org.springframework.security.web.context.SecurityContextHolderFilter@25000d3d, org.springframework.security.web.header.HeaderWriterFilter@5811f080, org.springframework.web.filter.CorsFilter@2251cc2e, org.springframework.security.web.authentication.logout.LogoutFilter@7d28d525, org.springframework.security.web.savedrequest.RequestCacheAwareFilter@37ddb835, org.springframework.security.web.servletapi.SecurityContextHolderAwareRequestFilter@42b4cce1, org.springframework.security.web.authentication.AnonymousAuthenticationFilter@61563a91, org.springframework.security.web.access.ExceptionTranslationFilter@79b9dfcd, org.springframework.security.web.access.intercept.AuthorizationFilter@18a421ea]
2024-06-02 22:53:47,966 INFO o.a.j.l.DirectJDKLog [main] Starting ProtocolHandler ["http-nio-8080"]
2024-06-02 22:53:47,987 INFO o.s.b.w.e.t.TomcatWebServer [main] Tomcat started on port 8080 (http) with context path ''
2024-06-02 22:53:47,999 INFO o.s.b.StartupInfoLogger [main] Started Xx2Application in 5.486 seconds (process running for 5.913)
2024-06-02 22:53:53,568 INFO o.a.j.l.DirectJDKLog [http-nio-8080-exec-1] Initializing Spring DispatcherServlet 'dispatcherServlet'
2024-06-02 22:53:53,568 INFO o.s.w.s.FrameworkServlet [http-nio-8080-exec-1] Initializing Servlet 'dispatcherServlet'
2024-06-02 22:53:53,570 INFO o.s.w.s.FrameworkServlet [http-nio-8080-exec-1] Completed initialization in 2 ms
2024-06-02 22:56:10,016 INFO o.s.o.j.AbstractEntityManagerFactoryBean [SpringApplicationShutdownHook] Closing JPA EntityManagerFactory for persistence unit 'default'
2024-06-02 22:56:10,021 INFO c.z.h.HikariDataSource [SpringApplicationShutdownHook] HikariPool-1 - Shutdown initiated...
2024-06-02 22:56:10,025 INFO c.z.h.HikariDataSource [SpringApplicationShutdownHook] HikariPool-1 - Shutdown completed.
2024-06-02 22:56:14,338 INFO o.s.b.StartupInfoLogger [main] Starting Xx2Application using Java 17.0.6 with PID 9416 (D:\SYNRGY\Challenge\F-BJV24001115-synergy7-mah-binfood-ch6\target\classes started by mahes in D:\SYNRGY\Challenge\F-BJV24001115-synergy7-mah-binfood-ch6)
2024-06-02 22:56:14,340 INFO o.s.b.SpringApplication [main] No active profile set, falling back to 1 default profile: "default"
2024-06-02 22:56:15,227 INFO o.s.d.r.c.RepositoryConfigurationDelegate [main] Bootstrapping Spring Data JPA repositories in DEFAULT mode.
2024-06-02 22:56:15,320 INFO o.s.d.r.c.RepositoryConfigurationDelegate [main] Finished Spring Data repository scanning in 83 ms. Found 6 JPA repository interfaces.
2024-06-02 22:56:16,114 INFO o.s.b.w.e.t.TomcatWebServer [main] Tomcat initialized with port 8080 (http)
2024-06-02 22:56:16,127 INFO o.a.j.l.DirectJDKLog [main] Initializing ProtocolHandler ["http-nio-8080"]
2024-06-02 22:56:16,130 INFO o.a.j.l.DirectJDKLog [main] Starting service [Tomcat]
2024-06-02 22:56:16,130 INFO o.a.j.l.DirectJDKLog [main] Starting Servlet engine: [Apache Tomcat/10.1.20]
2024-06-02 22:56:16,215 INFO o.a.j.l.DirectJDKLog [main] Initializing Spring embedded WebApplicationContext
2024-06-02 22:56:16,216 INFO o.s.b.w.s.c.ServletWebServerApplicationContext [main] Root WebApplicationContext: initialization completed in 1832 ms
2024-06-02 22:56:16,468 INFO o.h.j.i.u.LogHelper [main] HHH000204: Processing PersistenceUnitInfo [name: default]
2024-06-02 22:56:16,540 INFO o.h.Version [main] HHH000412: Hibernate ORM core version 6.4.4.Final
2024-06-02 22:56:16,696 INFO o.h.c.i.RegionFactoryInitiator [main] HHH000026: Second-level cache disabled
2024-06-02 22:56:17,059 INFO o.s.o.j.p.SpringPersistenceUnitInfo [main] No LoadTimeWeaver setup: ignoring JPA class transformer
2024-06-02 22:56:17,106 INFO c.z.h.HikariDataSource [main] HikariPool-1 - Starting...
2024-06-02 22:56:17,335 INFO c.z.h.p.HikariPool [main] HikariPool-1 - Added connection org.postgresql.jdbc.PgConnection@70cf7d1e
2024-06-02 22:56:17,337 INFO c.z.h.HikariDataSource [main] HikariPool-1 - Start completed.
2024-06-02 22:56:17,383 WARN o.h.e.j.d.i.DialectFactoryImpl [main] HHH90000025: PostgreSQLDialect does not need to be specified explicitly using 'hibernate.dialect' (remove the property setting and it will be selected by default)
2024-06-02 22:56:18,686 INFO o.h.e.t.j.p.i.JtaPlatformInitiator [main] HHH000489: No JTA platform available (set 'hibernate.transaction.jta.platform' to enable JTA platform integration)
2024-06-02 22:56:18,819 INFO o.s.o.j.AbstractEntityManagerFactoryBean [main] Initialized JPA EntityManagerFactory for persistence unit 'default'
2024-06-02 22:56:19,309 INFO o.s.d.j.r.q.QueryEnhancerFactory [main] Hibernate is in classpath; If applicable, HQL parser will be used.
2024-06-02 22:56:19,852 WARN o.s.b.a.o.j.JpaBaseConfiguration$JpaWebConfiguration [main] spring.jpa.open-in-view is enabled by default. Therefore, database queries may be performed during view rendering. Explicitly configure spring.jpa.open-in-view to disable this warning
2024-06-02 22:56:19,887 WARN o.s.b.a.s.s.UserDetailsServiceAutoConfiguration [main] 

Using generated security password: bbfa6492-3f5a-4a64-a720-3fc2b553a212

This generated password is for development use only. Your security configuration must be updated before running your application in production.

2024-06-02 22:56:20,336 INFO o.s.s.w.DefaultSecurityFilterChain [main] Will secure any request with [org.springframework.security.web.session.DisableEncodeUrlFilter@2fb006dc, org.springframework.security.web.context.request.async.WebAsyncManagerIntegrationFilter@1285ec6, org.springframework.security.web.context.SecurityContextHolderFilter@74f1e112, org.springframework.security.web.header.HeaderWriterFilter@618a9cb7, org.springframework.web.filter.CorsFilter@2abe5132, org.springframework.security.web.authentication.logout.LogoutFilter@2251cc2e, org.springframework.security.web.savedrequest.RequestCacheAwareFilter@446dbf7b, org.springframework.security.web.servletapi.SecurityContextHolderAwareRequestFilter@1cb09347, org.springframework.security.web.authentication.AnonymousAuthenticationFilter@12fbc568, org.springframework.security.web.access.ExceptionTranslationFilter@22b112bb, org.springframework.security.web.access.intercept.AuthorizationFilter@7caa5387]
2024-06-02 22:56:20,753 INFO o.a.j.l.DirectJDKLog [main] Starting ProtocolHandler ["http-nio-8080"]
2024-06-02 22:56:20,781 INFO o.s.b.w.e.t.TomcatWebServer [main] Tomcat started on port 8080 (http) with context path ''
2024-06-02 22:56:20,794 INFO o.s.b.StartupInfoLogger [main] Started Xx2Application in 7.002 seconds (process running for 7.569)
2024-06-02 22:56:25,558 INFO o.a.j.l.DirectJDKLog [http-nio-8080-exec-2] Initializing Spring DispatcherServlet 'dispatcherServlet'
2024-06-02 22:56:25,559 INFO o.s.w.s.FrameworkServlet [http-nio-8080-exec-2] Initializing Servlet 'dispatcherServlet'
2024-06-02 22:56:25,560 INFO o.s.w.s.FrameworkServlet [http-nio-8080-exec-2] Completed initialization in 1 ms
2024-06-02 22:56:35,400 WARN o.s.w.s.h.AbstractHandlerExceptionResolver [http-nio-8080-exec-3] Resolved [org.springframework.web.HttpRequestMethodNotSupportedException: Request method 'POST' is not supported]
2024-06-02 22:57:18,751 INFO o.s.o.j.AbstractEntityManagerFactoryBean [SpringApplicationShutdownHook] Closing JPA EntityManagerFactory for persistence unit 'default'
2024-06-02 22:57:18,755 INFO c.z.h.HikariDataSource [SpringApplicationShutdownHook] HikariPool-1 - Shutdown initiated...
2024-06-02 22:57:18,768 INFO c.z.h.HikariDataSource [SpringApplicationShutdownHook] HikariPool-1 - Shutdown completed.
2024-06-02 22:57:22,387 INFO o.s.b.StartupInfoLogger [main] Starting Xx2Application using Java 17.0.6 with PID 16484 (D:\SYNRGY\Challenge\F-BJV24001115-synergy7-mah-binfood-ch6\target\classes started by mahes in D:\SYNRGY\Challenge\F-BJV24001115-synergy7-mah-binfood-ch6)
2024-06-02 22:57:22,389 INFO o.s.b.SpringApplication [main] No active profile set, falling back to 1 default profile: "default"
2024-06-02 22:57:23,271 INFO o.s.d.r.c.RepositoryConfigurationDelegate [main] Bootstrapping Spring Data JPA repositories in DEFAULT mode.
2024-06-02 22:57:23,345 INFO o.s.d.r.c.RepositoryConfigurationDelegate [main] Finished Spring Data repository scanning in 66 ms. Found 6 JPA repository interfaces.
2024-06-02 22:57:23,970 INFO o.s.b.w.e.t.TomcatWebServer [main] Tomcat initialized with port 8080 (http)
2024-06-02 22:57:23,981 INFO o.a.j.l.DirectJDKLog [main] Initializing ProtocolHandler ["http-nio-8080"]
2024-06-02 22:57:23,984 INFO o.a.j.l.DirectJDKLog [main] Starting service [Tomcat]
2024-06-02 22:57:23,984 INFO o.a.j.l.DirectJDKLog [main] Starting Servlet engine: [Apache Tomcat/10.1.20]
2024-06-02 22:57:24,054 INFO o.a.j.l.DirectJDKLog [main] Initializing Spring embedded WebApplicationContext
2024-06-02 22:57:24,055 INFO o.s.b.w.s.c.ServletWebServerApplicationContext [main] Root WebApplicationContext: initialization completed in 1620 ms
2024-06-02 22:57:24,238 INFO o.h.j.i.u.LogHelper [main] HHH000204: Processing PersistenceUnitInfo [name: default]
2024-06-02 22:57:24,299 INFO o.h.Version [main] HHH000412: Hibernate ORM core version 6.4.4.Final
2024-06-02 22:57:24,334 INFO o.h.c.i.RegionFactoryInitiator [main] HHH000026: Second-level cache disabled
2024-06-02 22:57:24,562 INFO o.s.o.j.p.SpringPersistenceUnitInfo [main] No LoadTimeWeaver setup: ignoring JPA class transformer
2024-06-02 22:57:24,587 INFO c.z.h.HikariDataSource [main] HikariPool-1 - Starting...
2024-06-02 22:57:24,760 INFO c.z.h.p.HikariPool [main] HikariPool-1 - Added connection org.postgresql.jdbc.PgConnection@70c56434
2024-06-02 22:57:24,762 INFO c.z.h.HikariDataSource [main] HikariPool-1 - Start completed.
2024-06-02 22:57:24,803 WARN o.h.e.j.d.i.DialectFactoryImpl [main] HHH90000025: PostgreSQLDialect does not need to be specified explicitly using 'hibernate.dialect' (remove the property setting and it will be selected by default)
2024-06-02 22:57:25,713 INFO o.h.e.t.j.p.i.JtaPlatformInitiator [main] HHH000489: No JTA platform available (set 'hibernate.transaction.jta.platform' to enable JTA platform integration)
2024-06-02 22:57:25,807 INFO o.s.o.j.AbstractEntityManagerFactoryBean [main] Initialized JPA EntityManagerFactory for persistence unit 'default'
2024-06-02 22:57:26,209 INFO o.s.d.j.r.q.QueryEnhancerFactory [main] Hibernate is in classpath; If applicable, HQL parser will be used.
2024-06-02 22:57:26,620 WARN o.s.b.a.o.j.JpaBaseConfiguration$JpaWebConfiguration [main] spring.jpa.open-in-view is enabled by default. Therefore, database queries may be performed during view rendering. Explicitly configure spring.jpa.open-in-view to disable this warning
2024-06-02 22:57:26,652 WARN o.s.b.a.s.s.UserDetailsServiceAutoConfiguration [main] 

Using generated security password: 126e857a-0ae0-43ff-a894-2c91845e8c58

This generated password is for development use only. Your security configuration must be updated before running your application in production.

2024-06-02 22:57:26,971 INFO o.s.s.w.DefaultSecurityFilterChain [main] Will secure any request with [org.springframework.security.web.session.DisableEncodeUrlFilter@5632bed3, org.springframework.security.web.context.request.async.WebAsyncManagerIntegrationFilter@20307cb9, org.springframework.security.web.context.SecurityContextHolderFilter@2aef651, org.springframework.security.web.header.HeaderWriterFilter@7edb2a4b, org.springframework.web.filter.CorsFilter@19a2b224, org.springframework.security.web.authentication.logout.LogoutFilter@5fe5f2f0, org.springframework.security.web.savedrequest.RequestCacheAwareFilter@72426ced, org.springframework.security.web.servletapi.SecurityContextHolderAwareRequestFilter@37ddb835, org.springframework.security.web.authentication.AnonymousAuthenticationFilter@2251cc2e, org.springframework.security.web.access.ExceptionTranslationFilter@2d28114b, org.springframework.security.web.access.intercept.AuthorizationFilter@7310bc90]
2024-06-02 22:57:27,253 INFO o.a.j.l.DirectJDKLog [main] Starting ProtocolHandler ["http-nio-8080"]
2024-06-02 22:57:27,271 INFO o.s.b.w.e.t.TomcatWebServer [main] Tomcat started on port 8080 (http) with context path ''
2024-06-02 22:57:27,283 INFO o.s.b.StartupInfoLogger [main] Started Xx2Application in 5.42 seconds (process running for 5.891)
2024-06-02 22:57:30,693 INFO o.a.j.l.DirectJDKLog [http-nio-8080-exec-1] Initializing Spring DispatcherServlet 'dispatcherServlet'
2024-06-02 22:57:30,693 INFO o.s.w.s.FrameworkServlet [http-nio-8080-exec-1] Initializing Servlet 'dispatcherServlet'
2024-06-02 22:57:30,696 INFO o.s.w.s.FrameworkServlet [http-nio-8080-exec-1] Completed initialization in 3 ms
2024-06-02 22:58:36,220 INFO o.s.o.j.AbstractEntityManagerFactoryBean [SpringApplicationShutdownHook] Closing JPA EntityManagerFactory for persistence unit 'default'
2024-06-02 22:58:36,223 INFO c.z.h.HikariDataSource [SpringApplicationShutdownHook] HikariPool-1 - Shutdown initiated...
2024-06-02 22:58:36,229 INFO c.z.h.HikariDataSource [SpringApplicationShutdownHook] HikariPool-1 - Shutdown completed.
2024-06-02 22:58:40,785 INFO o.s.b.StartupInfoLogger [main] Starting Xx2Application using Java 17.0.6 with PID 22792 (D:\SYNRGY\Challenge\F-BJV24001115-synergy7-mah-binfood-ch6\target\classes started by mahes in D:\SYNRGY\Challenge\F-BJV24001115-synergy7-mah-binfood-ch6)
2024-06-02 22:58:40,788 INFO o.s.b.SpringApplication [main] No active profile set, falling back to 1 default profile: "default"
2024-06-02 22:58:41,957 INFO o.s.d.r.c.RepositoryConfigurationDelegate [main] Bootstrapping Spring Data JPA repositories in DEFAULT mode.
2024-06-02 22:58:42,090 INFO o.s.d.r.c.RepositoryConfigurationDelegate [main] Finished Spring Data repository scanning in 125 ms. Found 6 JPA repository interfaces.
2024-06-02 22:58:43,096 INFO o.s.b.w.e.t.TomcatWebServer [main] Tomcat initialized with port 8080 (http)
2024-06-02 22:58:43,107 INFO o.a.j.l.DirectJDKLog [main] Initializing ProtocolHandler ["http-nio-8080"]
2024-06-02 22:58:43,110 INFO o.a.j.l.DirectJDKLog [main] Starting service [Tomcat]
2024-06-02 22:58:43,110 INFO o.a.j.l.DirectJDKLog [main] Starting Servlet engine: [Apache Tomcat/10.1.20]
2024-06-02 22:58:43,188 INFO o.a.j.l.DirectJDKLog [main] Initializing Spring embedded WebApplicationContext
2024-06-02 22:58:43,189 INFO o.s.b.w.s.c.ServletWebServerApplicationContext [main] Root WebApplicationContext: initialization completed in 2358 ms
2024-06-02 22:58:43,390 INFO o.h.j.i.u.LogHelper [main] HHH000204: Processing PersistenceUnitInfo [name: default]
2024-06-02 22:58:43,446 INFO o.h.Version [main] HHH000412: Hibernate ORM core version 6.4.4.Final
2024-06-02 22:58:43,483 INFO o.h.c.i.RegionFactoryInitiator [main] HHH000026: Second-level cache disabled
2024-06-02 22:58:43,741 INFO o.s.o.j.p.SpringPersistenceUnitInfo [main] No LoadTimeWeaver setup: ignoring JPA class transformer
2024-06-02 22:58:43,774 INFO c.z.h.HikariDataSource [main] HikariPool-1 - Starting...
2024-06-02 22:58:44,001 INFO c.z.h.p.HikariPool [main] HikariPool-1 - Added connection org.postgresql.jdbc.PgConnection@70cf7d1e
2024-06-02 22:58:44,003 INFO c.z.h.HikariDataSource [main] HikariPool-1 - Start completed.
2024-06-02 22:58:44,056 WARN o.h.e.j.d.i.DialectFactoryImpl [main] HHH90000025: PostgreSQLDialect does not need to be specified explicitly using 'hibernate.dialect' (remove the property setting and it will be selected by default)
2024-06-02 22:58:45,193 INFO o.h.e.t.j.p.i.JtaPlatformInitiator [main] HHH000489: No JTA platform available (set 'hibernate.transaction.jta.platform' to enable JTA platform integration)
2024-06-02 22:58:45,306 INFO o.s.o.j.AbstractEntityManagerFactoryBean [main] Initialized JPA EntityManagerFactory for persistence unit 'default'
2024-06-02 22:58:45,680 INFO o.s.d.j.r.q.QueryEnhancerFactory [main] Hibernate is in classpath; If applicable, HQL parser will be used.
2024-06-02 22:58:46,153 WARN o.s.b.a.o.j.JpaBaseConfiguration$JpaWebConfiguration [main] spring.jpa.open-in-view is enabled by default. Therefore, database queries may be performed during view rendering. Explicitly configure spring.jpa.open-in-view to disable this warning
2024-06-02 22:58:46,195 WARN o.s.b.a.s.s.UserDetailsServiceAutoConfiguration [main] 

Using generated security password: c3093652-39b4-411c-ae97-36a947a6db94

This generated password is for development use only. Your security configuration must be updated before running your application in production.

2024-06-02 22:58:46,543 INFO o.s.s.w.DefaultSecurityFilterChain [main] Will secure any request with [org.springframework.security.web.session.DisableEncodeUrlFilter@2fb006dc, org.springframework.security.web.context.request.async.WebAsyncManagerIntegrationFilter@1285ec6, org.springframework.security.web.context.SecurityContextHolderFilter@74f1e112, org.springframework.security.web.header.HeaderWriterFilter@618a9cb7, org.springframework.web.filter.CorsFilter@2abe5132, org.springframework.security.web.authentication.logout.LogoutFilter@2251cc2e, org.springframework.security.web.savedrequest.RequestCacheAwareFilter@446dbf7b, org.springframework.security.web.servletapi.SecurityContextHolderAwareRequestFilter@1cb09347, org.springframework.security.web.authentication.AnonymousAuthenticationFilter@12fbc568, org.springframework.security.web.access.ExceptionTranslationFilter@22b112bb, org.springframework.security.web.access.intercept.AuthorizationFilter@7caa5387]
2024-06-02 22:58:47,093 INFO o.a.j.l.DirectJDKLog [main] Starting ProtocolHandler ["http-nio-8080"]
2024-06-02 22:58:47,119 INFO o.s.b.w.e.t.TomcatWebServer [main] Tomcat started on port 8080 (http) with context path ''
2024-06-02 22:58:47,134 INFO o.s.b.StartupInfoLogger [main] Started Xx2Application in 6.867 seconds (process running for 7.31)
2024-06-02 22:58:50,056 INFO o.a.j.l.DirectJDKLog [http-nio-8080-exec-1] Initializing Spring DispatcherServlet 'dispatcherServlet'
2024-06-02 22:58:50,056 INFO o.s.w.s.FrameworkServlet [http-nio-8080-exec-1] Initializing Servlet 'dispatcherServlet'
2024-06-02 22:58:50,057 INFO o.s.w.s.FrameworkServlet [http-nio-8080-exec-1] Completed initialization in 1 ms
2024-06-02 22:59:56,605 INFO o.s.o.j.AbstractEntityManagerFactoryBean [SpringApplicationShutdownHook] Closing JPA EntityManagerFactory for persistence unit 'default'
2024-06-02 22:59:56,609 INFO c.z.h.HikariDataSource [SpringApplicationShutdownHook] HikariPool-1 - Shutdown initiated...
2024-06-02 22:59:56,615 INFO c.z.h.HikariDataSource [SpringApplicationShutdownHook] HikariPool-1 - Shutdown completed.
2024-06-02 23:00:00,468 INFO o.s.b.StartupInfoLogger [main] Starting Xx2Application using Java 17.0.6 with PID 24540 (D:\SYNRGY\Challenge\F-BJV24001115-synergy7-mah-binfood-ch6\target\classes started by mahes in D:\SYNRGY\Challenge\F-BJV24001115-synergy7-mah-binfood-ch6)
2024-06-02 23:00:00,472 INFO o.s.b.SpringApplication [main] No active profile set, falling back to 1 default profile: "default"
2024-06-02 23:00:01,914 INFO o.s.d.r.c.RepositoryConfigurationDelegate [main] Bootstrapping Spring Data JPA repositories in DEFAULT mode.
2024-06-02 23:00:02,054 INFO o.s.d.r.c.RepositoryConfigurationDelegate [main] Finished Spring Data repository scanning in 127 ms. Found 6 JPA repository interfaces.
2024-06-02 23:00:03,152 INFO o.s.b.w.e.t.TomcatWebServer [main] Tomcat initialized with port 8080 (http)
2024-06-02 23:00:03,168 INFO o.a.j.l.DirectJDKLog [main] Initializing ProtocolHandler ["http-nio-8080"]
2024-06-02 23:00:03,172 INFO o.a.j.l.DirectJDKLog [main] Starting service [Tomcat]
2024-06-02 23:00:03,172 INFO o.a.j.l.DirectJDKLog [main] Starting Servlet engine: [Apache Tomcat/10.1.20]
2024-06-02 23:00:03,306 INFO o.a.j.l.DirectJDKLog [main] Initializing Spring embedded WebApplicationContext
2024-06-02 23:00:03,308 INFO o.s.b.w.s.c.ServletWebServerApplicationContext [main] Root WebApplicationContext: initialization completed in 2771 ms
2024-06-02 23:00:03,617 INFO o.h.j.i.u.LogHelper [main] HHH000204: Processing PersistenceUnitInfo [name: default]
2024-06-02 23:00:03,751 INFO o.h.Version [main] HHH000412: Hibernate ORM core version 6.4.4.Final
2024-06-02 23:00:03,812 INFO o.h.c.i.RegionFactoryInitiator [main] HHH000026: Second-level cache disabled
2024-06-02 23:00:04,289 INFO o.s.o.j.p.SpringPersistenceUnitInfo [main] No LoadTimeWeaver setup: ignoring JPA class transformer
2024-06-02 23:00:04,346 INFO c.z.h.HikariDataSource [main] HikariPool-1 - Starting...
2024-06-02 23:00:04,668 INFO c.z.h.p.HikariPool [main] HikariPool-1 - Added connection org.postgresql.jdbc.PgConnection@2807cf3
2024-06-02 23:00:04,670 INFO c.z.h.HikariDataSource [main] HikariPool-1 - Start completed.
2024-06-02 23:00:04,748 WARN o.h.e.j.d.i.DialectFactoryImpl [main] HHH90000025: PostgreSQLDialect does not need to be specified explicitly using 'hibernate.dialect' (remove the property setting and it will be selected by default)
2024-06-02 23:00:06,322 INFO o.h.e.t.j.p.i.JtaPlatformInitiator [main] HHH000489: No JTA platform available (set 'hibernate.transaction.jta.platform' to enable JTA platform integration)
2024-06-02 23:00:06,475 INFO o.s.o.j.AbstractEntityManagerFactoryBean [main] Initialized JPA EntityManagerFactory for persistence unit 'default'
2024-06-02 23:00:06,931 INFO o.s.d.j.r.q.QueryEnhancerFactory [main] Hibernate is in classpath; If applicable, HQL parser will be used.
2024-06-02 23:00:07,628 WARN o.s.b.a.o.j.JpaBaseConfiguration$JpaWebConfiguration [main] spring.jpa.open-in-view is enabled by default. Therefore, database queries may be performed during view rendering. Explicitly configure spring.jpa.open-in-view to disable this warning
2024-06-02 23:00:07,674 WARN o.s.b.a.s.s.UserDetailsServiceAutoConfiguration [main] 

Using generated security password: 210069d3-7287-45aa-b2b2-8e0272093531

This generated password is for development use only. Your security configuration must be updated before running your application in production.

2024-06-02 23:00:08,066 INFO o.s.s.w.DefaultSecurityFilterChain [main] Will secure any request with [org.springframework.security.web.session.DisableEncodeUrlFilter@62036b05, org.springframework.security.web.context.request.async.WebAsyncManagerIntegrationFilter@32514766, org.springframework.security.web.context.SecurityContextHolderFilter@5c7a699b, org.springframework.security.web.header.HeaderWriterFilter@42b4cce1, org.springframework.web.filter.CorsFilter@720cbb7d, org.springframework.security.web.authentication.logout.LogoutFilter@6c07666f, org.springframework.security.web.savedrequest.RequestCacheAwareFilter@1dd36967, org.springframework.security.web.servletapi.SecurityContextHolderAwareRequestFilter@7821d009, org.springframework.security.web.authentication.AnonymousAuthenticationFilter@43d00636, org.springframework.security.web.access.ExceptionTranslationFilter@72426ced, org.springframework.security.web.access.intercept.AuthorizationFilter@61563a91]
2024-06-02 23:00:08,410 INFO o.a.j.l.DirectJDKLog [main] Starting ProtocolHandler ["http-nio-8080"]
2024-06-02 23:00:08,441 INFO o.s.b.w.e.t.TomcatWebServer [main] Tomcat started on port 8080 (http) with context path ''
2024-06-02 23:00:08,456 INFO o.s.b.StartupInfoLogger [main] Started Xx2Application in 8.543 seconds (process running for 9.008)
2024-06-02 23:00:16,960 INFO o.a.j.l.DirectJDKLog [http-nio-8080-exec-2] Initializing Spring DispatcherServlet 'dispatcherServlet'
2024-06-02 23:00:16,961 INFO o.s.w.s.FrameworkServlet [http-nio-8080-exec-2] Initializing Servlet 'dispatcherServlet'
2024-06-02 23:00:16,962 INFO o.s.w.s.FrameworkServlet [http-nio-8080-exec-2] Completed initialization in 1 ms
2024-06-02 23:00:46,973 INFO o.s.o.j.AbstractEntityManagerFactoryBean [SpringApplicationShutdownHook] Closing JPA EntityManagerFactory for persistence unit 'default'
2024-06-02 23:00:46,978 INFO c.z.h.HikariDataSource [SpringApplicationShutdownHook] HikariPool-1 - Shutdown initiated...
2024-06-02 23:00:46,989 INFO c.z.h.HikariDataSource [SpringApplicationShutdownHook] HikariPool-1 - Shutdown completed.
2024-06-02 23:00:53,703 INFO o.s.b.StartupInfoLogger [main] Starting Xx2Application using Java 17.0.6 with PID 4996 (D:\SYNRGY\Challenge\F-BJV24001115-synergy7-mah-binfood-ch6\target\classes started by mahes in D:\SYNRGY\Challenge\F-BJV24001115-synergy7-mah-binfood-ch6)
2024-06-02 23:00:53,728 INFO o.s.b.SpringApplication [main] No active profile set, falling back to 1 default profile: "default"
2024-06-02 23:00:56,825 INFO o.s.d.r.c.RepositoryConfigurationDelegate [main] Bootstrapping Spring Data JPA repositories in DEFAULT mode.
2024-06-02 23:00:57,084 INFO o.s.d.r.c.RepositoryConfigurationDelegate [main] Finished Spring Data repository scanning in 238 ms. Found 6 JPA repository interfaces.
2024-06-02 23:00:59,237 INFO o.s.b.w.e.t.TomcatWebServer [main] Tomcat initialized with port 8080 (http)
2024-06-02 23:00:59,266 INFO o.a.j.l.DirectJDKLog [main] Initializing ProtocolHandler ["http-nio-8080"]
2024-06-02 23:00:59,274 INFO o.a.j.l.DirectJDKLog [main] Starting service [Tomcat]
2024-06-02 23:00:59,275 INFO o.a.j.l.DirectJDKLog [main] Starting Servlet engine: [Apache Tomcat/10.1.20]
2024-06-02 23:00:59,472 INFO o.a.j.l.DirectJDKLog [main] Initializing Spring embedded WebApplicationContext
2024-06-02 23:00:59,478 INFO o.s.b.w.s.c.ServletWebServerApplicationContext [main] Root WebApplicationContext: initialization completed in 5563 ms
2024-06-02 23:00:59,968 INFO o.h.j.i.u.LogHelper [main] HHH000204: Processing PersistenceUnitInfo [name: default]
2024-06-02 23:01:00,136 INFO o.h.Version [main] HHH000412: Hibernate ORM core version 6.4.4.Final
2024-06-02 23:01:00,230 INFO o.h.c.i.RegionFactoryInitiator [main] HHH000026: Second-level cache disabled
2024-06-02 23:01:00,826 INFO o.s.o.j.p.SpringPersistenceUnitInfo [main] No LoadTimeWeaver setup: ignoring JPA class transformer
2024-06-02 23:01:00,914 INFO c.z.h.HikariDataSource [main] HikariPool-1 - Starting...
2024-06-02 23:01:01,363 INFO c.z.h.p.HikariPool [main] HikariPool-1 - Added connection org.postgresql.jdbc.PgConnection@3d8d52be
2024-06-02 23:01:01,366 INFO c.z.h.HikariDataSource [main] HikariPool-1 - Start completed.
2024-06-02 23:01:01,458 WARN o.h.e.j.d.i.DialectFactoryImpl [main] HHH90000025: PostgreSQLDialect does not need to be specified explicitly using 'hibernate.dialect' (remove the property setting and it will be selected by default)
2024-06-02 23:01:03,924 INFO o.h.e.t.j.p.i.JtaPlatformInitiator [main] HHH000489: No JTA platform available (set 'hibernate.transaction.jta.platform' to enable JTA platform integration)
2024-06-02 23:01:04,137 INFO o.s.o.j.AbstractEntityManagerFactoryBean [main] Initialized JPA EntityManagerFactory for persistence unit 'default'
2024-06-02 23:01:04,892 INFO o.s.d.j.r.q.QueryEnhancerFactory [main] Hibernate is in classpath; If applicable, HQL parser will be used.
2024-06-02 23:01:05,857 WARN o.s.b.a.o.j.JpaBaseConfiguration$JpaWebConfiguration [main] spring.jpa.open-in-view is enabled by default. Therefore, database queries may be performed during view rendering. Explicitly configure spring.jpa.open-in-view to disable this warning
2024-06-02 23:01:05,920 WARN o.s.b.a.s.s.UserDetailsServiceAutoConfiguration [main] 

Using generated security password: 2a92ccc5-9d1e-4712-b241-46ac281c2281

This generated password is for development use only. Your security configuration must be updated before running your application in production.

2024-06-02 23:01:06,584 INFO o.s.s.w.DefaultSecurityFilterChain [main] Will secure any request with [org.springframework.security.web.session.DisableEncodeUrlFilter@3a72160a, org.springframework.security.web.context.request.async.WebAsyncManagerIntegrationFilter@2a01c55, org.springframework.security.web.context.SecurityContextHolderFilter@77984827, org.springframework.security.web.header.HeaderWriterFilter@38cd7531, org.springframework.web.filter.CorsFilter@1560982f, org.springframework.security.web.authentication.logout.LogoutFilter@3f9e38d4, org.springframework.security.web.savedrequest.RequestCacheAwareFilter@22b112bb, org.springframework.security.web.servletapi.SecurityContextHolderAwareRequestFilter@54e63f7c, org.springframework.security.web.authentication.AnonymousAuthenticationFilter@5642cd03, org.springframework.security.web.access.ExceptionTranslationFilter@63c6579, org.springframework.security.web.access.intercept.AuthorizationFilter@32514766]
2024-06-02 23:01:07,222 INFO o.a.j.l.DirectJDKLog [main] Starting ProtocolHandler ["http-nio-8080"]
2024-06-02 23:01:07,287 INFO o.s.b.w.e.t.TomcatWebServer [main] Tomcat started on port 8080 (http) with context path ''
2024-06-02 23:01:07,310 INFO o.s.b.StartupInfoLogger [main] Started Xx2Application in 15.36 seconds (process running for 16.77)
